2017-11-23 19:28:13,677 INFO  [i.deployment.InternalGameLauncher] [] [] [] : Parsed 362 internal flags at startup
2017-11-23 19:28:14,174 INFO  [i.deployment.InternalGameLauncher] [] [] [] : SpatialOS runtime version: 11-20171114T103507Z-cc9d195
2017-11-23 19:28:14,825 INFO  [i.c.c.f.FlagzFieldRegistryUpdater] [] [] [] : Initialized Fabric flagz registry with 11 set fields.
2017-11-23 19:28:16,181 INFO  [i.core.discovery.server.LocalServer] [] [] [] : Registered Service(improbable.fabric.internal.service.StatusDiscoveryInternalService) on 127.0.0.1:5301.
2017-11-23 19:28:16,189 INFO  [i.c.discovery.ServiceDiscoveryImpl] [] [] [] : Status discovery address: host: "127.0.0.1"
port: 5301

2017-11-23 19:28:16,249 INFO  [improbable.module.ModuleNode] [] [] [] : Starting Fabric node as master (IP: 127.0.0.1).
2017-11-23 19:28:16,258 INFO  [i.c.d.client.CheckpointDiscoveryImpl] [] [] [] : Reached a checkpoint: ALL_NODES_STARTED
2017-11-23 19:28:16,260 INFO  [improbable.module.ModuleNode] [] [] [] : Node master has started, waiting for other nodes to reach the same checkpoint.
2017-11-23 19:28:16,261 INFO  [improbable.module.ModuleNode] [] [] [] : All nodes have been started.
2017-11-23 19:28:16,303 INFO  [i.core.discovery.server.PublicServer] [] [] [] : Registered Service(improbable.platform.runtime.ModuleService) on 127.0.0.1:9000.
2017-11-23 19:28:16,347 INFO  [i.core.discovery.server.PublicServer] [] [] [] : Registered Service(improbable.platform.runtime.HealthCheckService) on 127.0.0.1:9001.
2017-11-23 19:28:16,396 INFO  [i.core.discovery.server.LocalServer] [] [] [] : Registered Service(improbable.fabric.internal.service.PerfInternalService) on 127.0.0.1:9002.
2017-11-23 19:28:16,433 INFO  [i.core.discovery.server.LocalServer] [] [] [] : Registered Service(improbable.fabric.internal.service.ContentionInternalService) on 127.0.0.1:9003.
2017-11-23 19:28:16,495 INFO  [i.core.discovery.server.PublicServer] [] [] [] : Registered Service(improbable.platform.runtime.FeatureService) on 127.0.0.1:9004.
2017-11-23 19:28:16,566 INFO  [i.c.config.flagz.WorkerFlagzUpdater] [] [] [] : Initialized worker flagz registry with 0 set fields.
2017-11-23 19:28:16,574 INFO  [improbable.module.ModuleNode] [] [] [] : Using master node configuration loader.
2017-11-23 19:28:16,614 INFO  [i.core.discovery.server.LocalServer] [] [] [] : Registered Service(improbable.fabric.internal.service.NodeConfigurationInternalService) on 127.0.0.1:9005.
2017-11-23 19:28:16,695 INFO  [i.c.c.n.MasterNodeConfigurationLoader] [] [] [] : Using roles [MASTER, GSIM, BRIDGE, WORKER_RUNNER, INSPECTION] for node node_id {
  deployment_id {
    project_id {
      name: "your_project_name_here"
    }
    name: "local"
  }
  name: "master"
}
private_ip: "127.0.0.1"
roles: MASTER
roles: GSIM
roles: BRIDGE
roles: WORKER_RUNNER
roles: INSPECTION

2017-11-23 19:28:16,756 INFO  [improbable.core.config.node.GsimGrid] [] [] [] : Created gsim grid configuration of size (1500, 1500) with 1 columns and 1 rows, using gsims of (30, 30) chunks.
2017-11-23 19:28:16,800 INFO  [i.c.c.n.MasterNodeConfigurationLoader] [] [] [] : Original deployment module configuration (before parsing): {deployment_id {
  project_id {
    name: "your_project_name_here"
  }
  name: "local"
}
name: "master"
=[ProfilingModule, BridgeModuleOracleModule, BridgeOracleModule, PersistenceModule, ReceptionistModule, RouterModule, GSimModule, BridgeModule, EngineStartupModule, InspectionRestModule]}
2017-11-23 19:28:16,852 INFO  [i.c.c.n.MasterNodeConfigurationLoader] [] [] [] : Master successfully loaded configurations for 1 node(s).
2017-11-23 19:28:16,866 INFO  [improbable.module.ModuleNode] [] [] [] : Loaded node configuration: node_id {
  deployment_id {
    project_id {
      name: "your_project_name_here"
    }
    name: "local"
  }
  name: "master"
}
gsim_configurations {
  extent {
    bottom_left {
      x_in_chunks: -15
      z_in_chunks: -15
    }
    top_right {
      x_in_chunks: 15
      z_in_chunks: 15
    }
  }
}
start_router: true
start_bridge_oracle: true
start_bridge_module_oracle: true
start_engine_startup_module: true
start_receptionist_service: true
start_inspection_rest_module: true
start_snapshot_service: true
start_profiling_module: true
bridge_modules: "BridgeModule"
gsim_modules: "GSimModule"

2017-11-23 19:28:16,866 INFO  [improbable.module.ModuleNode] [] [] [] : Using master world extents provider.
2017-11-23 19:28:16,905 INFO  [i.core.discovery.server.LocalServer] [] [] [] : Registered Service(improbable.fabric.internal.service.WorldExtentsInternalService) on 127.0.0.1:9006.
2017-11-23 19:28:16,907 INFO  [i.c.world.MasterWorldExtentsProvider] [] [] [] : Successfully initialized world extents with 1 rectangle(s).
2017-11-23 19:28:16,919 INFO  [improbable.module.ModuleNode] [] [] [] : Loaded world extents: WorldExtents{proto=rectangles {
  bottom_left {
    x: -750.0
    z: -750.0
  }
  top_right {
    x: 750.0
    z: 750.0
  }
  is_fully_simulated: true
  responsible_gsim_id {
  }
}
bounding_rectangle {
  bottom_left {
    x: -750.0
    z: -750.0
  }
  top_right {
    x: 750.0
    z: 750.0
  }
  is_fully_simulated: true
}
}
2017-11-23 19:28:17,090 INFO  [i.c.d.g.GlobalCheckpointDiscoveryImpl] [] [] [] : Global checkpoint discovery refreshed checkpoints.
2017-11-23 19:28:17,091 INFO  [i.c.d.g.GlobalServiceDiscoveryImpl] [] [] [] : Global service discovery refreshed 8 server(s) (previously: 0)
2017-11-23 19:28:17,277 INFO  [i.e.schema.ParsedFileDescriptorSet] [] [] [] : Parsed file descriptors of 14 proto files.
2017-11-23 19:28:17,370 INFO  [i.entity.schema.SchemaFactory] [] [] [] : Found components: [improbable.core.ClientAuthorityCheck, improbable.core.PlayerCreation, improbable.EntityAcl, improbable.Metadata, improbable.Position, improbable.Persistence, improbable.player.Health, improbable.core.Rotation, improbable.player.PlayerInput, improbable.player.PlayerRotation, improbable.player.Score, improbable.player.ClientConnection]
2017-11-23 19:28:17,398 INFO  [i.entity.schema.SchemaFactory] [] [] [] : Found components: [improbable.player.Health, improbable.player.ClientConnection, improbable.EntityAcl, improbable.Metadata, improbable.Position, improbable.Persistence, improbable.core.ClientAuthorityCheck, improbable.player.PlayerInput, improbable.player.Score, improbable.internal.EntityAuthority, improbable.player.PlayerRotation, improbable.core.PlayerCreation, improbable.core.Rotation]
2017-11-23 19:28:17,399 INFO  [improbable.module.ModuleNode] [] [] [] : Successfully loaded schema for entities
2017-11-23 19:28:17,403 INFO  [improbable.module.ModuleNode] [] [] [] : Validating snapshot at startup and determining max entity id
2017-11-23 19:28:17,418 INFO  [i.p.s.storage.LegacySnapshotStorage] [] [] [] : Requesting download URL for Snapshot(local@latest) matching []
2017-11-23 19:28:17,460 INFO  [i.p.s.storage.LegacySnapshotStorage] [] [] [] : Downloading snapshot from http://127.0.0.1:21000/snapshots/20171123192800436
2017-11-23 19:28:17,611 INFO  [improbable.module.ModuleNode] [] [] [] : Determined the first entity id for the id assigner as 2
2017-11-23 19:28:17,628 INFO  [i.core.discovery.server.LocalServer] [] [] [] : Registered Service(improbable.fabric.internal.service.EntityIdInternalService) on 127.0.0.1:9007.
2017-11-23 19:28:17,695 INFO  [i.core.discovery.server.LocalServer] [] [] [] : Registered Service(improbable.fabric.internal.service.WorkerPrestartRegistryInternalService) on 127.0.0.1:9008.
2017-11-23 19:28:17,719 INFO  [i.core.discovery.server.LocalServer] [] [] [] : Registered Service(improbable.fabric.internal.service.RouterLookupInternalService) on 127.0.0.1:9009.
2017-11-23 19:28:17,722 INFO  [i.module.router.ActorSystemFactory$] [] [] [] : Attempting to create ActorSystem akkaFabric with configRecord akkaFabric
2017-11-23 19:28:18,095 INFO  [i.c.d.g.GlobalServiceDiscoveryImpl] [] [] [] : Global service discovery refreshed 11 server(s) (previously: 8)
2017-11-23 19:28:18,699 INFO  [akka.event.slf4j.Slf4jLogger] [] [] [] : Slf4jLogger started
2017-11-23 19:28:22,749 INFO  [i.l.params.LoadbalancerParamsFactory] [] [] [] : Parsed 1 worker loadbalancing configuration(s)
2017-11-23 19:28:22,760 INFO  [i.l.params.LoadbalancerParamsFactory] [] [] [] : Successfully loaded loadbalancing configurations: {UnityWorker=improbable.loadbalancing.params.AutoHexGridLoadbalancerParams@66a3ca04}
2017-11-23 19:28:23,005 INFO  [i.w.a.WorkerAssemblyProviderFactory] [] [] [] : Loaded worker assemblies for these workers types: UnityClient, UnityWorker.
2017-11-23 19:28:23,009 INFO  [improbable.module.ModuleNode] [] [] [] : Loaded worker assemblies: [worker_assembly_id {
  assembly_id {
    project_id {
      name: "your_project_name_here"
    }
    name: "local_assembly"
  }
  name {
    name: "UnityClient"
  }
}
bridge_configuration {
  worker_attribute_set {
    attribute {
      name: "visual"
    }
  }
  entity_interest {
    range_entity_interest {
      radius: 200.0
    }
  }
  component_delivery {
    checkout_all_initially: true
  }
}
, worker_assembly_id {
  assembly_id {
    project_id {
      name: "your_project_name_here"
    }
    name: "local_assembly"
  }
  name {
    name: "UnityWorker"
  }
}
worker_launch_configuration {
  platform: WINDOWS
  worker_zip {
    command: "UnityWorker@Windows.exe"
    argument: "+projectName"
    argument: "${IMPROBABLE_PROJECT_NAME}"
    argument: "+receptionistIp"
    argument: "${IMPROBABLE_RECEPTIONIST_HOST}"
    argument: "+receptionistPort"
    argument: "${IMPROBABLE_RECEPTIONIST_PORT}"
    argument: "+workerType"
    argument: "${IMPROBABLE_WORKER_NAME}"
    argument: "+workerId"
    argument: "${IMPROBABLE_WORKER_ID}"
    argument: "+useInternalIpForBridge"
    argument: "true"
    argument: "+infraServicesUrl"
    argument: "${IMPROBABLE_API_URL}"
    argument: "+assemblyName"
    argument: "${IMPROBABLE_ASSEMBLY_NAME}"
    argument: "+linkProtocol"
    argument: "RakNet"
    argument: "-logfile"
    argument: "${IMPROBABLE_LOG_FILE}"
    argument: "-batchmode"
    argument: "-nographics"
    worker_location {
      filename: "UnityWorker@Windows.zip"
    }
  }
}
worker_launch_configuration {
  platform: MACOS
  worker_zip {
    command: "UnityWorker@Mac.app/Contents/MacOS/UnityWorker@Mac"
    argument: "+projectName"
    argument: "${IMPROBABLE_PROJECT_NAME}"
    argument: "+receptionistIp"
    argument: "${IMPROBABLE_RECEPTIONIST_HOST}"
    argument: "+receptionistPort"
    argument: "${IMPROBABLE_RECEPTIONIST_PORT}"
    argument: "+workerType"
    argument: "${IMPROBABLE_WORKER_NAME}"
    argument: "+workerId"
    argument: "${IMPROBABLE_WORKER_ID}"
    argument: "+useInternalIpForBridge"
    argument: "true"
    argument: "+infraServicesUrl"
    argument: "${IMPROBABLE_API_URL}"
    argument: "+assemblyName"
    argument: "${IMPROBABLE_ASSEMBLY_NAME}"
    argument: "+linkProtocol"
    argument: "RakNet"
    argument: "-logfile"
    argument: "${IMPROBABLE_LOG_FILE}"
    argument: "-batchmode"
    argument: "-nographics"
    worker_location {
      filename: "UnityWorker@Mac.zip"
    }
  }
}
worker_launch_configuration {
  platform: LINUX
  worker_zip {
    command: "UnityWorker@Linux"
    argument: "+projectName"
    argument: "${IMPROBABLE_PROJECT_NAME}"
    argument: "+receptionistIp"
    argument: "${IMPROBABLE_RECEPTIONIST_HOST}"
    argument: "+receptionistPort"
    argument: "${IMPROBABLE_RECEPTIONIST_PORT}"
    argument: "+workerType"
    argument: "${IMPROBABLE_WORKER_NAME}"
    argument: "+workerId"
    argument: "${IMPROBABLE_WORKER_ID}"
    argument: "+useInternalIpForBridge"
    argument: "true"
    argument: "+infraServicesUrl"
    argument: "${IMPROBABLE_API_URL}"
    argument: "+assemblyName"
    argument: "${IMPROBABLE_ASSEMBLY_NAME}"
    argument: "+linkProtocol"
    argument: "RakNet"
    argument: "-logfile"
    argument: "${IMPROBABLE_LOG_FILE}"
    argument: "-batchmode"
    argument: "-nographics"
    worker_location {
      filename: "UnityWorker@Linux.zip"
    }
  }
}
bridge_configuration {
  worker_attribute_set {
    attribute {
      name: "physics"
    }
  }
  entity_interest {
    range_entity_interest {
      radius: 200.0
    }
  }
  component_delivery {
    checkout_all_initially: true
  }
}
]
2017-11-23 19:28:23,033 INFO  [i.w.assembly.WorkerAssemblyProvider] [] [] [] : Worker configuration for 'UnityClient' does not contain a launch configuration for the current platform 'WINDOWS', so Fabric will not start any managed workers of this type
2017-11-23 19:28:23,035 INFO  [i.w.assembly.WorkerAssemblyProvider] [] [] [] : The following worker configurations do not contain valid managed launch configurations for the current platform WINDOWS, and the runtime will be unable to launch managed workers of this type: [UnityClient]. This is expected for worker types you intend to only connect manually.
2017-11-23 19:28:23,052 INFO  [i.w.permissions.PermissionsFactory] [] [] [] : Created permissions manager with permissions: {UnityWorker=Permissions{{/sys/CreateEntity=, /sys/DeleteEntity=, /sys/EntityQuery={"component":["*"]}}}, UnityClient=Permissions{{/sys/EntityQuery={"component":[]}}}}
2017-11-23 19:28:28,246 INFO  [improbable.module.ModuleNode] [] [] [] : Starting router on master
2017-11-23 19:28:28,260 INFO  [i.core.discovery.server.LocalServer] [] [] [] : Registered Service(improbable.fabric.internal.service.RouterInternalService) on 127.0.0.1:9010.
2017-11-23 19:28:28,261 INFO  [i.c.m.r.RouterInternalServiceImpl] [] [] [] : Attempting to register RouterInternalServiceImpl with RouterLookupInternalService.
2017-11-23 19:28:28,282 INFO  [i.c.m.r.l.RouterLookupInternalServiceImpl] [] [] [] : 1/1 router modules started
2017-11-23 19:28:28,285 INFO  [i.c.m.r.RouterInternalServiceImpl] [] [] [] : Registered RouterInternalServiceImpl with RouterLookupInternalService.
2017-11-23 19:28:28,288 INFO  [improbable.module.ModuleNode] [] [] [] : Attempting to get addresses of all RouterModules from master node
2017-11-23 19:28:28,311 INFO  [improbable.module.ModuleNode] [] [] [] : Got all RouterModules from master node
2017-11-23 19:28:28,359 INFO  [i.core.discovery.server.LocalServer] [] [] [] : Registered Service(improbable.fabric.internal.service.RemoteMessageInternalService) on 127.0.0.1:9011.
2017-11-23 19:28:28,396 INFO  [i.core.discovery.server.LocalServer] [] [] [] : Registered Service(improbable.fabric.internal.service.LocalBrokerInternalService) on 127.0.0.1:9013.
2017-11-23 19:28:28,407 INFO  [improbable.module.ModuleNode] [] [] [] : Waiting for all router modules in the deployment to have started
2017-11-23 19:28:28,415 INFO  [improbable.module.ModuleNode] [] [] [] : All router modules in the deployment started
2017-11-23 19:28:28,588 INFO  [org.eclipse.jetty.server.Server] [] [] [] : jetty-8.y.z-SNAPSHOT
2017-11-23 19:28:28,656 INFO  [o.e.jetty.server.AbstractConnector] [] [] [] : Started SelectChannelConnector@0.0.0.0:5006
2017-11-23 19:28:28,657 INFO  [improbable.http.ServletContainer$] [] [] [] : Servlet container started
2017-11-23 19:28:28,661 INFO  [improbable.module.ModuleNode] [] [] [] : Starting BridgeOracle on master
2017-11-23 19:28:28,685 INFO  [improbable.module.ModuleNode] [] [] [] : Waiting for the BridgeOracle to have started
2017-11-23 19:28:29,017 INFO  [i.c.d.g.GlobalServiceDiscoveryImpl] [] [] [] : Global service discovery refreshed 14 server(s) (previously: 11)
2017-11-23 19:28:29,158 INFO  [i.core.discovery.server.LocalServer] [] [] [] : Registered Service(improbable.fabric.internal.service.BridgeOracleInternalService) on 127.0.0.1:9014.
2017-11-23 19:28:30,017 INFO  [improbable.module.ModuleNode] [] [] [] : Received BridgeOracle started
2017-11-23 19:28:30,017 INFO  [i.c.d.g.GlobalServiceDiscoveryImpl] [] [] [] : Global service discovery refreshed 15 server(s) (previously: 14)
2017-11-23 19:28:30,036 INFO  [i.core.discovery.server.LocalServer] [] [] [] : Registered Service(improbable.fabric.internal.service.GlobalBrokerInternalService) on 127.0.0.1:9015.
2017-11-23 19:28:30,039 INFO  [improbable.module.ModuleNode] [] [] [] : Waiting for the BridgeModuleOracle to have started
2017-11-23 19:28:30,046 INFO  [i.c.a.e.ExtensibleActorReporter] [] [] [] : Started BridgeModuleOracleActor(Actor[akka://akkaFabric/user/BridgeModuleOracleModule#1827106554]).
2017-11-23 19:28:30,080 INFO  [i.core.discovery.server.LocalServer] [] [] [] : Registered Service(improbable.fabric.internal.service.BridgeServiceOracleInternalService) on 127.0.0.1:9016.
2017-11-23 19:28:31,015 INFO  [i.c.d.g.GlobalServiceDiscoveryImpl] [] [] [] : Global service discovery refreshed 17 server(s) (previously: 15)
2017-11-23 19:28:31,015 INFO  [improbable.module.ModuleNode] [] [] [] : Received BridgeModuleOracle started
2017-11-23 19:28:31,024 INFO  [improbable.module.ModuleNode] [] [] [] : Starting gsim GSimModule
2017-11-23 19:28:31,035 INFO  [improbable.module.ModuleNode] [] [] [] : Waiting for 1 entity query service(s) to start.
2017-11-23 19:28:31,092 INFO  [i.core.discovery.server.LocalServer] [] [] [] : Registered Service(improbable.fabric.internal.service.LocalSnapshotInternalService) on 127.0.0.1:9017.
2017-11-23 19:28:31,118 INFO  [i.bridge.oracle.scaling.WorkerScaler] [] [] [] : Skipping reconciliation because no WorkerRunner service is available. This message is expected at startup but should not persist through the deployment
2017-11-23 19:28:31,155 INFO  [i.core.discovery.server.PublicServer] [] [] [] : Registered Service(improbable.fabric.internal.service.ScalingStatsInternalService) on 127.0.0.1:9018.
2017-11-23 19:28:31,163 INFO  [i.p.gsim.GSimPersistenceWriter] [] [] [] : Transitioning GSimPersistenceActor(0) from State [Idle] to [Idle].  Time Elapsed: 4 milliseconds
2017-11-23 19:28:31,240 INFO  [i.core.discovery.server.LocalServer] [] [] [] : Registered Service(improbable.fabric.internal.service.EntityQueryInternalService) on 127.0.0.1:9019.
2017-11-23 19:28:32,090 INFO  [i.c.d.g.GlobalServiceDiscoveryImpl] [] [] [] : Global service discovery refreshed 20 server(s) (previously: 17)
2017-11-23 19:28:32,091 INFO  [improbable.module.ModuleNode] [] [] [] : All 1 entity query service(s) have started.
2017-11-23 19:28:32,092 INFO  [improbable.module.ModuleNode] [] [] [] : Creating entity query client.
2017-11-23 19:28:32,717 INFO  [improbable.module.ModuleNode] [] [] [] : Entity query client created with directory: EntityQueryServiceDirectory{allServices=[EntityQueryInternalServiceInfo{address=host: "127.0.0.1"
port: 9019
, extent=Rectangle{minX=-750.0, minZ=-750.0, maxX=750.0, maxZ=750.0}, isLocal=true}], localServices=[EntityQueryInternalServiceInfo{address=host: "127.0.0.1"
port: 9019
, extent=Rectangle{minX=-750.0, minZ=-750.0, maxX=750.0, maxZ=750.0}, isLocal=true}], remoteServices=[]}
2017-11-23 19:28:33,257 INFO  [i.bridge.oracle.scaling.WorkerScaler] [] [] [] : Skipping reconciliation because no WorkerRunner service is available. This message is expected at startup but should not persist through the deployment
2017-11-23 19:28:33,380 INFO  [improbable.module.ModuleNode] [] [] [] : Waiting for 1 bridge service(s) to start.
2017-11-23 19:28:33,749 INFO  [i.c.a.e.ExtensibleActorReporter] [] [] [] : Started BridgeModuleActor(Actor[akka://akkaFabric/user/BridgeModule:b41c1716-7b16-488f-8ab8-d22ba4b9cc1f#-654275545]).
2017-11-23 19:28:33,805 INFO  [i.core.discovery.server.LocalServer] [] [] [] : Registered Service(improbable.fabric.internal.service.BridgeInternalService) on 127.0.0.1:9020.
2017-11-23 19:28:33,809 INFO  [i.module.bridge.BridgeModuleActor] [] [] [] : Waiting for BridgeModuleOracle service to be available
2017-11-23 19:28:33,838 INFO  [i.module.bridge.BridgeModuleActor] [] [] [] : Registered(BridgeModuleEndpoint(b41c1716-7b16-488f-8ab8-d22ba4b9cc1f)) on BridgeModuleOracleService
2017-11-23 19:28:34,019 INFO  [improbable.module.ModuleNode] [] [] [] : All 1 bridge service(s) have started.
2017-11-23 19:28:34,019 INFO  [i.c.d.g.GlobalServiceDiscoveryImpl] [] [] [] : Global service discovery refreshed 21 server(s) (previously: 20)
2017-11-23 19:28:34,020 INFO  [improbable.module.ModuleNode] [] [] [] : Starting WorkerRunner service (EngineStartupModule)
2017-11-23 19:28:34,033 INFO  [improbable.worker.exec.WorkerStats] [] [] [] : Cannot read /proc/self/stat; worker stats reporting will not work.
2017-11-23 19:28:34,058 INFO  [i.core.discovery.server.PublicServer] [] [] [] : Registered Service(improbable.platform.inner.worker.WorkerRunner) on 127.0.0.1:9021.
2017-11-23 19:28:34,088 INFO  [i.core.discovery.server.LocalServer] [] [] [] : Registered Service(improbable.fabric.internal.service.ReceptionistInternalService) on 127.0.0.1:9022.
2017-11-23 19:28:34,112 INFO  [i.core.discovery.server.PublicServer] [] [] [] : Registered Service(improbable.platform.runtime.ReceptionistService) on 127.0.0.1:7777.
2017-11-23 19:28:34,112 INFO  [improbable.module.ModuleNode] [] [] [] : Starting InspectionRestModule
2017-11-23 19:28:34,113 INFO  [i.g.c.r.LocalHeatmapCacheUpdater] [] [] [] : The chunk oracle failed to find the heatmap cell cache service in service discovery. It will try again later
java.lang.IllegalArgumentException: Could not find service with name: improbable.fabric.internal.debug.HeatmapCellCacheInternalService
	at improbable.core.discovery.ServiceDiscoveryImpl.getServiceAddressOrThrow(ServiceDiscoveryImpl.scala:225) ~[fabric__runtime_deploy.jar:na]
	at improbable.gsim.chunk.reporting.LocalHeatmapCacheUpdater.reportChunkCounts(LocalHeatmapCacheUpdater.java:93) ~[fabric__runtime_deploy.jar:na]
	at improbable.common.async.FabricListeningExecutorService.lambda$instrumentRunnable$0(FabricListeningExecutorService.java:133) ~[fabric__runtime_deploy.jar:na]
	at com.google.common.util.concurrent.MoreExecutors$ScheduledListeningDecorator$NeverSuccessfulListenableFutureTask.run(MoreExecutors.java:587) ~[fabric__runtime_deploy.jar:na]
	at java.util.concurrent.Executors$RunnableAdapter.call(Unknown Source) ~[na:1.8.0_101]
	at java.util.concurrent.FutureTask.runAndReset(Unknown Source) ~[na:1.8.0_101]
	at java.util.concurrent.ScheduledThreadPoolExecutor$ScheduledFutureTask.access$301(Unknown Source) ~[na:1.8.0_101]
	at java.util.concurrent.ScheduledThreadPoolExecutor$ScheduledFutureTask.run(Unknown Source) ~[na:1.8.0_101]
	at java.util.concurrent.ThreadPoolExecutor.runWorker(Unknown Source) ~[na:1.8.0_101]
	at java.util.concurrent.ThreadPoolExecutor$Worker.run(Unknown Source) ~[na:1.8.0_101]
	at java.lang.Thread.run(Unknown Source) ~[na:1.8.0_101]
2017-11-23 19:28:34,117 INFO  [improbable.module.ModuleNode] [] [] [] : Starting ProfilingModule
2017-11-23 19:28:34,126 INFO  [i.c.d.client.CheckpointDiscoveryImpl] [] [] [] : Reached a checkpoint: ALL_MODULES_STARTED
2017-11-23 19:28:34,126 INFO  [improbable.module.ModuleNode] [] [] [] : All modules on this node started, waiting for other nodes to reach the same checkpoint.
2017-11-23 19:28:34,137 INFO  [i.c.a.e.ExtensibleActorReporter] [] [] [] : Started ProfilingModuleActor(Actor[akka://akkaFabric/user/ProfilingModule#874765339]).
2017-11-23 19:28:34,159 INFO  [i.core.discovery.server.LocalServer] [] [] [] : Registered Service(improbable.fabric.internal.debug.HeatmapCellCacheInternalService) on 127.0.0.1:9023.
2017-11-23 19:28:34,293 INFO  [i.core.discovery.server.PublicServer] [] [] [] : Registered Service(improbable.platform.runtime.InspectionService) on 127.0.0.1:9024.
2017-11-23 19:28:34,472 INFO  [i.c.a.e.ExtensibleActorReporter] [] [] [] : Started InspectionRestModuleActor(Actor[akka://akkaFabric/user/InspectionRestModule#1706784065]).
2017-11-23 19:28:35,036 INFO  [i.c.d.g.GlobalCheckpointDiscoveryImpl] [] [] [] : Global checkpoint discovery refreshed checkpoints.
2017-11-23 19:28:35,037 INFO  [improbable.module.ModuleNode] [] [] [] : All modules on all nodes have been started.
2017-11-23 19:28:35,037 INFO  [i.c.d.g.GlobalServiceDiscoveryImpl] [] [] [] : Global service discovery refreshed 26 server(s) (previously: 21)
2017-11-23 19:28:35,037 INFO  [improbable.module.ModuleNode] [] [] [] : Loading a snapshot.
2017-11-23 19:28:35,105 INFO  [i.p.g.GSimPersistenceLoadOrchestrator] [] [] [] : Loading snapshot on GSim(0).
2017-11-23 19:28:35,106 INFO  [i.p.s.storage.LegacySnapshotStorage] [] [] [] : Requesting download URL for Snapshot(local@latest) matching []
2017-11-23 19:28:35,122 INFO  [i.p.s.storage.LegacySnapshotStorage] [] [] [] : Downloading snapshot from http://127.0.0.1:21000/snapshots/20171123192800436
2017-11-23 19:28:35,137 INFO  [i.p.gsim.GSimPersistenceLoader] [] [] [] : Loading snapshot
2017-11-23 19:28:35,159 INFO  [i.p.g.GSimPersistenceLoadOrchestrator] [] [] [] : Loaded 1 entities on GSim(0).
2017-11-23 19:28:35,183 INFO  [i.p.c.PersistenceLoaderCoordinatorActor] [] [] [] : All Snapshots loaded.
2017-11-23 19:28:35,189 INFO  [improbable.module.ModuleNode] [] [] [] : Snapshot has been loaded.
2017-11-23 19:28:35,190 INFO  [improbable.module.ModuleNode] [] [] [] : Starting SnapshotService.
2017-11-23 19:28:35,230 INFO  [i.core.discovery.server.PublicServer] [] [] [] : Registered Service(improbable.platform.runtime.SnapshotService) on 127.0.0.1:9025.
2017-11-23 19:28:35,231 INFO  [i.c.d.client.CheckpointDiscoveryImpl] [] [] [] : Reached a checkpoint: LOAD_SNAPSHOT_FINISHED
2017-11-23 19:28:35,233 INFO  [improbable.module.ModuleNode] [] [] [] : SpatialOS runtime startup complete.
2017-11-23 19:28:35,396 INFO  [i.l.params.LoadbalancerParamsFactory] [] [] [] : LoadbalancerParams for worker type [UnityWorker]: [AutoHexGridLoadbalancerParams{energyLimitingEnabled=true, energyLimit=1.0E9, minWorkerRange=1500.0, maxWorkerRange=1500.0, maxWorkerStepSize=0.0, workerExpansionTimeMs=60000, workerGridSize=0, loadbalancerEnabled=false, hexGridMode=AUTO, scalerAdvisorType=CONSTANT, maxWorkers=1, initialWorkers=1, numEntitiesPerWorker=9223372036854775807, statusReportPeriodMs=30000, pointsOfInterestEnabled=false, hexGridSolution=AutoValue_HexGridSolution{workersUsed=1, hexagonEdgeLength=1500.0, hexagonOrientation=POINTY_TOP, bounds=Rectangle{minX=-750.0, minZ=-750.0, maxX=750.0, maxZ=750.0}}, pointsOfInterestSolution=Empty}]
2017-11-23 19:28:36,015 INFO  [spray.can.server.HttpListener] [akka://akkaFabric/user/IO-HTTP/listener-0] [akkaFabric-akka.actor.default-dispatcher-3] [] : Bound to /0.0.0.0:5005
2017-11-23 19:28:36,039 INFO  [i.c.d.g.GlobalCheckpointDiscoveryImpl] [] [] [] : Global checkpoint discovery refreshed checkpoints.
2017-11-23 19:28:36,039 INFO  [i.c.d.g.GlobalServiceDiscoveryImpl] [] [] [] : Global service discovery refreshed 27 server(s) (previously: 26)
2017-11-23 19:28:36,408 INFO  [i.b.o.m.BridgeOracleWorkerManager] [] [] [] : Trying to start managed worker UnityWorker0
2017-11-23 19:28:36,465 INFO  [i.bridge.oracle.scaling.WorkerScaler] [] [] [] : Starting 1 new managed workers for attribute_set {
  attribute: "physics"
}
 (required: 1, existing: 0)
2017-11-23 19:28:36,488 INFO  [i.worker.exec.WorkerStartupExecutor] [] [] [] : Awaiting internal receptionist service to register with service discovery
2017-11-23 19:28:36,497 INFO  [i.worker.exec.WorkerStartupExecutor] [] [] [] : Successfully found the internal receptionist service in service discovery
2017-11-23 19:28:36,521 INFO  [i.worker.exec.WorkerStartupExecutor] [] [] [] : Awaiting public receptionist service to register with service discovery
2017-11-23 19:28:36,535 INFO  [i.worker.exec.WorkerStartupExecutor] [] [] [] : Successfully found the public receptionist service in service discovery
2017-11-23 19:28:46,453 WARN  [i.worker.exec.RemoteWorkerRunner] [] [] [] : Unable to get status to the worker runner
java.util.concurrent.ExecutionException: io.grpc.StatusRuntimeException: DEADLINE_EXCEEDED
	at com.google.common.util.concurrent.AbstractFuture.getDoneValue(AbstractFuture.java:503) ~[fabric__runtime_deploy.jar:na]
	at com.google.common.util.concurrent.AbstractFuture.get(AbstractFuture.java:482) ~[fabric__runtime_deploy.jar:na]
	at improbable.worker.exec.RemoteWorkerRunner.updateStatus(RemoteWorkerRunner.java:137) ~[fabric__runtime_deploy.jar:na]
	at java.util.concurrent.Executors$RunnableAdapter.call(Unknown Source) ~[na:1.8.0_101]
	at java.util.concurrent.FutureTask.run(Unknown Source) ~[na:1.8.0_101]
	at java.util.concurrent.ScheduledThreadPoolExecutor$ScheduledFutureTask.access$201(Unknown Source) ~[na:1.8.0_101]
	at java.util.concurrent.ScheduledThreadPoolExecutor$ScheduledFutureTask.run(Unknown Source) ~[na:1.8.0_101]
	at java.util.concurrent.ThreadPoolExecutor.runWorker(Unknown Source) ~[na:1.8.0_101]
	at java.util.concurrent.ThreadPoolExecutor$Worker.run(Unknown Source) ~[na:1.8.0_101]
	at java.lang.Thread.run(Unknown Source) ~[na:1.8.0_101]
Caused by: io.grpc.StatusRuntimeException: DEADLINE_EXCEEDED
	at io.grpc.Status.asRuntimeException(Status.java:543) ~[fabric__runtime_deploy.jar:na]
	at io.grpc.stub.ClientCalls$UnaryStreamToFuture.onClose(ClientCalls.java:442) ~[fabric__runtime_deploy.jar:na]
	at io.grpc.ForwardingClientCallListener.onClose(ForwardingClientCallListener.java:56) ~[fabric__runtime_deploy.jar:na]
	at me.dinowernli.grpc.prometheus.MonitoringClientCallListener.onClose(MonitoringClientCallListener.java:50) ~[fabric__runtime_deploy.jar:na]
	at io.grpc.internal.ClientCallImpl.closeObserver(ClientCallImpl.java:426) ~[fabric__runtime_deploy.jar:na]
	at io.grpc.internal.ClientCallImpl.access$100(ClientCallImpl.java:76) ~[fabric__runtime_deploy.jar:na]
	at io.grpc.internal.ClientCallImpl$ClientStreamListenerImpl.close(ClientCallImpl.java:512) ~[fabric__runtime_deploy.jar:na]
	at io.grpc.internal.ClientCallImpl$ClientStreamListenerImpl.access$700(ClientCallImpl.java:429) ~[fabric__runtime_deploy.jar:na]
	at io.grpc.internal.ClientCallImpl$ClientStreamListenerImpl$1StreamClosed.runInContext(ClientCallImpl.java:544) ~[fabric__runtime_deploy.jar:na]
	at io.grpc.internal.ContextRunnable.run(ContextRunnable.java:52) ~[fabric__runtime_deploy.jar:na]
	at io.grpc.internal.SerializingExecutor.run(SerializingExecutor.java:117) ~[fabric__runtime_deploy.jar:na]
	... 3 common frames omitted
2017-11-23 19:28:51,488 WARN  [i.worker.exec.RemoteWorkerRunner] [] [] [] : Unable to get status to the worker runner
java.util.concurrent.ExecutionException: io.grpc.StatusRuntimeException: DEADLINE_EXCEEDED
	at com.google.common.util.concurrent.AbstractFuture.getDoneValue(AbstractFuture.java:503) ~[fabric__runtime_deploy.jar:na]
	at com.google.common.util.concurrent.AbstractFuture.get(AbstractFuture.java:482) ~[fabric__runtime_deploy.jar:na]
	at improbable.worker.exec.RemoteWorkerRunner.updateStatus(RemoteWorkerRunner.java:137) ~[fabric__runtime_deploy.jar:na]
	at java.util.concurrent.Executors$RunnableAdapter.call(Unknown Source) ~[na:1.8.0_101]
	at java.util.concurrent.FutureTask.run(Unknown Source) ~[na:1.8.0_101]
	at java.util.concurrent.ScheduledThreadPoolExecutor$ScheduledFutureTask.access$201(Unknown Source) ~[na:1.8.0_101]
	at java.util.concurrent.ScheduledThreadPoolExecutor$ScheduledFutureTask.run(Unknown Source) ~[na:1.8.0_101]
	at java.util.concurrent.ThreadPoolExecutor.runWorker(Unknown Source) ~[na:1.8.0_101]
	at java.util.concurrent.ThreadPoolExecutor$Worker.run(Unknown Source) ~[na:1.8.0_101]
	at java.lang.Thread.run(Unknown Source) ~[na:1.8.0_101]
Caused by: io.grpc.StatusRuntimeException: DEADLINE_EXCEEDED
	at io.grpc.Status.asRuntimeException(Status.java:543) ~[fabric__runtime_deploy.jar:na]
	at io.grpc.stub.ClientCalls$UnaryStreamToFuture.onClose(ClientCalls.java:442) ~[fabric__runtime_deploy.jar:na]
	at io.grpc.ForwardingClientCallListener.onClose(ForwardingClientCallListener.java:56) ~[fabric__runtime_deploy.jar:na]
	at me.dinowernli.grpc.prometheus.MonitoringClientCallListener.onClose(MonitoringClientCallListener.java:50) ~[fabric__runtime_deploy.jar:na]
	at io.grpc.internal.ClientCallImpl.closeObserver(ClientCallImpl.java:426) ~[fabric__runtime_deploy.jar:na]
	at io.grpc.internal.ClientCallImpl.access$100(ClientCallImpl.java:76) ~[fabric__runtime_deploy.jar:na]
	at io.grpc.internal.ClientCallImpl$ClientStreamListenerImpl.close(ClientCallImpl.java:512) ~[fabric__runtime_deploy.jar:na]
	at io.grpc.internal.ClientCallImpl$ClientStreamListenerImpl.access$700(ClientCallImpl.java:429) ~[fabric__runtime_deploy.jar:na]
	at io.grpc.internal.ClientCallImpl$ClientStreamListenerImpl$1StreamClosed.runInContext(ClientCallImpl.java:544) ~[fabric__runtime_deploy.jar:na]
	at io.grpc.internal.ContextRunnable.run(ContextRunnable.java:52) ~[fabric__runtime_deploy.jar:na]
	at io.grpc.internal.SerializingExecutor.run(SerializingExecutor.java:117) ~[fabric__runtime_deploy.jar:na]
	... 3 common frames omitted
2017-11-23 19:28:54,087 INFO  [i.worker.exec.WorkerStartupExecutor] [] [] [] : Created log file for worker UnityWorker0, type (UnityWorker): [C:\Users\Antonio\Documents\GitHub\SoftwareEngineeringProj\SoftwareEngineeringProj\logs\2017-11-23_19-28-01_0\workers\UnityWorker\UnityWorker0-2000330856048747454.log]
2017-11-23 19:28:54,092 INFO  [i.worker.exec.CommandLineExecutor] [] [] [] : Running command: C:\Users\Antonio\AppData\Local\Temp\zip-downloader3139610130540013474\a9ed6d995018f668b6513e3619e21f2d\UnityWorker@Windows.exe +projectName your_project_name_here +receptionistIp 127.0.0.1 +receptionistPort 7777 +workerType UnityWorker +workerId UnityWorker0 +useInternalIpForBridge true +infraServicesUrl http://127.0.0.1:21000 +assemblyName local_assembly +linkProtocol RakNet -logfile C:\Users\Antonio\Documents\GitHub\SoftwareEngineeringProj\SoftwareEngineeringProj\logs\2017-11-23_19-28-01_0\workers\UnityWorker\UnityWorker0-2000330856048747454.log -batchmode -nographics
2017-11-23 19:28:56,788 INFO  [i.b.s.BridgeServicePicker] [] [] [] : Attempting to get positionHint for UnityWorker0 via rpc
2017-11-23 19:28:56,811 INFO  [i.b.s.BridgeServicePicker] [] [] [] : Selected legacy_guid: "b41c1716-7b16-488f-8ab8-d22ba4b9cc1f"
address {
  host: "127.0.0.1"
  port: 9020
}
 with position  which is the nearest bridge service to position (0.0, 0.0, 0.0)
2017-11-23 19:28:56,870 INFO  [i.m.b.o.m.BridgeModuleOracleActor] [] [] [] : BridgeServicePicker returned module Optional[legacy_guid: "b41c1716-7b16-488f-8ab8-d22ba4b9cc1f"
address {
  host: "127.0.0.1"
  port: 9020
}
] with load Optional[BridgeModuleLoadBalanceInfo((0.0, 0.0, 0.0),0)].get().toString() for Engine(UnityWorker0)
2017-11-23 19:28:57,863 INFO  [i.b.i.BridgeInternalServiceImpl] [] [] [] : Bridge worker_id: "UnityWorker0"
 registered with bridge internal service
2017-11-23 19:28:57,890 INFO  [i.b.o.s.BridgeOracleInternalServiceImpl] [] [] [] : Got bridge started rpc from bridge: worker_id: "UnityWorker0"

2017-11-23 19:28:57,891 INFO  [i.b.o.s.BridgeOracleInternalServiceImpl] [] [] [] : The worker UnityWorker0 registered with SpatialOS successfully.
2017-11-23 19:28:57,891 INFO  [i.module.bridge.oracle.BridgeOracle] [] [] [] : Sending bridge started to self for bridge endpoint BridgeOracleEndpoint
2017-11-23 19:28:57,908 INFO  [i.module.bridge.oracle.BridgeOracle] [] [] [] : Bridge(UnityWorker0) started.
2017-11-23 19:28:57,935 INFO  [i.b.o.m.BridgeOracleWorkerManager] [] [] [] : Worker UnityWorker0 registered with the BridgeOracleWorker manager
2017-11-23 19:28:58,737 INFO  [i.b.n.raknet.GuardedRakPeerInterface] [] [] [] : New RakNet connection established with 127.0.0.1
2017-11-23 19:29:15,942 INFO  [i.b.s.BridgeServicePicker] [] [] [] : Attempting to get positionHint for UnityClientafc23c04-4ed5-4195-b8e4-395753282581 via rpc
2017-11-23 19:29:15,946 INFO  [i.b.s.BridgeServicePicker] [] [] [] : Starting UnityClientafc23c04-4ed5-4195-b8e4-395753282581 without a position hint, so using a random bridge service
2017-11-23 19:29:15,948 INFO  [i.m.b.o.m.BridgeModuleOracleActor] [] [] [] : BridgeServicePicker returned module Optional[legacy_guid: "b41c1716-7b16-488f-8ab8-d22ba4b9cc1f"
address {
  host: "127.0.0.1"
  port: 9020
}
] with load Optional[BridgeModuleLoadBalanceInfo((0.0, 0.0, 0.0),1)].get().toString() for Engine(UnityClientafc23c04-4ed5-4195-b8e4-395753282581)
2017-11-23 19:29:15,992 INFO  [i.l.params.LoadbalancerParamsFactory] [] [] [] : LoadbalancerParams for worker type [UnityClient]: [FlagzLoadbalancerParams{energyLimitingEnabled=true, energyLimit=1.0E9, minWorkerRange=Infinity, maxWorkerRange=Infinity, maxWorkerStepSize=50.0, workerExpansionTimeMs=60000, workerGridSize=5, loadbalancerEnabled=true, hexGridMode=OFF, scalerAdvisorType=ENTITY_COUNT, maxWorkers=25, initialWorkers=25, numEntitiesPerWorker=9223372036854775807, statusReportPeriodMs=2000, pointsOfInterestEnabled=false, hexGridSolution=Empty, pointsOfInterestSolution=Empty}]
2017-11-23 19:29:15,999 INFO  [i.b.i.BridgeInternalServiceImpl] [] [] [] : Bridge worker_id: "UnityClientafc23c04-4ed5-4195-b8e4-395753282581"
 registered with bridge internal service
2017-11-23 19:29:16,013 INFO  [i.b.o.s.BridgeOracleInternalServiceImpl] [] [] [] : Got bridge started rpc from bridge: worker_id: "UnityClientafc23c04-4ed5-4195-b8e4-395753282581"

2017-11-23 19:29:16,013 INFO  [i.b.o.s.BridgeOracleInternalServiceImpl] [] [] [] : The worker UnityClientafc23c04-4ed5-4195-b8e4-395753282581 registered with SpatialOS successfully.
2017-11-23 19:29:16,014 INFO  [i.module.bridge.oracle.BridgeOracle] [] [] [] : Sending bridge started to self for bridge endpoint BridgeOracleEndpoint
2017-11-23 19:29:16,015 INFO  [i.module.bridge.oracle.BridgeOracle] [] [] [] : Bridge(UnityClientafc23c04-4ed5-4195-b8e4-395753282581) started.
2017-11-23 19:29:16,647 INFO  [i.b.n.raknet.GuardedRakPeerInterface] [] [] [] : New RakNet connection established with 127.0.0.1
2017-11-23 19:29:23,466 INFO  [i.b.n.BridgeActorTransportLinkListener] [] [] [] : TransportLinkListener(UnityClientafc23c04-4ed5-4195-b8e4-395753282581) sending Disconnected to akka://akkaFabric/user/BridgeModule:b41c1716-7b16-488f-8ab8-d22ba4b9cc1f/BridgeActor-UnityClientafc23c04-4ed5-4195-b8e4-395753282581
2017-11-23 19:29:23,476 INFO  [i.b.n.raknet.reporter.RakNetReporter] [] [] [] : Tried to send to RakNet(UnityClient) on Port(7001)3 after closing. Payload: component_update {
  entity_id: 2
  component_id: 54
  entity_co... (Logged every 1000 times)
2017-11-23 19:29:23,516 INFO  [i.module.bridge.oracle.BridgeOracle] [] [] [] : Sending bridge stopped to self for bridge endpoint BridgeEndpoint(UnityClientafc23c04-4ed5-4195-b8e4-395753282581)
2017-11-23 19:29:23,507 INFO  [i.b.i.BridgeInternalServiceImpl] [] [] [] : Bridge worker_id: "UnityClientafc23c04-4ed5-4195-b8e4-395753282581"
 unregistered with bridge internal service
2017-11-23 19:29:23,518 INFO  [improbable.bridge.BridgeActor] [] [] [] : Bridge(UnityClientafc23c04-4ed5-4195-b8e4-395753282581) on BridgeModuleEndpoint(b41c1716-7b16-488f-8ab8-d22ba4b9cc1f) stopped.
2017-11-23 19:29:23,519 INFO  [i.module.bridge.oracle.BridgeOracle] [] [] [] : Bridge(UnityClientafc23c04-4ed5-4195-b8e4-395753282581) stopped.
2017-11-23 19:29:23,602 INFO  [akka.actor.LocalActorRef] [akka://akkaFabric/user/BridgeModule:b41c1716-7b16-488f-8ab8-d22ba4b9cc1f/BridgeActor-UnityClientafc23c04-4ed5-4195-b8e4-395753282581] [akkaFabric-akka.actor.default-dispatcher-2] [] : Message [improbable.fabric.internal.pubsub.PubSubMessageProto$PubSubMessage] from Actor[akka://akkaFabric/user/BridgeModule:b41c1716-7b16-488f-8ab8-d22ba4b9cc1f/BridgeActor-UnityClientafc23c04-4ed5-4195-b8e4-395753282581#1059669680] to Actor[akka://akkaFabric/user/BridgeModule:b41c1716-7b16-488f-8ab8-d22ba4b9cc1f/BridgeActor-UnityClientafc23c04-4ed5-4195-b8e4-395753282581#1059669680] was not delivered. [1] dead letters encountered. This logging can be turned off or adjusted with configuration settings 'akka.log-dead-letters' and 'akka.log-dead-letters-during-shutdown'.
2017-11-23 19:29:23,641 INFO  [akka.actor.LocalActorRef] [akka://akkaFabric/user/BridgeModule:b41c1716-7b16-488f-8ab8-d22ba4b9cc1f/BridgeActor-UnityClientafc23c04-4ed5-4195-b8e4-395753282581] [akkaFabric-akka.actor.default-dispatcher-2] [] : Message [improbable.fabric.internal.pubsub.PubSubMessageProto$PubSubMessage] from Actor[akka://akkaFabric/user/BridgeModule:b41c1716-7b16-488f-8ab8-d22ba4b9cc1f/BridgeActor-UnityClientafc23c04-4ed5-4195-b8e4-395753282581#1059669680] to Actor[akka://akkaFabric/user/BridgeModule:b41c1716-7b16-488f-8ab8-d22ba4b9cc1f/BridgeActor-UnityClientafc23c04-4ed5-4195-b8e4-395753282581#1059669680] was not delivered. [2] dead letters encountered. This logging can be turned off or adjusted with configuration settings 'akka.log-dead-letters' and 'akka.log-dead-letters-during-shutdown'.
2017-11-23 19:29:23,650 INFO  [akka.actor.LocalActorRef] [akka://akkaFabric/user/BridgeModule:b41c1716-7b16-488f-8ab8-d22ba4b9cc1f/BridgeActor-UnityClientafc23c04-4ed5-4195-b8e4-395753282581] [akkaFabric-akka.actor.default-dispatcher-2] [] : Message [improbable.fabric.internal.pubsub.PubSubMessageProto$PubSubMessage] from Actor[akka://akkaFabric/user/BridgeModule:b41c1716-7b16-488f-8ab8-d22ba4b9cc1f/BridgeActor-UnityClientafc23c04-4ed5-4195-b8e4-395753282581#1059669680] to Actor[akka://akkaFabric/user/BridgeModule:b41c1716-7b16-488f-8ab8-d22ba4b9cc1f/BridgeActor-UnityClientafc23c04-4ed5-4195-b8e4-395753282581#1059669680] was not delivered. [3] dead letters encountered. This logging can be turned off or adjusted with configuration settings 'akka.log-dead-letters' and 'akka.log-dead-letters-during-shutdown'.
2017-11-23 19:29:23,654 INFO  [akka.actor.LocalActorRef] [akka://akkaFabric/user/BridgeModule:b41c1716-7b16-488f-8ab8-d22ba4b9cc1f/BridgeActor-UnityClientafc23c04-4ed5-4195-b8e4-395753282581] [akkaFabric-akka.actor.default-dispatcher-2] [] : Message [improbable.fabric.internal.pubsub.PubSubMessageProto$PubSubMessage] from Actor[akka://akkaFabric/user/BridgeModule:b41c1716-7b16-488f-8ab8-d22ba4b9cc1f/BridgeActor-UnityClientafc23c04-4ed5-4195-b8e4-395753282581#1059669680] to Actor[akka://akkaFabric/user/BridgeModule:b41c1716-7b16-488f-8ab8-d22ba4b9cc1f/BridgeActor-UnityClientafc23c04-4ed5-4195-b8e4-395753282581#1059669680] was not delivered. [4] dead letters encountered. This logging can be turned off or adjusted with configuration settings 'akka.log-dead-letters' and 'akka.log-dead-letters-during-shutdown'.
2017-11-23 19:29:23,656 INFO  [akka.actor.LocalActorRef] [akka://akkaFabric/user/BridgeModule:b41c1716-7b16-488f-8ab8-d22ba4b9cc1f/BridgeActor-UnityClientafc23c04-4ed5-4195-b8e4-395753282581] [akkaFabric-akka.actor.default-dispatcher-2] [] : Message [improbable.fabric.internal.pubsub.PubSubMessageProto$PubSubMessage] from Actor[akka://akkaFabric/user/BridgeModule:b41c1716-7b16-488f-8ab8-d22ba4b9cc1f/BridgeActor-UnityClientafc23c04-4ed5-4195-b8e4-395753282581#1059669680] to Actor[akka://akkaFabric/user/BridgeModule:b41c1716-7b16-488f-8ab8-d22ba4b9cc1f/BridgeActor-UnityClientafc23c04-4ed5-4195-b8e4-395753282581#1059669680] was not delivered. [5] dead letters encountered. This logging can be turned off or adjusted with configuration settings 'akka.log-dead-letters' and 'akka.log-dead-letters-during-shutdown'.
2017-11-23 19:29:23,658 INFO  [akka.actor.LocalActorRef] [akka://akkaFabric/user/BridgeModule:b41c1716-7b16-488f-8ab8-d22ba4b9cc1f/BridgeActor-UnityClientafc23c04-4ed5-4195-b8e4-395753282581] [akkaFabric-akka.actor.default-dispatcher-2] [] : Message [improbable.fabric.internal.pubsub.PubSubMessageProto$PubSubMessage] from Actor[akka://akkaFabric/user/BridgeModule:b41c1716-7b16-488f-8ab8-d22ba4b9cc1f/BridgeActor-UnityClientafc23c04-4ed5-4195-b8e4-395753282581#1059669680] to Actor[akka://akkaFabric/user/BridgeModule:b41c1716-7b16-488f-8ab8-d22ba4b9cc1f/BridgeActor-UnityClientafc23c04-4ed5-4195-b8e4-395753282581#1059669680] was not delivered. [6] dead letters encountered. This logging can be turned off or adjusted with configuration settings 'akka.log-dead-letters' and 'akka.log-dead-letters-during-shutdown'.
2017-11-23 19:29:23,659 INFO  [akka.actor.LocalActorRef] [akka://akkaFabric/user/BridgeModule:b41c1716-7b16-488f-8ab8-d22ba4b9cc1f/BridgeActor-UnityClientafc23c04-4ed5-4195-b8e4-395753282581] [akkaFabric-akka.actor.default-dispatcher-2] [] : Message [improbable.fabric.internal.pubsub.PubSubMessageProto$PubSubMessage] from Actor[akka://akkaFabric/user/BridgeModule:b41c1716-7b16-488f-8ab8-d22ba4b9cc1f/BridgeActor-UnityClientafc23c04-4ed5-4195-b8e4-395753282581#1059669680] to Actor[akka://akkaFabric/user/BridgeModule:b41c1716-7b16-488f-8ab8-d22ba4b9cc1f/BridgeActor-UnityClientafc23c04-4ed5-4195-b8e4-395753282581#1059669680] was not delivered. [7] dead letters encountered. This logging can be turned off or adjusted with configuration settings 'akka.log-dead-letters' and 'akka.log-dead-letters-during-shutdown'.
2017-11-23 19:29:23,670 INFO  [akka.actor.LocalActorRef] [akka://akkaFabric/user/BridgeModule:b41c1716-7b16-488f-8ab8-d22ba4b9cc1f/BridgeActor-UnityClientafc23c04-4ed5-4195-b8e4-395753282581] [akkaFabric-akka.actor.default-dispatcher-2] [] : Message [improbable.fabric.internal.pubsub.PubSubMessageProto$PubSubMessage] from Actor[akka://akkaFabric/user/BridgeModule:b41c1716-7b16-488f-8ab8-d22ba4b9cc1f/BridgeActor-UnityClientafc23c04-4ed5-4195-b8e4-395753282581#1059669680] to Actor[akka://akkaFabric/user/BridgeModule:b41c1716-7b16-488f-8ab8-d22ba4b9cc1f/BridgeActor-UnityClientafc23c04-4ed5-4195-b8e4-395753282581#1059669680] was not delivered. [8] dead letters encountered. This logging can be turned off or adjusted with configuration settings 'akka.log-dead-letters' and 'akka.log-dead-letters-during-shutdown'.
2017-11-23 19:29:23,673 INFO  [akka.actor.LocalActorRef] [akka://akkaFabric/user/BridgeModule:b41c1716-7b16-488f-8ab8-d22ba4b9cc1f/BridgeActor-UnityClientafc23c04-4ed5-4195-b8e4-395753282581] [akkaFabric-akka.actor.default-dispatcher-2] [] : Message [improbable.fabric.internal.pubsub.PubSubMessageProto$PubSubMessage] from Actor[akka://akkaFabric/user/BridgeModule:b41c1716-7b16-488f-8ab8-d22ba4b9cc1f/BridgeActor-UnityClientafc23c04-4ed5-4195-b8e4-395753282581#1059669680] to Actor[akka://akkaFabric/user/BridgeModule:b41c1716-7b16-488f-8ab8-d22ba4b9cc1f/BridgeActor-UnityClientafc23c04-4ed5-4195-b8e4-395753282581#1059669680] was not delivered. [9] dead letters encountered. This logging can be turned off or adjusted with configuration settings 'akka.log-dead-letters' and 'akka.log-dead-letters-during-shutdown'.
2017-11-23 19:29:23,674 INFO  [akka.actor.LocalActorRef] [akka://akkaFabric/user/BridgeModule:b41c1716-7b16-488f-8ab8-d22ba4b9cc1f/BridgeActor-UnityClientafc23c04-4ed5-4195-b8e4-395753282581] [akkaFabric-akka.actor.default-dispatcher-2] [] : Message [improbable.fabric.internal.pubsub.PubSubMessageProto$PubSubMessage] from Actor[akka://akkaFabric/user/BridgeModule:b41c1716-7b16-488f-8ab8-d22ba4b9cc1f/BridgeActor-UnityClientafc23c04-4ed5-4195-b8e4-395753282581#1059669680] to Actor[akka://akkaFabric/user/BridgeModule:b41c1716-7b16-488f-8ab8-d22ba4b9cc1f/BridgeActor-UnityClientafc23c04-4ed5-4195-b8e4-395753282581#1059669680] was not delivered. [10] dead letters encountered, no more dead letters will be logged. This logging can be turned off or adjusted with configuration settings 'akka.log-dead-letters' and 'akka.log-dead-letters-during-shutdown'.
2017-11-23 19:29:28,617 WARN  [i.r.ReceptionistServiceImpl] [] [] [] : Worker trying to login with previously used worker ID: UnityClientafc23c04-4ed5-4195-b8e4-395753282581
2017-11-23 19:31:13,580 INFO  [i.b.s.BridgeServicePicker] [] [] [] : Attempting to get positionHint for UnityClient8f889547-5ab5-4321-a7a2-28607f791819 via rpc
2017-11-23 19:31:13,583 INFO  [i.b.s.BridgeServicePicker] [] [] [] : Starting UnityClient8f889547-5ab5-4321-a7a2-28607f791819 without a position hint, so using a random bridge service
2017-11-23 19:31:13,588 INFO  [i.m.b.o.m.BridgeModuleOracleActor] [] [] [] : BridgeServicePicker returned module Optional[legacy_guid: "b41c1716-7b16-488f-8ab8-d22ba4b9cc1f"
address {
  host: "127.0.0.1"
  port: 9020
}
] with load Optional[BridgeModuleLoadBalanceInfo((0.0, 0.0, 0.0),1)].get().toString() for Engine(UnityClient8f889547-5ab5-4321-a7a2-28607f791819)
2017-11-23 19:31:13,624 INFO  [i.b.i.BridgeInternalServiceImpl] [] [] [] : Bridge worker_id: "UnityClient8f889547-5ab5-4321-a7a2-28607f791819"
 registered with bridge internal service
2017-11-23 19:31:13,627 INFO  [i.b.o.s.BridgeOracleInternalServiceImpl] [] [] [] : Got bridge started rpc from bridge: worker_id: "UnityClient8f889547-5ab5-4321-a7a2-28607f791819"

2017-11-23 19:31:13,628 INFO  [i.b.o.s.BridgeOracleInternalServiceImpl] [] [] [] : The worker UnityClient8f889547-5ab5-4321-a7a2-28607f791819 registered with SpatialOS successfully.
2017-11-23 19:31:13,631 INFO  [i.module.bridge.oracle.BridgeOracle] [] [] [] : Sending bridge started to self for bridge endpoint BridgeOracleEndpoint
2017-11-23 19:31:13,632 INFO  [i.module.bridge.oracle.BridgeOracle] [] [] [] : Bridge(UnityClient8f889547-5ab5-4321-a7a2-28607f791819) started.
2017-11-23 19:31:14,221 INFO  [i.b.n.raknet.GuardedRakPeerInterface] [] [] [] : New RakNet connection established with 127.0.0.1
2017-11-23 19:31:20,825 INFO  [i.b.n.BridgeActorTransportLinkListener] [] [] [] : TransportLinkListener(UnityClient8f889547-5ab5-4321-a7a2-28607f791819) sending Disconnected to akka://akkaFabric/user/BridgeModule:b41c1716-7b16-488f-8ab8-d22ba4b9cc1f/BridgeActor-UnityClient8f889547-5ab5-4321-a7a2-28607f791819
2017-11-23 19:31:20,836 INFO  [i.b.i.BridgeInternalServiceImpl] [] [] [] : Bridge worker_id: "UnityClient8f889547-5ab5-4321-a7a2-28607f791819"
 unregistered with bridge internal service
2017-11-23 19:31:20,838 INFO  [improbable.bridge.BridgeActor] [] [] [] : Bridge(UnityClient8f889547-5ab5-4321-a7a2-28607f791819) on BridgeModuleEndpoint(b41c1716-7b16-488f-8ab8-d22ba4b9cc1f) stopped.
2017-11-23 19:31:20,846 INFO  [i.module.bridge.oracle.BridgeOracle] [] [] [] : Sending bridge stopped to self for bridge endpoint BridgeEndpoint(UnityClient8f889547-5ab5-4321-a7a2-28607f791819)
2017-11-23 19:31:20,856 INFO  [i.module.bridge.oracle.BridgeOracle] [] [] [] : Bridge(UnityClient8f889547-5ab5-4321-a7a2-28607f791819) stopped.
2017-11-23 19:31:20,870 INFO  [improbable.gsim.chunk.ChunkActor] [] [] [] : [SquareChunk(-1, 0)] ignoring require worker response with recently stopped bridge BridgeEndpoint(UnityClient8f889547-5ab5-4321-a7a2-28607f791819)
2017-11-23 19:39:25,876 INFO  [i.b.s.BridgeServicePicker] [] [] [] : Attempting to get positionHint for UnityWorker7252dc5d-3ee2-4f21-b5a6-42e2f143db15 via rpc
2017-11-23 19:39:25,880 INFO  [i.b.s.BridgeServicePicker] [] [] [] : Starting UnityWorker7252dc5d-3ee2-4f21-b5a6-42e2f143db15 without a position hint, so using a random bridge service
2017-11-23 19:39:25,882 INFO  [i.m.b.o.m.BridgeModuleOracleActor] [] [] [] : BridgeServicePicker returned module Optional[legacy_guid: "b41c1716-7b16-488f-8ab8-d22ba4b9cc1f"
address {
  host: "127.0.0.1"
  port: 9020
}
] with load Optional[BridgeModuleLoadBalanceInfo((0.0, 0.0, 0.0),1)].get().toString() for Engine(UnityWorker7252dc5d-3ee2-4f21-b5a6-42e2f143db15)
2017-11-23 19:39:25,918 INFO  [i.b.i.BridgeInternalServiceImpl] [] [] [] : Bridge worker_id: "UnityWorker7252dc5d-3ee2-4f21-b5a6-42e2f143db15"
 registered with bridge internal service
2017-11-23 19:39:25,921 INFO  [i.b.o.s.BridgeOracleInternalServiceImpl] [] [] [] : Got bridge started rpc from bridge: worker_id: "UnityWorker7252dc5d-3ee2-4f21-b5a6-42e2f143db15"

2017-11-23 19:39:25,927 INFO  [i.b.o.s.BridgeOracleInternalServiceImpl] [] [] [] : The worker UnityWorker7252dc5d-3ee2-4f21-b5a6-42e2f143db15 registered with SpatialOS successfully.
2017-11-23 19:39:25,927 INFO  [i.module.bridge.oracle.BridgeOracle] [] [] [] : Sending bridge started to self for bridge endpoint BridgeOracleEndpoint
2017-11-23 19:39:25,933 INFO  [i.module.bridge.oracle.BridgeOracle] [] [] [] : Bridge(UnityWorker7252dc5d-3ee2-4f21-b5a6-42e2f143db15) started.
2017-11-23 19:39:26,516 INFO  [i.b.n.raknet.GuardedRakPeerInterface] [] [] [] : New RakNet connection established with 127.0.0.1
2017-11-23 19:39:49,995 INFO  [i.c.discovery.ServiceDiscoveryImpl] [] [] [] : Shutting down all services
2017-11-23 19:39:50,001 INFO  [i.core.discovery.server.LocalServer] [] [] [] : Stopped Service(improbable.fabric.internal.service.StatusDiscoveryInternalService) on 127.0.0.1:5301.
2017-11-23 19:39:50,013 INFO  [i.core.discovery.server.PublicServer] [] [] [] : Stopped Service(improbable.platform.runtime.ModuleService) on 127.0.0.1:9000.
2017-11-23 19:39:50,014 INFO  [i.core.discovery.server.PublicServer] [] [] [] : Stopped Service(improbable.platform.runtime.HealthCheckService) on 127.0.0.1:9001.
2017-11-23 19:39:50,037 INFO  [i.core.discovery.server.LocalServer] [] [] [] : Stopped Service(improbable.fabric.internal.service.PerfInternalService) on 127.0.0.1:9002.
2017-11-23 19:39:50,038 INFO  [i.core.discovery.server.LocalServer] [] [] [] : Stopped Service(improbable.fabric.internal.service.ContentionInternalService) on 127.0.0.1:9003.
2017-11-23 19:39:50,041 INFO  [i.core.discovery.server.PublicServer] [] [] [] : Stopped Service(improbable.platform.runtime.FeatureService) on 127.0.0.1:9004.
2017-11-23 19:39:50,042 INFO  [i.core.discovery.server.LocalServer] [] [] [] : Stopped Service(improbable.fabric.internal.service.NodeConfigurationInternalService) on 127.0.0.1:9005.
2017-11-23 19:39:50,044 INFO  [i.core.discovery.server.LocalServer] [] [] [] : Stopped Service(improbable.fabric.internal.service.WorldExtentsInternalService) on 127.0.0.1:9006.
2017-11-23 19:39:50,047 INFO  [i.core.discovery.server.LocalServer] [] [] [] : Stopped Service(improbable.fabric.internal.service.EntityIdInternalService) on 127.0.0.1:9007.
2017-11-23 19:39:50,054 INFO  [i.core.discovery.server.LocalServer] [] [] [] : Stopped Service(improbable.fabric.internal.service.WorkerPrestartRegistryInternalService) on 127.0.0.1:9008.
2017-11-23 19:39:50,057 INFO  [i.core.discovery.server.LocalServer] [] [] [] : Stopped Service(improbable.fabric.internal.service.RouterLookupInternalService) on 127.0.0.1:9009.
2017-11-23 19:39:50,060 INFO  [i.core.discovery.server.LocalServer] [] [] [] : Stopped Service(improbable.fabric.internal.service.RouterInternalService) on 127.0.0.1:9010.
2017-11-23 19:39:50,069 INFO  [i.core.discovery.server.LocalServer] [] [] [] : Stopped Service(improbable.fabric.internal.service.RemoteMessageInternalService) on 127.0.0.1:9011.
2017-11-23 19:39:50,070 INFO  [i.core.discovery.server.LocalServer] [] [] [] : Stopped Service(improbable.fabric.internal.service.LocalBrokerInternalService) on 127.0.0.1:9013.
2017-11-23 19:39:50,073 INFO  [i.core.discovery.server.LocalServer] [] [] [] : Stopped Service(improbable.fabric.internal.service.BridgeOracleInternalService) on 127.0.0.1:9014.
2017-11-23 19:39:50,078 INFO  [i.core.discovery.server.LocalServer] [] [] [] : Stopped Service(improbable.fabric.internal.service.GlobalBrokerInternalService) on 127.0.0.1:9015.
2017-11-23 19:39:50,080 INFO  [i.core.discovery.server.LocalServer] [] [] [] : Stopped Service(improbable.fabric.internal.service.BridgeServiceOracleInternalService) on 127.0.0.1:9016.
2017-11-23 19:39:50,080 INFO  [i.core.discovery.server.LocalServer] [] [] [] : Stopped Service(improbable.fabric.internal.service.LocalSnapshotInternalService) on 127.0.0.1:9017.
2017-11-23 19:39:50,082 INFO  [i.core.discovery.server.PublicServer] [] [] [] : Stopped Service(improbable.fabric.internal.service.ScalingStatsInternalService) on 127.0.0.1:9018.
2017-11-23 19:39:50,084 INFO  [i.core.discovery.server.LocalServer] [] [] [] : Stopped Service(improbable.fabric.internal.service.EntityQueryInternalService) on 127.0.0.1:9019.
2017-11-23 19:39:50,087 INFO  [i.core.discovery.server.LocalServer] [] [] [] : Stopped Service(improbable.fabric.internal.service.BridgeInternalService) on 127.0.0.1:9020.
2017-11-23 19:39:50,089 INFO  [i.core.discovery.server.PublicServer] [] [] [] : Stopped Service(improbable.platform.inner.worker.WorkerRunner) on 127.0.0.1:9021.
2017-11-23 19:39:50,097 INFO  [i.core.discovery.server.LocalServer] [] [] [] : Stopped Service(improbable.fabric.internal.service.ReceptionistInternalService) on 127.0.0.1:9022.
2017-11-23 19:39:50,097 INFO  [i.core.discovery.server.PublicServer] [] [] [] : Stopped Service(improbable.platform.runtime.ReceptionistService) on 127.0.0.1:7777.
