==========> Opened at 2017-11-29 17:27:37.4613354 +0100 CET
debug Executing [spatial.exe worker_package unpack-to worker_sdk core-dynamic-x86_64-win32 C:\Users\Matteo Torraca\Desktop\Nuovo\SoftwareEngineeringProj\workers\unity\Assets\Plugins\Improbable\CoreSdk\core-dynamic-x86_64-win32]
debug Current directory = C:\Users\Matteo Torraca\Desktop\Nuovo\SoftwareEngineeringProj\workers\unity
debug Found project root at C:\Users\Matteo Torraca\Desktop\Nuovo\SoftwareEngineeringProj
debug Found version '12.0.1' in file C:\Users\Matteo Torraca\Desktop\Nuovo\SoftwareEngineeringProj\spatialos.json
debug Skipping extraction of [C:\Users\Matteo Torraca\AppData\Local\.improbable\toolbelt\cache\worker_package\f5e3365f80a0fe506bd318da59d5ed108359925f\worker_sdk\12.0.1\core-dynamic-x86_64-win32.zip] to C:\Users\Matteo Torraca\Desktop\Nuovo\SoftwareEngineeringProj\workers\unity\Assets\Plugins\Improbable\CoreSdk\core-dynamic-x86_64-win32. Nothing has changed.
info 'spatial.exe worker_package unpack-to worker_sdk core-dynamic-x86_64-win32 C:\Users\Matteo Torraca\Desktop\Nuovo\SoftwareEngineeringProj\workers\unity\Assets\Plugins\Improbable\CoreSdk\core-dynamic-x86_64-win32' succeeded category=success duration=0.1s
==========> Opened at 2017-11-29 17:27:44.062961 +0100 CET
debug Executing [spatial.exe worker_package unpack-to worker_sdk core-dynamic-x86-win32 C:\Users\Matteo Torraca\Desktop\Nuovo\SoftwareEngineeringProj\workers\unity\Assets\Plugins\Improbable\CoreSdk\core-dynamic-x86-win32]
debug Current directory = C:\Users\Matteo Torraca\Desktop\Nuovo\SoftwareEngineeringProj\workers\unity
debug Found project root at C:\Users\Matteo Torraca\Desktop\Nuovo\SoftwareEngineeringProj
debug Found version '12.0.1' in file C:\Users\Matteo Torraca\Desktop\Nuovo\SoftwareEngineeringProj\spatialos.json
debug Skipping extraction of [C:\Users\Matteo Torraca\AppData\Local\.improbable\toolbelt\cache\worker_package\59edb0e1351b09eb2e4fe1f046530026d8b29af9\worker_sdk\12.0.1\core-dynamic-x86-win32.zip] to C:\Users\Matteo Torraca\Desktop\Nuovo\SoftwareEngineeringProj\workers\unity\Assets\Plugins\Improbable\CoreSdk\core-dynamic-x86-win32. Nothing has changed.
info 'spatial.exe worker_package unpack-to worker_sdk core-dynamic-x86-win32 C:\Users\Matteo Torraca\Desktop\Nuovo\SoftwareEngineeringProj\workers\unity\Assets\Plugins\Improbable\CoreSdk\core-dynamic-x86-win32' succeeded category=success duration=0.1s
==========> Opened at 2017-11-29 17:27:44.7832712 +0100 CET
debug Executing [spatial.exe worker_package unpack-to worker_sdk core-dynamic-x86_64-win32 C:\Users\Matteo Torraca\Desktop\Nuovo\SoftwareEngineeringProj\workers\unity\Assets\Plugins\Improbable\CoreSdk\core-dynamic-x86_64-win32]
debug Current directory = C:\Users\Matteo Torraca\Desktop\Nuovo\SoftwareEngineeringProj\workers\unity
debug Found project root at C:\Users\Matteo Torraca\Desktop\Nuovo\SoftwareEngineeringProj
debug Found version '12.0.1' in file C:\Users\Matteo Torraca\Desktop\Nuovo\SoftwareEngineeringProj\spatialos.json
debug Skipping extraction of [C:\Users\Matteo Torraca\AppData\Local\.improbable\toolbelt\cache\worker_package\f5e3365f80a0fe506bd318da59d5ed108359925f\worker_sdk\12.0.1\core-dynamic-x86_64-win32.zip] to C:\Users\Matteo Torraca\Desktop\Nuovo\SoftwareEngineeringProj\workers\unity\Assets\Plugins\Improbable\CoreSdk\core-dynamic-x86_64-win32. Nothing has changed.
info 'spatial.exe worker_package unpack-to worker_sdk core-dynamic-x86_64-win32 C:\Users\Matteo Torraca\Desktop\Nuovo\SoftwareEngineeringProj\workers\unity\Assets\Plugins\Improbable\CoreSdk\core-dynamic-x86_64-win32' succeeded category=success duration=0.1s
==========> Opened at 2017-11-29 17:28:25.2802175 +0100 CET
debug Executing [spatial.exe build build-config UnityClient UnityWorker]
debug Current directory = C:\Users\Matteo Torraca\Desktop\Nuovo\SoftwareEngineeringProj
debug Found project root at C:\Users\Matteo Torraca\Desktop\Nuovo\SoftwareEngineeringProj
debug Found project root at C:\Users\Matteo Torraca\Desktop\Nuovo\SoftwareEngineeringProj
debug Building worker assemblies.
info Generating bridge settings for UnityClient.
debug Worker 'UnityClient' defined at 'C:\Users\Matteo Torraca\Desktop\Nuovo\SoftwareEngineeringProj\workers\unity\spatialos.UnityClient.worker.json' has no managed launch configuration defined.
info Generating bridge settings for UnityWorker.
info Generating managed worker configuration for UnityWorker.
info 'spatial.exe build build-config UnityClient UnityWorker' succeeded duration=0.1s category=success
==========> Opened at 2017-11-29 17:28:47.4076811 +0100 CET
debug Executing [spatial.exe worker_package unpack-to worker_sdk core-dynamic-x86-win32 C:\Users\Matteo Torraca\Desktop\Nuovo\SoftwareEngineeringProj\workers\unity\Assets\Plugins\Improbable\CoreSdk\core-dynamic-x86-win32]
debug Current directory = C:\Users\Matteo Torraca\Desktop\Nuovo\SoftwareEngineeringProj\workers\unity
debug Found project root at C:\Users\Matteo Torraca\Desktop\Nuovo\SoftwareEngineeringProj
debug Found version '12.0.1' in file C:\Users\Matteo Torraca\Desktop\Nuovo\SoftwareEngineeringProj\spatialos.json
debug Skipping extraction of [C:\Users\Matteo Torraca\AppData\Local\.improbable\toolbelt\cache\worker_package\59edb0e1351b09eb2e4fe1f046530026d8b29af9\worker_sdk\12.0.1\core-dynamic-x86-win32.zip] to C:\Users\Matteo Torraca\Desktop\Nuovo\SoftwareEngineeringProj\workers\unity\Assets\Plugins\Improbable\CoreSdk\core-dynamic-x86-win32. Nothing has changed.
info 'spatial.exe worker_package unpack-to worker_sdk core-dynamic-x86-win32 C:\Users\Matteo Torraca\Desktop\Nuovo\SoftwareEngineeringProj\workers\unity\Assets\Plugins\Improbable\CoreSdk\core-dynamic-x86-win32' succeeded duration=0.1s category=success
==========> Opened at 2017-11-29 17:28:48.4393709 +0100 CET
debug Executing [spatial.exe worker_package unpack-to worker_sdk core-dynamic-x86_64-win32 C:\Users\Matteo Torraca\Desktop\Nuovo\SoftwareEngineeringProj\workers\unity\Assets\Plugins\Improbable\CoreSdk\core-dynamic-x86_64-win32]
debug Current directory = C:\Users\Matteo Torraca\Desktop\Nuovo\SoftwareEngineeringProj\workers\unity
debug Found project root at C:\Users\Matteo Torraca\Desktop\Nuovo\SoftwareEngineeringProj
debug Found version '12.0.1' in file C:\Users\Matteo Torraca\Desktop\Nuovo\SoftwareEngineeringProj\spatialos.json
debug Skipping extraction of [C:\Users\Matteo Torraca\AppData\Local\.improbable\toolbelt\cache\worker_package\f5e3365f80a0fe506bd318da59d5ed108359925f\worker_sdk\12.0.1\core-dynamic-x86_64-win32.zip] to C:\Users\Matteo Torraca\Desktop\Nuovo\SoftwareEngineeringProj\workers\unity\Assets\Plugins\Improbable\CoreSdk\core-dynamic-x86_64-win32. Nothing has changed.
info 'spatial.exe worker_package unpack-to worker_sdk core-dynamic-x86_64-win32 C:\Users\Matteo Torraca\Desktop\Nuovo\SoftwareEngineeringProj\workers\unity\Assets\Plugins\Improbable\CoreSdk\core-dynamic-x86_64-win32' succeeded category=success duration=0.1s
==========> Opened at 2017-11-29 17:28:54.2961353 +0100 CET
debug Executing [spatial.exe prepare-for-run]
debug Current directory = C:\Users\Matteo Torraca\Desktop\Nuovo\SoftwareEngineeringProj
debug Found project root at C:\Users\Matteo Torraca\Desktop\Nuovo\SoftwareEngineeringProj
debug Found project root at C:\Users\Matteo Torraca\Desktop\Nuovo\SoftwareEngineeringProj
debug Building schema descriptor.
debug Found version '12.0.1' in file C:\Users\Matteo Torraca\Desktop\Nuovo\SoftwareEngineeringProj\spatialos.json
debug Found project root at C:\Users\Matteo Torraca\Desktop\Nuovo\SoftwareEngineeringProj
debug Running within a SpatialOS project, using the default input paths '[C:\Users\Matteo Torraca\Desktop\Nuovo\SoftwareEngineeringProj\schema C:\Users\Matteo Torraca\Desktop\Nuovo\SoftwareEngineeringProj\build\dependencies\schema\standard_library]'
debug Skipping extraction of [C:\Users\Matteo Torraca\AppData\Local\.improbable\toolbelt\cache\worker_package\78566ccefaa6c3b8889d2c9056b73984e92dba7b\tools\12.0.1\schema_compiler-x86_64-win32.zip] to C:\Users\Matteo Torraca\AppData\Local\.improbable\toolbelt\tools\12.0.1\schema_compiler-x86_64-win32. Nothing has changed.
debug Skipping extraction of [C:\Users\Matteo Torraca\AppData\Local\.improbable\toolbelt\cache\worker_package\78566ccefaa6c3b8889d2c9056b73984e92dba7b\tools\12.0.1\schema_compiler-x86_64-win32.zip] to C:\Users\Matteo Torraca\AppData\Local\.improbable\toolbelt\tools\12.0.1\schema_compiler-x86_64-win32. Nothing has changed.
debug In '', C:\Users\Matteo Torraca\AppData\Local\.improbable\toolbelt\tools\12.0.1\schema_compiler-x86_64-win32\schema_compiler.exe [--schema_path=C:\Users\Matteo Torraca\Desktop\Nuovo\SoftwareEngineeringProj\schema --schema_path=C:\Users\Matteo Torraca\Desktop\Nuovo\SoftwareEngineeringProj\build\dependencies\schema\standard_library --load_all_schema_on_schema_path]
debug C:\Users\Matteo Torraca\AppData\Local\.improbable\toolbelt\tools\12.0.1\schema_compiler-x86_64-win32\schema_compiler.exe: No outputs specified, validating schema only.
debug Changes detected. Generating code.
debug Cleaning output directories [C:\Users\Matteo Torraca\Desktop\Nuovo\SoftwareEngineeringProj\build\descriptor\output C:\Users\Matteo Torraca\Desktop\Nuovo\SoftwareEngineeringProj\build\descriptor\generated_proto_ir C:\Users\Matteo Torraca\Desktop\Nuovo\SoftwareEngineeringProj\build\descriptor\generated_descriptor]
info Generating descriptor. 0/2 percent=0
debug In '', C:\Users\Matteo Torraca\AppData\Local\.improbable\toolbelt\tools\12.0.1\schema_compiler-x86_64-win32\schema_compiler.exe [--proto_out=C:\Users\Matteo Torraca\Desktop\Nuovo\SoftwareEngineeringProj\build\descriptor\generated_proto_ir --schema_path=C:\Users\Matteo Torraca\Desktop\Nuovo\SoftwareEngineeringProj\schema --schema_path=C:\Users\Matteo Torraca\Desktop\Nuovo\SoftwareEngineeringProj\build\dependencies\schema\standard_library C:\Users\Matteo Torraca\Desktop\Nuovo\SoftwareEngineeringProj\schema\improbable\core\ClientAuthorityCheck.schema]
debug In '', C:\Users\Matteo Torraca\AppData\Local\.improbable\toolbelt\tools\12.0.1\schema_compiler-x86_64-win32\schema_compiler.exe [--proto_out=C:\Users\Matteo Torraca\Desktop\Nuovo\SoftwareEngineeringProj\build\descriptor\generated_proto_ir --schema_path=C:\Users\Matteo Torraca\Desktop\Nuovo\SoftwareEngineeringProj\schema --schema_path=C:\Users\Matteo Torraca\Desktop\Nuovo\SoftwareEngineeringProj\build\dependencies\schema\standard_library C:\Users\Matteo Torraca\Desktop\Nuovo\SoftwareEngineeringProj\schema\improbable\core\PlayerCreation.schema]
debug In '', C:\Users\Matteo Torraca\AppData\Local\.improbable\toolbelt\tools\12.0.1\schema_compiler-x86_64-win32\schema_compiler.exe [--proto_out=C:\Users\Matteo Torraca\Desktop\Nuovo\SoftwareEngineeringProj\build\descriptor\generated_proto_ir --schema_path=C:\Users\Matteo Torraca\Desktop\Nuovo\SoftwareEngineeringProj\schema --schema_path=C:\Users\Matteo Torraca\Desktop\Nuovo\SoftwareEngineeringProj\build\dependencies\schema\standard_library C:\Users\Matteo Torraca\Desktop\Nuovo\SoftwareEngineeringProj\schema\improbable\core\Quaternion.schema]
debug In '', C:\Users\Matteo Torraca\AppData\Local\.improbable\toolbelt\tools\12.0.1\schema_compiler-x86_64-win32\schema_compiler.exe [--proto_out=C:\Users\Matteo Torraca\Desktop\Nuovo\SoftwareEngineeringProj\build\descriptor\generated_proto_ir --schema_path=C:\Users\Matteo Torraca\Desktop\Nuovo\SoftwareEngineeringProj\schema --schema_path=C:\Users\Matteo Torraca\Desktop\Nuovo\SoftwareEngineeringProj\build\dependencies\schema\standard_library C:\Users\Matteo Torraca\Desktop\Nuovo\SoftwareEngineeringProj\schema\improbable\core\Rotation.schema]
debug In '', C:\Users\Matteo Torraca\AppData\Local\.improbable\toolbelt\tools\12.0.1\schema_compiler-x86_64-win32\schema_compiler.exe [--proto_out=C:\Users\Matteo Torraca\Desktop\Nuovo\SoftwareEngineeringProj\build\descriptor\generated_proto_ir --schema_path=C:\Users\Matteo Torraca\Desktop\Nuovo\SoftwareEngineeringProj\schema --schema_path=C:\Users\Matteo Torraca\Desktop\Nuovo\SoftwareEngineeringProj\build\dependencies\schema\standard_library C:\Users\Matteo Torraca\Desktop\Nuovo\SoftwareEngineeringProj\schema\improbable\player\ClientConnection.schema]
debug In '', C:\Users\Matteo Torraca\AppData\Local\.improbable\toolbelt\tools\12.0.1\schema_compiler-x86_64-win32\schema_compiler.exe [--proto_out=C:\Users\Matteo Torraca\Desktop\Nuovo\SoftwareEngineeringProj\build\descriptor\generated_proto_ir --schema_path=C:\Users\Matteo Torraca\Desktop\Nuovo\SoftwareEngineeringProj\schema --schema_path=C:\Users\Matteo Torraca\Desktop\Nuovo\SoftwareEngineeringProj\build\dependencies\schema\standard_library C:\Users\Matteo Torraca\Desktop\Nuovo\SoftwareEngineeringProj\schema\improbable\player\Health.schema]
debug In '', C:\Users\Matteo Torraca\AppData\Local\.improbable\toolbelt\tools\12.0.1\schema_compiler-x86_64-win32\schema_compiler.exe [--proto_out=C:\Users\Matteo Torraca\Desktop\Nuovo\SoftwareEngineeringProj\build\descriptor\generated_proto_ir --schema_path=C:\Users\Matteo Torraca\Desktop\Nuovo\SoftwareEngineeringProj\schema --schema_path=C:\Users\Matteo Torraca\Desktop\Nuovo\SoftwareEngineeringProj\build\dependencies\schema\standard_library C:\Users\Matteo Torraca\Desktop\Nuovo\SoftwareEngineeringProj\schema\improbable\player\PlayerInput.schema]
debug In '', C:\Users\Matteo Torraca\AppData\Local\.improbable\toolbelt\tools\12.0.1\schema_compiler-x86_64-win32\schema_compiler.exe [--proto_out=C:\Users\Matteo Torraca\Desktop\Nuovo\SoftwareEngineeringProj\build\descriptor\generated_proto_ir --schema_path=C:\Users\Matteo Torraca\Desktop\Nuovo\SoftwareEngineeringProj\schema --schema_path=C:\Users\Matteo Torraca\Desktop\Nuovo\SoftwareEngineeringProj\build\dependencies\schema\standard_library C:\Users\Matteo Torraca\Desktop\Nuovo\SoftwareEngineeringProj\schema\improbable\player\PlayerRotation.schema]
debug In '', C:\Users\Matteo Torraca\AppData\Local\.improbable\toolbelt\tools\12.0.1\schema_compiler-x86_64-win32\schema_compiler.exe [--proto_out=C:\Users\Matteo Torraca\Desktop\Nuovo\SoftwareEngineeringProj\build\descriptor\generated_proto_ir --schema_path=C:\Users\Matteo Torraca\Desktop\Nuovo\SoftwareEngineeringProj\schema --schema_path=C:\Users\Matteo Torraca\Desktop\Nuovo\SoftwareEngineeringProj\build\dependencies\schema\standard_library C:\Users\Matteo Torraca\Desktop\Nuovo\SoftwareEngineeringProj\schema\improbable\player\Score.schema]
debug In '', C:\Users\Matteo Torraca\AppData\Local\.improbable\toolbelt\tools\12.0.1\schema_compiler-x86_64-win32\schema_compiler.exe [--proto_out=C:\Users\Matteo Torraca\Desktop\Nuovo\SoftwareEngineeringProj\build\descriptor\generated_proto_ir --schema_path=C:\Users\Matteo Torraca\Desktop\Nuovo\SoftwareEngineeringProj\schema --schema_path=C:\Users\Matteo Torraca\Desktop\Nuovo\SoftwareEngineeringProj\build\dependencies\schema\standard_library C:\Users\Matteo Torraca\Desktop\Nuovo\SoftwareEngineeringProj\build\dependencies\schema\standard_library\improbable\standard_library.schema]
debug In '', C:\Users\Matteo Torraca\AppData\Local\.improbable\toolbelt\tools\12.0.1\schema_compiler-x86_64-win32\schema_compiler.exe [--proto_out=C:\Users\Matteo Torraca\Desktop\Nuovo\SoftwareEngineeringProj\build\descriptor\generated_proto_ir --schema_path=C:\Users\Matteo Torraca\Desktop\Nuovo\SoftwareEngineeringProj\schema --schema_path=C:\Users\Matteo Torraca\Desktop\Nuovo\SoftwareEngineeringProj\build\dependencies\schema\standard_library C:\Users\Matteo Torraca\Desktop\Nuovo\SoftwareEngineeringProj\build\dependencies\schema\standard_library\improbable\vector3.schema]
info Generating descriptor. 1/2 percent=50
debug In '', C:\Users\Matteo Torraca\AppData\Local\.improbable\toolbelt\tools\12.0.1\schema_compiler-x86_64-win32\protoc.exe [--proto_path=C:\Users\Matteo Torraca\Desktop\Nuovo\SoftwareEngineeringProj\build\descriptor\generated_proto_ir --proto_path=C:\Users\Matteo Torraca\AppData\Local\.improbable\toolbelt\tools\12.0.1\schema_compiler-x86_64-win32\proto --descriptor_set_out=C:\Users\Matteo Torraca\Desktop\Nuovo\SoftwareEngineeringProj\build\descriptor\generated_descriptor\f535f64cfb5a06f4\ClientAuthorityCheck.proto.descriptor C:\Users\Matteo Torraca\Desktop\Nuovo\SoftwareEngineeringProj\build\descriptor\generated_proto_ir\improbable\core\ClientAuthorityCheck.proto]
debug In '', C:\Users\Matteo Torraca\AppData\Local\.improbable\toolbelt\tools\12.0.1\schema_compiler-x86_64-win32\protoc.exe [--proto_path=C:\Users\Matteo Torraca\Desktop\Nuovo\SoftwareEngineeringProj\build\descriptor\generated_proto_ir --proto_path=C:\Users\Matteo Torraca\AppData\Local\.improbable\toolbelt\tools\12.0.1\schema_compiler-x86_64-win32\proto --descriptor_set_out=C:\Users\Matteo Torraca\Desktop\Nuovo\SoftwareEngineeringProj\build\descriptor\generated_descriptor\586ac0bd7fc6eaea\PlayerCreation.proto.descriptor C:\Users\Matteo Torraca\Desktop\Nuovo\SoftwareEngineeringProj\build\descriptor\generated_proto_ir\improbable\core\PlayerCreation.proto]
debug In '', C:\Users\Matteo Torraca\AppData\Local\.improbable\toolbelt\tools\12.0.1\schema_compiler-x86_64-win32\protoc.exe [--proto_path=C:\Users\Matteo Torraca\Desktop\Nuovo\SoftwareEngineeringProj\build\descriptor\generated_proto_ir --proto_path=C:\Users\Matteo Torraca\AppData\Local\.improbable\toolbelt\tools\12.0.1\schema_compiler-x86_64-win32\proto --descriptor_set_out=C:\Users\Matteo Torraca\Desktop\Nuovo\SoftwareEngineeringProj\build\descriptor\generated_descriptor\fd862b986340dab5\Quaternion.proto.descriptor C:\Users\Matteo Torraca\Desktop\Nuovo\SoftwareEngineeringProj\build\descriptor\generated_proto_ir\improbable\core\Quaternion.proto]
debug In '', C:\Users\Matteo Torraca\AppData\Local\.improbable\toolbelt\tools\12.0.1\schema_compiler-x86_64-win32\protoc.exe [--proto_path=C:\Users\Matteo Torraca\Desktop\Nuovo\SoftwareEngineeringProj\build\descriptor\generated_proto_ir --proto_path=C:\Users\Matteo Torraca\AppData\Local\.improbable\toolbelt\tools\12.0.1\schema_compiler-x86_64-win32\proto --descriptor_set_out=C:\Users\Matteo Torraca\Desktop\Nuovo\SoftwareEngineeringProj\build\descriptor\generated_descriptor\7c0cb33d3a191362\Rotation.proto.descriptor C:\Users\Matteo Torraca\Desktop\Nuovo\SoftwareEngineeringProj\build\descriptor\generated_proto_ir\improbable\core\Rotation.proto]
debug In '', C:\Users\Matteo Torraca\AppData\Local\.improbable\toolbelt\tools\12.0.1\schema_compiler-x86_64-win32\protoc.exe [--proto_path=C:\Users\Matteo Torraca\Desktop\Nuovo\SoftwareEngineeringProj\build\descriptor\generated_proto_ir --proto_path=C:\Users\Matteo Torraca\AppData\Local\.improbable\toolbelt\tools\12.0.1\schema_compiler-x86_64-win32\proto --descriptor_set_out=C:\Users\Matteo Torraca\Desktop\Nuovo\SoftwareEngineeringProj\build\descriptor\generated_descriptor\ceeefde2c0c8d0a0\ClientConnection.proto.descriptor C:\Users\Matteo Torraca\Desktop\Nuovo\SoftwareEngineeringProj\build\descriptor\generated_proto_ir\improbable\player\ClientConnection.proto]
debug In '', C:\Users\Matteo Torraca\AppData\Local\.improbable\toolbelt\tools\12.0.1\schema_compiler-x86_64-win32\protoc.exe [--proto_path=C:\Users\Matteo Torraca\Desktop\Nuovo\SoftwareEngineeringProj\build\descriptor\generated_proto_ir --proto_path=C:\Users\Matteo Torraca\AppData\Local\.improbable\toolbelt\tools\12.0.1\schema_compiler-x86_64-win32\proto --descriptor_set_out=C:\Users\Matteo Torraca\Desktop\Nuovo\SoftwareEngineeringProj\build\descriptor\generated_descriptor\531f91cea92fe3b1\Health.proto.descriptor C:\Users\Matteo Torraca\Desktop\Nuovo\SoftwareEngineeringProj\build\descriptor\generated_proto_ir\improbable\player\Health.proto]
debug In '', C:\Users\Matteo Torraca\AppData\Local\.improbable\toolbelt\tools\12.0.1\schema_compiler-x86_64-win32\protoc.exe [--proto_path=C:\Users\Matteo Torraca\Desktop\Nuovo\SoftwareEngineeringProj\build\descriptor\generated_proto_ir --proto_path=C:\Users\Matteo Torraca\AppData\Local\.improbable\toolbelt\tools\12.0.1\schema_compiler-x86_64-win32\proto --descriptor_set_out=C:\Users\Matteo Torraca\Desktop\Nuovo\SoftwareEngineeringProj\build\descriptor\generated_descriptor\c87a18a55ebc42a6\PlayerInput.proto.descriptor C:\Users\Matteo Torraca\Desktop\Nuovo\SoftwareEngineeringProj\build\descriptor\generated_proto_ir\improbable\player\PlayerInput.proto]
debug In '', C:\Users\Matteo Torraca\AppData\Local\.improbable\toolbelt\tools\12.0.1\schema_compiler-x86_64-win32\protoc.exe [--proto_path=C:\Users\Matteo Torraca\Desktop\Nuovo\SoftwareEngineeringProj\build\descriptor\generated_proto_ir --proto_path=C:\Users\Matteo Torraca\AppData\Local\.improbable\toolbelt\tools\12.0.1\schema_compiler-x86_64-win32\proto --descriptor_set_out=C:\Users\Matteo Torraca\Desktop\Nuovo\SoftwareEngineeringProj\build\descriptor\generated_descriptor\9876d80be1997c24\PlayerRotation.proto.descriptor C:\Users\Matteo Torraca\Desktop\Nuovo\SoftwareEngineeringProj\build\descriptor\generated_proto_ir\improbable\player\PlayerRotation.proto]
debug In '', C:\Users\Matteo Torraca\AppData\Local\.improbable\toolbelt\tools\12.0.1\schema_compiler-x86_64-win32\protoc.exe [--proto_path=C:\Users\Matteo Torraca\Desktop\Nuovo\SoftwareEngineeringProj\build\descriptor\generated_proto_ir --proto_path=C:\Users\Matteo Torraca\AppData\Local\.improbable\toolbelt\tools\12.0.1\schema_compiler-x86_64-win32\proto --descriptor_set_out=C:\Users\Matteo Torraca\Desktop\Nuovo\SoftwareEngineeringProj\build\descriptor\generated_descriptor\280a368cc8a44fc5\Score.proto.descriptor C:\Users\Matteo Torraca\Desktop\Nuovo\SoftwareEngineeringProj\build\descriptor\generated_proto_ir\improbable\player\Score.proto]
debug In '', C:\Users\Matteo Torraca\AppData\Local\.improbable\toolbelt\tools\12.0.1\schema_compiler-x86_64-win32\protoc.exe [--proto_path=C:\Users\Matteo Torraca\Desktop\Nuovo\SoftwareEngineeringProj\build\descriptor\generated_proto_ir --proto_path=C:\Users\Matteo Torraca\AppData\Local\.improbable\toolbelt\tools\12.0.1\schema_compiler-x86_64-win32\proto --descriptor_set_out=C:\Users\Matteo Torraca\Desktop\Nuovo\SoftwareEngineeringProj\build\descriptor\generated_descriptor\93976207eaf4d619\standard_library.proto.descriptor C:\Users\Matteo Torraca\Desktop\Nuovo\SoftwareEngineeringProj\build\descriptor\generated_proto_ir\improbable\standard_library.proto]
debug In '', C:\Users\Matteo Torraca\AppData\Local\.improbable\toolbelt\tools\12.0.1\schema_compiler-x86_64-win32\protoc.exe [--proto_path=C:\Users\Matteo Torraca\Desktop\Nuovo\SoftwareEngineeringProj\build\descriptor\generated_proto_ir --proto_path=C:\Users\Matteo Torraca\AppData\Local\.improbable\toolbelt\tools\12.0.1\schema_compiler-x86_64-win32\proto --descriptor_set_out=C:\Users\Matteo Torraca\Desktop\Nuovo\SoftwareEngineeringProj\build\descriptor\generated_descriptor\c2acf76b33139367\vector3.proto.descriptor C:\Users\Matteo Torraca\Desktop\Nuovo\SoftwareEngineeringProj\build\descriptor\generated_proto_ir\improbable\vector3.proto]
debug In '', C:\Users\Matteo Torraca\AppData\Local\.improbable\toolbelt\tools\12.0.1\schema_compiler-x86_64-win32\protoc.exe [--proto_path=C:\Users\Matteo Torraca\Desktop\Nuovo\SoftwareEngineeringProj\build\descriptor\generated_proto_ir --proto_path=C:\Users\Matteo Torraca\AppData\Local\.improbable\toolbelt\tools\12.0.1\schema_compiler-x86_64-win32\proto --descriptor_set_out=C:\Users\Matteo Torraca\Desktop\Nuovo\SoftwareEngineeringProj\build\descriptor\generated_descriptor\78e9193cbb0bb2df\descriptor.proto.descriptor C:\Users\Matteo Torraca\AppData\Local\.improbable\toolbelt\tools\12.0.1\schema_compiler-x86_64-win32\proto\google\protobuf\descriptor.proto]
debug In '', C:\Users\Matteo Torraca\AppData\Local\.improbable\toolbelt\tools\12.0.1\schema_compiler-x86_64-win32\protoc.exe [--proto_path=C:\Users\Matteo Torraca\Desktop\Nuovo\SoftwareEngineeringProj\build\descriptor\generated_proto_ir --proto_path=C:\Users\Matteo Torraca\AppData\Local\.improbable\toolbelt\tools\12.0.1\schema_compiler-x86_64-win32\proto --descriptor_set_out=C:\Users\Matteo Torraca\Desktop\Nuovo\SoftwareEngineeringProj\build\descriptor\generated_descriptor\235a73b46c2130ca\entity_state.proto.descriptor C:\Users\Matteo Torraca\AppData\Local\.improbable\toolbelt\tools\12.0.1\schema_compiler-x86_64-win32\proto\improbable\entity_state.proto]
debug Writing unified schema to 'C:\Users\Matteo Torraca\Desktop\Nuovo\SoftwareEngineeringProj\build\descriptor\output\schema.descriptor'
info Generating descriptor. 2/2 percent=100
debug Saving cache data to C:\Users\Matteo Torraca\Desktop\Nuovo\SoftwareEngineeringProj\build\descriptor\cache.json.
info 'spatial.exe prepare-for-run' succeeded category=success duration=0.6s
==========> Opened at 2017-11-29 17:29:22.4570518 +0100 CET
debug Executing [spatial.exe worker_package unpack-to worker_sdk core-dynamic-x86-win32 C:\Users\Matteo Torraca\Desktop\Nuovo\SoftwareEngineeringProj\workers\unity\Assets\Plugins\Improbable\CoreSdk\core-dynamic-x86-win32]
debug Current directory = C:\Users\Matteo Torraca\Desktop\Nuovo\SoftwareEngineeringProj\workers\unity
debug Found project root at C:\Users\Matteo Torraca\Desktop\Nuovo\SoftwareEngineeringProj
debug Found version '12.0.1' in file C:\Users\Matteo Torraca\Desktop\Nuovo\SoftwareEngineeringProj\spatialos.json
debug Skipping extraction of [C:\Users\Matteo Torraca\AppData\Local\.improbable\toolbelt\cache\worker_package\59edb0e1351b09eb2e4fe1f046530026d8b29af9\worker_sdk\12.0.1\core-dynamic-x86-win32.zip] to C:\Users\Matteo Torraca\Desktop\Nuovo\SoftwareEngineeringProj\workers\unity\Assets\Plugins\Improbable\CoreSdk\core-dynamic-x86-win32. Nothing has changed.
info 'spatial.exe worker_package unpack-to worker_sdk core-dynamic-x86-win32 C:\Users\Matteo Torraca\Desktop\Nuovo\SoftwareEngineeringProj\workers\unity\Assets\Plugins\Improbable\CoreSdk\core-dynamic-x86-win32' succeeded duration=0.1s category=success
==========> Opened at 2017-11-29 17:29:23.6431885 +0100 CET
debug Executing [spatial.exe worker_package unpack-to worker_sdk core-dynamic-x86_64-win32 C:\Users\Matteo Torraca\Desktop\Nuovo\SoftwareEngineeringProj\workers\unity\Assets\Plugins\Improbable\CoreSdk\core-dynamic-x86_64-win32]
debug Current directory = C:\Users\Matteo Torraca\Desktop\Nuovo\SoftwareEngineeringProj\workers\unity
debug Found project root at C:\Users\Matteo Torraca\Desktop\Nuovo\SoftwareEngineeringProj
debug Found version '12.0.1' in file C:\Users\Matteo Torraca\Desktop\Nuovo\SoftwareEngineeringProj\spatialos.json
debug Skipping extraction of [C:\Users\Matteo Torraca\AppData\Local\.improbable\toolbelt\cache\worker_package\f5e3365f80a0fe506bd318da59d5ed108359925f\worker_sdk\12.0.1\core-dynamic-x86_64-win32.zip] to C:\Users\Matteo Torraca\Desktop\Nuovo\SoftwareEngineeringProj\workers\unity\Assets\Plugins\Improbable\CoreSdk\core-dynamic-x86_64-win32. Nothing has changed.
info 'spatial.exe worker_package unpack-to worker_sdk core-dynamic-x86_64-win32 C:\Users\Matteo Torraca\Desktop\Nuovo\SoftwareEngineeringProj\workers\unity\Assets\Plugins\Improbable\CoreSdk\core-dynamic-x86_64-win32' succeeded duration=0.1s category=success
==========> Opened at 2017-11-29 17:29:32.3025181 +0100 CET
debug Executing [spatial.exe worker launch UnityClient default]
debug Current directory = C:\Users\Matteo Torraca\Desktop\Nuovo\SoftwareEngineeringProj
debug Found project root at C:\Users\Matteo Torraca\Desktop\Nuovo\SoftwareEngineeringProj
debug Found project root at C:\Users\Matteo Torraca\Desktop\Nuovo\SoftwareEngineeringProj
debug In 'C:\Users\Matteo Torraca\Desktop\Nuovo\SoftwareEngineeringProj\workers\unity', build/worker/UnityClient@Windows/UnityClient@Windows.exe [+assemblyName local_assembly +workerType UnityClient +infraServicesUrl http://127.0.0.1:21000 +projectName your_project_name_here -logfile external-default-unityclient.log]
info Mono path[0] = 'C:/Users/Matteo Torraca/Desktop/Nuovo/SoftwareEngineeringProj/workers/unity/build/worker/UnityClient@Windows/UnityClient@Windows_Data/Managed'
info Mono path[1] = 'C:/Users/Matteo Torraca/Desktop/Nuovo/SoftwareEngineeringProj/workers/unity/build/worker/UnityClient@Windows/UnityClient@Windows_Data/Mono'
info Mono config path = 'C:/Users/Matteo Torraca/Desktop/Nuovo/SoftwareEngineeringProj/workers/unity/build/worker/UnityClient@Windows/UnityClient@Windows_Data/Mono/etc'
info Player data archive not found at `C:/Users/Matteo Torraca/Desktop/Nuovo/SoftwareEngineeringProj/workers/unity/build/worker/UnityClient@Windows/UnityClient@Windows_Data/data.unity3d`, using local filesystem
info 'spatial.exe worker launch UnityClient default' succeeded duration=2m:16s category=success
