2017-11-23 15:49:08,830 INFO  [i.deployment.InternalGameLauncher] [] [] [] : Parsed 362 internal flags at startup
2017-11-23 15:49:08,977 INFO  [i.deployment.InternalGameLauncher] [] [] [] : SpatialOS runtime version: 11-20171114T103507Z-cc9d195
2017-11-23 15:49:09,167 INFO  [i.c.c.f.FlagzFieldRegistryUpdater] [] [] [] : Initialized Fabric flagz registry with 11 set fields.
2017-11-23 15:49:10,266 INFO  [i.core.discovery.server.LocalServer] [] [] [] : Registered Service(improbable.fabric.internal.service.StatusDiscoveryInternalService) on 127.0.0.1:5301.
2017-11-23 15:49:10,267 INFO  [i.c.discovery.ServiceDiscoveryImpl] [] [] [] : Status discovery address: host: "127.0.0.1"
port: 5301

2017-11-23 15:49:10,271 INFO  [improbable.module.ModuleNode] [] [] [] : Starting Fabric node as master (IP: 127.0.0.1).
2017-11-23 15:49:10,281 INFO  [i.c.d.client.CheckpointDiscoveryImpl] [] [] [] : Reached a checkpoint: ALL_NODES_STARTED
2017-11-23 15:49:10,281 INFO  [improbable.module.ModuleNode] [] [] [] : Node master has started, waiting for other nodes to reach the same checkpoint.
2017-11-23 15:49:10,281 INFO  [improbable.module.ModuleNode] [] [] [] : All nodes have been started.
2017-11-23 15:49:10,296 INFO  [i.core.discovery.server.PublicServer] [] [] [] : Registered Service(improbable.platform.runtime.ModuleService) on 127.0.0.1:9000.
2017-11-23 15:49:10,318 INFO  [i.core.discovery.server.PublicServer] [] [] [] : Registered Service(improbable.platform.runtime.HealthCheckService) on 127.0.0.1:9001.
2017-11-23 15:49:10,332 INFO  [i.core.discovery.server.LocalServer] [] [] [] : Registered Service(improbable.fabric.internal.service.PerfInternalService) on 127.0.0.1:9002.
2017-11-23 15:49:10,346 INFO  [i.core.discovery.server.LocalServer] [] [] [] : Registered Service(improbable.fabric.internal.service.ContentionInternalService) on 127.0.0.1:9003.
2017-11-23 15:49:10,375 INFO  [i.c.d.g.GlobalServiceDiscoveryImpl] [] [] [] : Global service discovery refreshed 5 server(s) (previously: 0)
2017-11-23 15:49:10,375 INFO  [i.c.d.g.GlobalCheckpointDiscoveryImpl] [] [] [] : Global checkpoint discovery refreshed checkpoints.
2017-11-23 15:49:10,379 INFO  [i.core.discovery.server.PublicServer] [] [] [] : Registered Service(improbable.platform.runtime.FeatureService) on 127.0.0.1:9004.
2017-11-23 15:49:10,432 INFO  [i.c.config.flagz.WorkerFlagzUpdater] [] [] [] : Initialized worker flagz registry with 0 set fields.
2017-11-23 15:49:10,434 INFO  [improbable.module.ModuleNode] [] [] [] : Using master node configuration loader.
2017-11-23 15:49:10,445 INFO  [i.core.discovery.server.LocalServer] [] [] [] : Registered Service(improbable.fabric.internal.service.NodeConfigurationInternalService) on 127.0.0.1:9005.
2017-11-23 15:49:10,468 INFO  [i.c.c.n.MasterNodeConfigurationLoader] [] [] [] : Using roles [MASTER, GSIM, BRIDGE, WORKER_RUNNER, INSPECTION] for node node_id {
  deployment_id {
    project_id {
      name: "your_project_name_here"
    }
    name: "local"
  }
  name: "master"
}
private_ip: "127.0.0.1"
roles: MASTER
roles: GSIM
roles: BRIDGE
roles: WORKER_RUNNER
roles: INSPECTION

2017-11-23 15:49:10,491 INFO  [improbable.core.config.node.GsimGrid] [] [] [] : Created gsim grid configuration of size (1500, 1500) with 1 columns and 1 rows, using gsims of (30, 30) chunks.
2017-11-23 15:49:10,508 INFO  [i.c.c.n.MasterNodeConfigurationLoader] [] [] [] : Original deployment module configuration (before parsing): {deployment_id {
  project_id {
    name: "your_project_name_here"
  }
  name: "local"
}
name: "master"
=[ProfilingModule, BridgeModuleOracleModule, BridgeOracleModule, PersistenceModule, ReceptionistModule, RouterModule, GSimModule, BridgeModule, EngineStartupModule, InspectionRestModule]}
2017-11-23 15:49:10,527 INFO  [i.c.c.n.MasterNodeConfigurationLoader] [] [] [] : Master successfully loaded configurations for 1 node(s).
2017-11-23 15:49:10,532 INFO  [improbable.module.ModuleNode] [] [] [] : Loaded node configuration: node_id {
  deployment_id {
    project_id {
      name: "your_project_name_here"
    }
    name: "local"
  }
  name: "master"
}
gsim_configurations {
  extent {
    bottom_left {
      x_in_chunks: -15
      z_in_chunks: -15
    }
    top_right {
      x_in_chunks: 15
      z_in_chunks: 15
    }
  }
}
start_router: true
start_bridge_oracle: true
start_bridge_module_oracle: true
start_engine_startup_module: true
start_receptionist_service: true
start_inspection_rest_module: true
start_snapshot_service: true
start_profiling_module: true
bridge_modules: "BridgeModule"
gsim_modules: "GSimModule"

2017-11-23 15:49:10,533 INFO  [improbable.module.ModuleNode] [] [] [] : Using master world extents provider.
2017-11-23 15:49:10,548 INFO  [i.core.discovery.server.LocalServer] [] [] [] : Registered Service(improbable.fabric.internal.service.WorldExtentsInternalService) on 127.0.0.1:9006.
2017-11-23 15:49:10,551 INFO  [i.c.world.MasterWorldExtentsProvider] [] [] [] : Successfully initialized world extents with 1 rectangle(s).
2017-11-23 15:49:10,554 INFO  [improbable.module.ModuleNode] [] [] [] : Loaded world extents: WorldExtents{proto=rectangles {
  bottom_left {
    x: -750.0
    z: -750.0
  }
  top_right {
    x: 750.0
    z: 750.0
  }
  is_fully_simulated: true
  responsible_gsim_id {
  }
}
bounding_rectangle {
  bottom_left {
    x: -750.0
    z: -750.0
  }
  top_right {
    x: 750.0
    z: 750.0
  }
  is_fully_simulated: true
}
}
2017-11-23 15:49:10,692 INFO  [i.e.schema.ParsedFileDescriptorSet] [] [] [] : Parsed file descriptors of 13 proto files.
2017-11-23 15:49:10,724 INFO  [i.entity.schema.SchemaFactory] [] [] [] : Found components: [improbable.player.PlayerRotation, improbable.EntityAcl, improbable.Metadata, improbable.Position, improbable.Persistence, improbable.player.PlayerInput, improbable.core.PlayerCreation, improbable.core.ClientAuthorityCheck, improbable.player.ClientConnection, improbable.core.Rotation, improbable.player.Health]
2017-11-23 15:49:10,732 INFO  [i.entity.schema.SchemaFactory] [] [] [] : Found components: [improbable.core.ClientAuthorityCheck, improbable.EntityAcl, improbable.Metadata, improbable.Position, improbable.Persistence, improbable.player.ClientConnection, improbable.player.PlayerRotation, improbable.player.Health, improbable.core.Rotation, improbable.core.PlayerCreation, improbable.player.PlayerInput, improbable.internal.EntityAuthority]
2017-11-23 15:49:10,733 INFO  [improbable.module.ModuleNode] [] [] [] : Successfully loaded schema for entities
2017-11-23 15:49:10,734 INFO  [improbable.module.ModuleNode] [] [] [] : Validating snapshot at startup and determining max entity id
2017-11-23 15:49:10,740 INFO  [i.p.s.storage.LegacySnapshotStorage] [] [] [] : Requesting download URL for Snapshot(local@latest) matching []
2017-11-23 15:49:10,755 INFO  [i.p.s.storage.LegacySnapshotStorage] [] [] [] : Downloading snapshot from http://127.0.0.1:21000/snapshots/20171123154902296
2017-11-23 15:49:10,780 INFO  [improbable.module.ModuleNode] [] [] [] : Determined the first entity id for the id assigner as 2
2017-11-23 15:49:10,808 INFO  [i.core.discovery.server.LocalServer] [] [] [] : Registered Service(improbable.fabric.internal.service.EntityIdInternalService) on 127.0.0.1:9007.
2017-11-23 15:49:10,836 INFO  [i.core.discovery.server.LocalServer] [] [] [] : Registered Service(improbable.fabric.internal.service.WorkerPrestartRegistryInternalService) on 127.0.0.1:9008.
2017-11-23 15:49:10,844 INFO  [i.core.discovery.server.LocalServer] [] [] [] : Registered Service(improbable.fabric.internal.service.RouterLookupInternalService) on 127.0.0.1:9009.
2017-11-23 15:49:10,845 INFO  [i.module.router.ActorSystemFactory$] [] [] [] : Attempting to create ActorSystem akkaFabric with configRecord akkaFabric
2017-11-23 15:49:11,152 INFO  [akka.event.slf4j.Slf4jLogger] [] [] [] : Slf4jLogger started
2017-11-23 15:49:11,237 INFO  [i.c.d.g.GlobalServiceDiscoveryImpl] [] [] [] : Global service discovery refreshed 11 server(s) (previously: 5)
2017-11-23 15:49:12,427 INFO  [i.l.params.LoadbalancerParamsFactory] [] [] [] : Parsed 1 worker loadbalancing configuration(s)
2017-11-23 15:49:12,433 INFO  [i.l.params.LoadbalancerParamsFactory] [] [] [] : Successfully loaded loadbalancing configurations: {UnityWorker=improbable.loadbalancing.params.AutoHexGridLoadbalancerParams@7370c288}
2017-11-23 15:49:12,532 INFO  [i.w.a.WorkerAssemblyProviderFactory] [] [] [] : Loaded worker assemblies for these workers types: UnityWorker, UnityClient.
2017-11-23 15:49:12,533 INFO  [improbable.module.ModuleNode] [] [] [] : Loaded worker assemblies: [worker_assembly_id {
  assembly_id {
    project_id {
      name: "your_project_name_here"
    }
    name: "local_assembly"
  }
  name {
    name: "UnityWorker"
  }
}
worker_launch_configuration {
  platform: WINDOWS
  worker_zip {
    command: "UnityWorker@Windows.exe"
    argument: "+projectName"
    argument: "${IMPROBABLE_PROJECT_NAME}"
    argument: "+receptionistIp"
    argument: "${IMPROBABLE_RECEPTIONIST_HOST}"
    argument: "+receptionistPort"
    argument: "${IMPROBABLE_RECEPTIONIST_PORT}"
    argument: "+workerType"
    argument: "${IMPROBABLE_WORKER_NAME}"
    argument: "+workerId"
    argument: "${IMPROBABLE_WORKER_ID}"
    argument: "+useInternalIpForBridge"
    argument: "true"
    argument: "+infraServicesUrl"
    argument: "${IMPROBABLE_API_URL}"
    argument: "+assemblyName"
    argument: "${IMPROBABLE_ASSEMBLY_NAME}"
    argument: "+linkProtocol"
    argument: "RakNet"
    argument: "-logfile"
    argument: "${IMPROBABLE_LOG_FILE}"
    argument: "-batchmode"
    argument: "-nographics"
    worker_location {
      filename: "UnityWorker@Windows.zip"
    }
  }
}
worker_launch_configuration {
  platform: MACOS
  worker_zip {
    command: "UnityWorker@Mac.app/Contents/MacOS/UnityWorker@Mac"
    argument: "+projectName"
    argument: "${IMPROBABLE_PROJECT_NAME}"
    argument: "+receptionistIp"
    argument: "${IMPROBABLE_RECEPTIONIST_HOST}"
    argument: "+receptionistPort"
    argument: "${IMPROBABLE_RECEPTIONIST_PORT}"
    argument: "+workerType"
    argument: "${IMPROBABLE_WORKER_NAME}"
    argument: "+workerId"
    argument: "${IMPROBABLE_WORKER_ID}"
    argument: "+useInternalIpForBridge"
    argument: "true"
    argument: "+infraServicesUrl"
    argument: "${IMPROBABLE_API_URL}"
    argument: "+assemblyName"
    argument: "${IMPROBABLE_ASSEMBLY_NAME}"
    argument: "+linkProtocol"
    argument: "RakNet"
    argument: "-logfile"
    argument: "${IMPROBABLE_LOG_FILE}"
    argument: "-batchmode"
    argument: "-nographics"
    worker_location {
      filename: "UnityWorker@Mac.zip"
    }
  }
}
worker_launch_configuration {
  platform: LINUX
  worker_zip {
    command: "UnityWorker@Linux"
    argument: "+projectName"
    argument: "${IMPROBABLE_PROJECT_NAME}"
    argument: "+receptionistIp"
    argument: "${IMPROBABLE_RECEPTIONIST_HOST}"
    argument: "+receptionistPort"
    argument: "${IMPROBABLE_RECEPTIONIST_PORT}"
    argument: "+workerType"
    argument: "${IMPROBABLE_WORKER_NAME}"
    argument: "+workerId"
    argument: "${IMPROBABLE_WORKER_ID}"
    argument: "+useInternalIpForBridge"
    argument: "true"
    argument: "+infraServicesUrl"
    argument: "${IMPROBABLE_API_URL}"
    argument: "+assemblyName"
    argument: "${IMPROBABLE_ASSEMBLY_NAME}"
    argument: "+linkProtocol"
    argument: "RakNet"
    argument: "-logfile"
    argument: "${IMPROBABLE_LOG_FILE}"
    argument: "-batchmode"
    argument: "-nographics"
    worker_location {
      filename: "UnityWorker@Linux.zip"
    }
  }
}
bridge_configuration {
  worker_attribute_set {
    attribute {
      name: "physics"
    }
  }
  entity_interest {
    range_entity_interest {
      radius: 200.0
    }
  }
  component_delivery {
    checkout_all_initially: true
  }
}
, worker_assembly_id {
  assembly_id {
    project_id {
      name: "your_project_name_here"
    }
    name: "local_assembly"
  }
  name {
    name: "UnityClient"
  }
}
bridge_configuration {
  worker_attribute_set {
    attribute {
      name: "visual"
    }
  }
  entity_interest {
    range_entity_interest {
      radius: 200.0
    }
  }
  component_delivery {
    checkout_all_initially: true
  }
}
]
2017-11-23 15:49:12,538 INFO  [i.w.assembly.WorkerAssemblyProvider] [] [] [] : Worker configuration for 'UnityClient' does not contain a launch configuration for the current platform 'WINDOWS', so Fabric will not start any managed workers of this type
2017-11-23 15:49:12,539 INFO  [i.w.assembly.WorkerAssemblyProvider] [] [] [] : The following worker configurations do not contain valid managed launch configurations for the current platform WINDOWS, and the runtime will be unable to launch managed workers of this type: [UnityClient]. This is expected for worker types you intend to only connect manually.
2017-11-23 15:49:12,544 INFO  [i.w.permissions.PermissionsFactory] [] [] [] : Created permissions manager with permissions: {UnityWorker=Permissions{{/sys/CreateEntity=, /sys/DeleteEntity=, /sys/EntityQuery={"component":["*"]}}}, UnityClient=Permissions{{/sys/EntityQuery={"component":[]}}}}
2017-11-23 15:49:14,003 INFO  [improbable.module.ModuleNode] [] [] [] : Starting router on master
2017-11-23 15:49:14,008 INFO  [i.core.discovery.server.LocalServer] [] [] [] : Registered Service(improbable.fabric.internal.service.RouterInternalService) on 127.0.0.1:9010.
2017-11-23 15:49:14,009 INFO  [i.c.m.r.RouterInternalServiceImpl] [] [] [] : Attempting to register RouterInternalServiceImpl with RouterLookupInternalService.
2017-11-23 15:49:14,016 INFO  [i.c.m.r.l.RouterLookupInternalServiceImpl] [] [] [] : 1/1 router modules started
2017-11-23 15:49:14,018 INFO  [i.c.m.r.RouterInternalServiceImpl] [] [] [] : Registered RouterInternalServiceImpl with RouterLookupInternalService.
2017-11-23 15:49:14,019 INFO  [improbable.module.ModuleNode] [] [] [] : Attempting to get addresses of all RouterModules from master node
2017-11-23 15:49:14,027 INFO  [improbable.module.ModuleNode] [] [] [] : Got all RouterModules from master node
2017-11-23 15:49:14,041 INFO  [i.core.discovery.server.LocalServer] [] [] [] : Registered Service(improbable.fabric.internal.service.RemoteMessageInternalService) on 127.0.0.1:9011.
2017-11-23 15:49:14,054 INFO  [i.core.discovery.server.LocalServer] [] [] [] : Registered Service(improbable.fabric.internal.service.LocalBrokerInternalService) on 127.0.0.1:9012.
2017-11-23 15:49:14,058 INFO  [improbable.module.ModuleNode] [] [] [] : Waiting for all router modules in the deployment to have started
2017-11-23 15:49:14,061 INFO  [improbable.module.ModuleNode] [] [] [] : All router modules in the deployment started
2017-11-23 15:49:14,112 INFO  [org.eclipse.jetty.server.Server] [] [] [] : jetty-8.y.z-SNAPSHOT
2017-11-23 15:49:14,134 INFO  [o.e.jetty.server.AbstractConnector] [] [] [] : Started SelectChannelConnector@0.0.0.0:5006
2017-11-23 15:49:14,134 INFO  [improbable.http.ServletContainer$] [] [] [] : Servlet container started
2017-11-23 15:49:14,136 INFO  [improbable.module.ModuleNode] [] [] [] : Starting BridgeOracle on master
2017-11-23 15:49:14,145 INFO  [improbable.module.ModuleNode] [] [] [] : Waiting for the BridgeOracle to have started
2017-11-23 15:49:14,235 INFO  [i.c.d.g.GlobalServiceDiscoveryImpl] [] [] [] : Global service discovery refreshed 14 server(s) (previously: 11)
2017-11-23 15:49:14,291 INFO  [i.core.discovery.server.LocalServer] [] [] [] : Registered Service(improbable.fabric.internal.service.BridgeOracleInternalService) on 127.0.0.1:9013.
2017-11-23 15:49:15,233 INFO  [improbable.module.ModuleNode] [] [] [] : Received BridgeOracle started
2017-11-23 15:49:15,233 INFO  [i.c.d.g.GlobalServiceDiscoveryImpl] [] [] [] : Global service discovery refreshed 15 server(s) (previously: 14)
2017-11-23 15:49:15,239 INFO  [i.core.discovery.server.LocalServer] [] [] [] : Registered Service(improbable.fabric.internal.service.GlobalBrokerInternalService) on 127.0.0.1:9014.
2017-11-23 15:49:15,241 INFO  [improbable.module.ModuleNode] [] [] [] : Waiting for the BridgeModuleOracle to have started
2017-11-23 15:49:15,243 INFO  [i.c.a.e.ExtensibleActorReporter] [] [] [] : Started BridgeModuleOracleActor(Actor[akka://akkaFabric/user/BridgeModuleOracleModule#-224608259]).
2017-11-23 15:49:15,253 INFO  [i.core.discovery.server.LocalServer] [] [] [] : Registered Service(improbable.fabric.internal.service.BridgeServiceOracleInternalService) on 127.0.0.1:9015.
2017-11-23 15:49:16,234 INFO  [i.c.d.g.GlobalServiceDiscoveryImpl] [] [] [] : Global service discovery refreshed 17 server(s) (previously: 15)
2017-11-23 15:49:16,234 INFO  [improbable.module.ModuleNode] [] [] [] : Received BridgeModuleOracle started
2017-11-23 15:49:16,238 INFO  [improbable.module.ModuleNode] [] [] [] : Starting gsim GSimModule
2017-11-23 15:49:16,242 INFO  [improbable.module.ModuleNode] [] [] [] : Waiting for 1 entity query service(s) to start.
2017-11-23 15:49:16,258 INFO  [i.core.discovery.server.LocalServer] [] [] [] : Registered Service(improbable.fabric.internal.service.LocalSnapshotInternalService) on 127.0.0.1:9016.
2017-11-23 15:49:16,281 INFO  [i.bridge.oracle.scaling.WorkerScaler] [] [] [] : Skipping reconciliation because no WorkerRunner service is available. This message is expected at startup but should not persist through the deployment
2017-11-23 15:49:16,281 INFO  [i.core.discovery.server.PublicServer] [] [] [] : Registered Service(improbable.fabric.internal.service.ScalingStatsInternalService) on 127.0.0.1:9017.
2017-11-23 15:49:16,298 INFO  [i.p.gsim.GSimPersistenceWriter] [] [] [] : Transitioning GSimPersistenceActor(0) from State [Idle] to [Idle].  Time Elapsed: 1 millisecond
2017-11-23 15:49:16,343 INFO  [i.core.discovery.server.LocalServer] [] [] [] : Registered Service(improbable.fabric.internal.service.EntityQueryInternalService) on 127.0.0.1:9018.
2017-11-23 15:49:17,234 INFO  [improbable.module.ModuleNode] [] [] [] : All 1 entity query service(s) have started.
2017-11-23 15:49:17,234 INFO  [i.c.d.g.GlobalServiceDiscoveryImpl] [] [] [] : Global service discovery refreshed 20 server(s) (previously: 17)
2017-11-23 15:49:17,235 INFO  [improbable.module.ModuleNode] [] [] [] : Creating entity query client.
2017-11-23 15:49:17,245 INFO  [improbable.module.ModuleNode] [] [] [] : Entity query client created with directory: EntityQueryServiceDirectory{allServices=[EntityQueryInternalServiceInfo{address=host: "127.0.0.1"
port: 9018
, extent=Rectangle{minX=-750.0, minZ=-750.0, maxX=750.0, maxZ=750.0}, isLocal=true}], localServices=[EntityQueryInternalServiceInfo{address=host: "127.0.0.1"
port: 9018
, extent=Rectangle{minX=-750.0, minZ=-750.0, maxX=750.0, maxZ=750.0}, isLocal=true}], remoteServices=[]}
2017-11-23 15:49:17,250 INFO  [improbable.module.ModuleNode] [] [] [] : Waiting for 1 bridge service(s) to start.
2017-11-23 15:49:17,264 INFO  [i.c.a.e.ExtensibleActorReporter] [] [] [] : Started BridgeModuleActor(Actor[akka://akkaFabric/user/BridgeModule:23b4ad6b-f94d-4152-96f0-6cdbad127651#29659441]).
2017-11-23 15:49:17,309 INFO  [i.core.discovery.server.LocalServer] [] [] [] : Registered Service(improbable.fabric.internal.service.BridgeInternalService) on 127.0.0.1:9019.
2017-11-23 15:49:17,310 INFO  [i.module.bridge.BridgeModuleActor] [] [] [] : Waiting for BridgeModuleOracle service to be available
2017-11-23 15:49:17,320 INFO  [i.module.bridge.BridgeModuleActor] [] [] [] : Registered(BridgeModuleEndpoint(23b4ad6b-f94d-4152-96f0-6cdbad127651)) on BridgeModuleOracleService
2017-11-23 15:49:18,236 INFO  [i.c.d.g.GlobalServiceDiscoveryImpl] [] [] [] : Global service discovery refreshed 21 server(s) (previously: 20)
2017-11-23 15:49:18,236 INFO  [improbable.module.ModuleNode] [] [] [] : All 1 bridge service(s) have started.
2017-11-23 15:49:18,236 INFO  [improbable.module.ModuleNode] [] [] [] : Starting WorkerRunner service (EngineStartupModule)
2017-11-23 15:49:18,241 INFO  [improbable.worker.exec.WorkerStats] [] [] [] : Cannot read /proc/self/stat; worker stats reporting will not work.
2017-11-23 15:49:18,250 INFO  [i.core.discovery.server.PublicServer] [] [] [] : Registered Service(improbable.platform.inner.worker.WorkerRunner) on 127.0.0.1:9020.
2017-11-23 15:49:18,260 INFO  [i.core.discovery.server.LocalServer] [] [] [] : Registered Service(improbable.fabric.internal.service.ReceptionistInternalService) on 127.0.0.1:9021.
2017-11-23 15:49:18,268 INFO  [i.core.discovery.server.PublicServer] [] [] [] : Registered Service(improbable.platform.runtime.ReceptionistService) on 127.0.0.1:7777.
2017-11-23 15:49:18,269 INFO  [improbable.module.ModuleNode] [] [] [] : Starting InspectionRestModule
2017-11-23 15:49:18,270 INFO  [improbable.module.ModuleNode] [] [] [] : Starting ProfilingModule
2017-11-23 15:49:18,274 INFO  [i.c.d.client.CheckpointDiscoveryImpl] [] [] [] : Reached a checkpoint: ALL_MODULES_STARTED
2017-11-23 15:49:18,274 INFO  [improbable.module.ModuleNode] [] [] [] : All modules on this node started, waiting for other nodes to reach the same checkpoint.
2017-11-23 15:49:18,278 INFO  [i.c.a.e.ExtensibleActorReporter] [] [] [] : Started ProfilingModuleActor(Actor[akka://akkaFabric/user/ProfilingModule#-1794475422]).
2017-11-23 15:49:18,280 INFO  [i.bridge.oracle.scaling.WorkerScaler] [] [] [] : Skipping reconciliation because no WorkerRunner service is available. This message is expected at startup but should not persist through the deployment
2017-11-23 15:49:18,281 INFO  [i.core.discovery.server.LocalServer] [] [] [] : Registered Service(improbable.fabric.internal.debug.HeatmapCellCacheInternalService) on 127.0.0.1:9022.
2017-11-23 15:49:18,306 INFO  [i.core.discovery.server.PublicServer] [] [] [] : Registered Service(improbable.platform.runtime.InspectionService) on 127.0.0.1:9023.
2017-11-23 15:49:18,355 INFO  [i.c.a.e.ExtensibleActorReporter] [] [] [] : Started InspectionRestModuleActor(Actor[akka://akkaFabric/user/InspectionRestModule#-2099910738]).
2017-11-23 15:49:18,698 INFO  [spray.can.server.HttpListener] [akka://akkaFabric/user/IO-HTTP/listener-0] [akkaFabric-akka.actor.default-dispatcher-26] [] : Bound to /0.0.0.0:5005
2017-11-23 15:49:19,235 INFO  [i.c.d.g.GlobalCheckpointDiscoveryImpl] [] [] [] : Global checkpoint discovery refreshed checkpoints.
2017-11-23 15:49:19,235 INFO  [improbable.module.ModuleNode] [] [] [] : All modules on all nodes have been started.
2017-11-23 15:49:19,235 INFO  [improbable.module.ModuleNode] [] [] [] : Loading a snapshot.
2017-11-23 15:49:19,235 INFO  [i.c.d.g.GlobalServiceDiscoveryImpl] [] [] [] : Global service discovery refreshed 26 server(s) (previously: 21)
2017-11-23 15:49:19,246 INFO  [i.p.g.GSimPersistenceLoadOrchestrator] [] [] [] : Loading snapshot on GSim(0).
2017-11-23 15:49:19,246 INFO  [i.p.s.storage.LegacySnapshotStorage] [] [] [] : Requesting download URL for Snapshot(local@latest) matching []
2017-11-23 15:49:19,252 INFO  [i.p.s.storage.LegacySnapshotStorage] [] [] [] : Downloading snapshot from http://127.0.0.1:21000/snapshots/20171123154902296
2017-11-23 15:49:19,255 INFO  [i.p.gsim.GSimPersistenceLoader] [] [] [] : Loading snapshot
2017-11-23 15:49:19,265 INFO  [i.p.g.GSimPersistenceLoadOrchestrator] [] [] [] : Loaded 1 entities on GSim(0).
2017-11-23 15:49:19,266 INFO  [i.p.c.PersistenceLoaderCoordinatorActor] [] [] [] : All Snapshots loaded.
2017-11-23 15:49:19,267 INFO  [improbable.module.ModuleNode] [] [] [] : Snapshot has been loaded.
2017-11-23 15:49:19,267 INFO  [improbable.module.ModuleNode] [] [] [] : Starting SnapshotService.
2017-11-23 15:49:19,278 INFO  [i.core.discovery.server.PublicServer] [] [] [] : Registered Service(improbable.platform.runtime.SnapshotService) on 127.0.0.1:9024.
2017-11-23 15:49:19,278 INFO  [i.c.d.client.CheckpointDiscoveryImpl] [] [] [] : Reached a checkpoint: LOAD_SNAPSHOT_FINISHED
2017-11-23 15:49:19,279 INFO  [improbable.module.ModuleNode] [] [] [] : SpatialOS runtime startup complete.
2017-11-23 15:49:19,309 INFO  [i.l.params.LoadbalancerParamsFactory] [] [] [] : LoadbalancerParams for worker type [UnityWorker]: [AutoHexGridLoadbalancerParams{energyLimitingEnabled=true, energyLimit=1.0E9, minWorkerRange=1500.0, maxWorkerRange=1500.0, maxWorkerStepSize=0.0, workerExpansionTimeMs=60000, workerGridSize=0, loadbalancerEnabled=false, hexGridMode=AUTO, scalerAdvisorType=CONSTANT, maxWorkers=1, initialWorkers=1, numEntitiesPerWorker=9223372036854775807, statusReportPeriodMs=30000, pointsOfInterestEnabled=false, hexGridSolution=AutoValue_HexGridSolution{workersUsed=1, hexagonEdgeLength=1500.0, hexagonOrientation=POINTY_TOP, bounds=Rectangle{minX=-750.0, minZ=-750.0, maxX=750.0, maxZ=750.0}}, pointsOfInterestSolution=Empty}]
2017-11-23 15:49:20,235 INFO  [i.c.d.g.GlobalCheckpointDiscoveryImpl] [] [] [] : Global checkpoint discovery refreshed checkpoints.
2017-11-23 15:49:20,235 INFO  [i.c.d.g.GlobalServiceDiscoveryImpl] [] [] [] : Global service discovery refreshed 27 server(s) (previously: 26)
2017-11-23 15:49:21,305 INFO  [i.b.o.m.BridgeOracleWorkerManager] [] [] [] : Trying to start managed worker UnityWorker0
2017-11-23 15:49:21,318 INFO  [i.bridge.oracle.scaling.WorkerScaler] [] [] [] : Starting 1 new managed workers for attribute_set {
  attribute: "physics"
}
 (required: 1, existing: 0)
2017-11-23 15:49:21,318 INFO  [i.worker.exec.WorkerStartupExecutor] [] [] [] : Awaiting internal receptionist service to register with service discovery
2017-11-23 15:49:21,320 INFO  [i.worker.exec.WorkerStartupExecutor] [] [] [] : Successfully found the internal receptionist service in service discovery
2017-11-23 15:49:21,327 INFO  [i.worker.exec.WorkerStartupExecutor] [] [] [] : Awaiting public receptionist service to register with service discovery
2017-11-23 15:49:21,328 INFO  [i.worker.exec.WorkerStartupExecutor] [] [] [] : Successfully found the public receptionist service in service discovery
2017-11-23 15:49:22,159 INFO  [i.worker.exec.WorkerStartupExecutor] [] [] [] : Created log file for worker UnityWorker0, type (UnityWorker): [C:\Users\Raffaele\Documents\GitHub\SoftwareEngineeringProj\logs\2017-11-23_15-49-04_0\workers\UnityWorker\UnityWorker0-8468211724979316583.log]
2017-11-23 15:49:22,160 INFO  [i.worker.exec.CommandLineExecutor] [] [] [] : Running command: C:\Users\Raffaele\AppData\Local\Temp\zip-downloader99117580945084663\fbd687df22457de6f1683e42ab18a24b\UnityWorker@Windows.exe +projectName your_project_name_here +receptionistIp 127.0.0.1 +receptionistPort 7777 +workerType UnityWorker +workerId UnityWorker0 +useInternalIpForBridge true +infraServicesUrl http://127.0.0.1:21000 +assemblyName local_assembly +linkProtocol RakNet -logfile C:\Users\Raffaele\Documents\GitHub\SoftwareEngineeringProj\logs\2017-11-23_15-49-04_0\workers\UnityWorker\UnityWorker0-8468211724979316583.log -batchmode -nographics
2017-11-23 15:49:23,169 INFO  [i.b.s.BridgeServicePicker] [] [] [] : Attempting to get positionHint for UnityWorker0 via rpc
2017-11-23 15:49:23,174 INFO  [i.b.s.BridgeServicePicker] [] [] [] : Selected legacy_guid: "23b4ad6b-f94d-4152-96f0-6cdbad127651"
address {
  host: "127.0.0.1"
  port: 9019
}
 with position  which is the nearest bridge service to position (0.0, 0.0, 0.0)
2017-11-23 15:49:23,179 INFO  [i.m.b.o.m.BridgeModuleOracleActor] [] [] [] : BridgeServicePicker returned module Optional[legacy_guid: "23b4ad6b-f94d-4152-96f0-6cdbad127651"
address {
  host: "127.0.0.1"
  port: 9019
}
] with load Optional[BridgeModuleLoadBalanceInfo((0.0, 0.0, 0.0),0)].get().toString() for Engine(UnityWorker0)
2017-11-23 15:49:23,346 INFO  [i.b.i.BridgeInternalServiceImpl] [] [] [] : Bridge worker_id: "UnityWorker0"
 registered with bridge internal service
2017-11-23 15:49:23,353 INFO  [i.b.o.s.BridgeOracleInternalServiceImpl] [] [] [] : Got bridge started rpc from bridge: worker_id: "UnityWorker0"

2017-11-23 15:49:23,353 INFO  [i.b.o.s.BridgeOracleInternalServiceImpl] [] [] [] : The worker UnityWorker0 registered with SpatialOS successfully.
2017-11-23 15:49:23,354 INFO  [i.module.bridge.oracle.BridgeOracle] [] [] [] : Sending bridge started to self for bridge endpoint BridgeOracleEndpoint
2017-11-23 15:49:23,357 INFO  [i.module.bridge.oracle.BridgeOracle] [] [] [] : Bridge(UnityWorker0) started.
2017-11-23 15:49:23,361 INFO  [i.b.o.m.BridgeOracleWorkerManager] [] [] [] : Worker UnityWorker0 registered with the BridgeOracleWorker manager
2017-11-23 15:49:23,986 INFO  [i.b.n.raknet.GuardedRakPeerInterface] [] [] [] : New RakNet connection established with 127.0.0.1
2017-11-23 15:49:53,873 INFO  [i.b.s.BridgeServicePicker] [] [] [] : Attempting to get positionHint for UnityClient4723c005-7246-489a-8839-085383c61dbc via rpc
2017-11-23 15:49:53,874 INFO  [i.b.s.BridgeServicePicker] [] [] [] : Starting UnityClient4723c005-7246-489a-8839-085383c61dbc without a position hint, so using a random bridge service
2017-11-23 15:49:53,876 INFO  [i.m.b.o.m.BridgeModuleOracleActor] [] [] [] : BridgeServicePicker returned module Optional[legacy_guid: "23b4ad6b-f94d-4152-96f0-6cdbad127651"
address {
  host: "127.0.0.1"
  port: 9019
}
] with load Optional[BridgeModuleLoadBalanceInfo((0.0, 0.0, 0.0),1)].get().toString() for Engine(UnityClient4723c005-7246-489a-8839-085383c61dbc)
2017-11-23 15:49:53,903 INFO  [i.l.params.LoadbalancerParamsFactory] [] [] [] : LoadbalancerParams for worker type [UnityClient]: [FlagzLoadbalancerParams{energyLimitingEnabled=true, energyLimit=1.0E9, minWorkerRange=Infinity, maxWorkerRange=Infinity, maxWorkerStepSize=50.0, workerExpansionTimeMs=60000, workerGridSize=5, loadbalancerEnabled=true, hexGridMode=OFF, scalerAdvisorType=ENTITY_COUNT, maxWorkers=25, initialWorkers=25, numEntitiesPerWorker=9223372036854775807, statusReportPeriodMs=2000, pointsOfInterestEnabled=false, hexGridSolution=Empty, pointsOfInterestSolution=Empty}]
2017-11-23 15:49:53,908 INFO  [i.b.i.BridgeInternalServiceImpl] [] [] [] : Bridge worker_id: "UnityClient4723c005-7246-489a-8839-085383c61dbc"
 registered with bridge internal service
2017-11-23 15:49:53,913 INFO  [i.b.o.s.BridgeOracleInternalServiceImpl] [] [] [] : Got bridge started rpc from bridge: worker_id: "UnityClient4723c005-7246-489a-8839-085383c61dbc"

2017-11-23 15:49:53,914 INFO  [i.b.o.s.BridgeOracleInternalServiceImpl] [] [] [] : The worker UnityClient4723c005-7246-489a-8839-085383c61dbc registered with SpatialOS successfully.
2017-11-23 15:49:53,914 INFO  [i.module.bridge.oracle.BridgeOracle] [] [] [] : Sending bridge started to self for bridge endpoint BridgeOracleEndpoint
2017-11-23 15:49:53,915 INFO  [i.module.bridge.oracle.BridgeOracle] [] [] [] : Bridge(UnityClient4723c005-7246-489a-8839-085383c61dbc) started.
2017-11-23 15:49:54,508 INFO  [i.b.n.raknet.GuardedRakPeerInterface] [] [] [] : New RakNet connection established with 127.0.0.1
2017-11-23 15:49:55,270 WARN  [i.b.logging.EngineLogMessageHandler] [] [] [] : [Worker: UnityWorker0] The referenced script on this Behaviour is missing!
 in  -[WorkerLogger:Unity]
2017-11-23 15:49:55,271 WARN  [i.b.logging.EngineLogMessageHandler] [] [] [] : [Worker: UnityWorker0] The referenced script on this Behaviour (Game Object 'Soldier_demo') is missing!
 in  -[WorkerLogger:Unity]
2017-11-23 15:49:55,272 WARN  [i.b.logging.EngineLogMessageHandler] [] [] [] : [Worker: UnityClient4723c005-7246-489a-8839-085383c61dbc] The referenced script on this Behaviour is missing!
 in UnityEngine.AssetBundle:LoadAsset(String)
Improbable.Unity.Assets.GameObjectFromAssetBundleLoader:OnAssetBundleLoaded(AssetBundle, String) (at Assets/Plugins/Improbable/Sdk/Src/Unity/Assets/GameObjectFromAssetBundleLoader.cs:68)
Improbable.Unity.Assets.<LoadAsset>c__AnonStorey0:<>m__0(AssetBundle) (at Assets/Plugins/Improbable/Sdk/Src/Unity/Assets/GameObjectFromAssetBundleLoader.cs:54)
Improbable.Unity.Assets.LocalAssetBundleLoader:LoadAsset(String, Action`1, Action`1) (at Assets/Plugins/Improbable/Sdk/Src/Unity/Assets/LocalAssetBundleLoader.cs:45)
Improbable.Unity.Assets.GameObjectFromAssetBundleLoader:LoadAsset(String, Action`1, Action`1) (at Assets/Plugins/Improbable/Sdk/Src/Unity/Assets/GameObjectFromAssetBundleLoader.cs:53)
Improbable.Unity.Assets.PreprocessingGameObjectLoader:LoadAsset(String, Action`1, Action`1) (at Assets/Plugins/Improbable/Sdk/Src/Unity/Assets/PreprocessingGameObjectLoader.cs:25)
Improbable.Unity.Assets.CachingAssetDatabase:LoadAsset(String, Action`1, Action`1) (at Assets/Plugins/Improbable/Sdk/Src/Unity/Assets/CachingAssetDatabase.cs:31)
Improbable.Unity.Entity.AssetDatabaseTemplateProvider:PrepareTemplate(String, Action`1, Action`1) (at Assets/Plugins/Improbable/Sdk/Src/Unity/Entity/AssetDatabaseTemplateProvider.cs:25)
Improbable.Unity.Entity.DefaultTemplateProvider:PrepareTemplate(String, Action`1, Action`1) (at Assets/Plugins/Improbable/Sdk/Src/Unity/Assets/DefaultTemplateProvider.cs:123)
Improbable.Unity.Core.LegacyEntityCreator:MakeEntity(EntityId, String, Action`2) (at Assets/Plugins/Improbable/Sdk/Src/Unity/UnityAddons/LegacyEntityPipeline/LegacyEntityCreator.cs:97)
Improbable.Unity.Core.LegacyEntityCreator:AddComponent(AddComponentPipelineOp) (at Assets/Plugins/Improbable/Sdk/Src/Unity/UnityAddons/LegacyEntityPipeline/LegacyEntityCreator.cs:220)
Improbable.Unity.Core.ThrottledEntityDispatcher:AddComponent(AddComponentPipelineOp) (at Assets/Plugins/Improbable/Sdk/Src/Unity/UnityAddons/LegacyEntityPipeline/ThrottledEntityDispatcher.cs:96)
Improbable.Unity.Core.EntityPipelineExtensions:DispatchOp(IEntityPipelineBlock, IEntityPipelineOp) (at C:/w/ee9378522cbb9fd1/UnitySdk/Improbable.Unity/Assets/Precompiled/UnityAddons/EntityPipeline/EntityPipelineExtensions.cs:85)
Improbable.Unity.Core.CriticalSectionPipelineBlock:ReleaseCriticalSectionOps() (at Assets/Plugins/Improbable/Sdk/Src/Unity/UnityAddons/LegacyEntityPipeline/CriticalSectionPipelineBlock.cs:69)
Improbable.Unity.Core.CriticalSectionPipelineBlock:CriticalSection(CriticalSectionPipelineOp) (at Assets/Plugins/Improbable/Sdk/Src/Unity/UnityAddons/LegacyEntityPipeline/CriticalSectionPipelineBlock.cs:49)
Improbable.Unity.Core.EntityPipelineImpl:<RegisterDispatcherCallbacks>m__37(CriticalSectionOp) (at C:/w/ee9378522cbb9fd1/UnitySdk/Improbable.Unity/Assets/Precompiled/UnityAddons/EntityPipeline/EntityPipelineImpl.cs:70)
Improbable.Worker.Internal.Callbacks`1:InvokeAllReverse(CriticalSectionOp)
Improbable.Worker.Dispatcher:CriticalSectionThunk(Void*, CriticalSectionOp*)
Improbable.Worker.Internal.WorkerProtocol:Dispatcher_Process(DispatcherHandle, OpListHandle)
Improbable.Worker.Dispatcher:Process(OpList)
Improbable.Unity.Core.ConnectionLifecycle:ProcessEvents() (at Assets/Plugins/Improbable/Sdk/Src/Unity/Core/ConnectionLifecycle.cs:367)
Improbable.Unity.Core.ConnectionLifecycle:Update() (at Assets/Plugins/Improbable/Sdk/Src/Unity/Core/ConnectionLifecycle.cs:149)
 -[WorkerLogger:Unity]
2017-11-23 15:49:55,272 WARN  [i.b.logging.EngineLogMessageHandler] [] [] [] : [Worker: UnityClient4723c005-7246-489a-8839-085383c61dbc] The referenced script on this Behaviour (Game Object 'Soldier_demo') is missing!
 in UnityEngine.AssetBundle:LoadAsset(String)
Improbable.Unity.Assets.GameObjectFromAssetBundleLoader:OnAssetBundleLoaded(AssetBundle, String) (at Assets/Plugins/Improbable/Sdk/Src/Unity/Assets/GameObjectFromAssetBundleLoader.cs:68)
Improbable.Unity.Assets.<LoadAsset>c__AnonStorey0:<>m__0(AssetBundle) (at Assets/Plugins/Improbable/Sdk/Src/Unity/Assets/GameObjectFromAssetBundleLoader.cs:54)
Improbable.Unity.Assets.LocalAssetBundleLoader:LoadAsset(String, Action`1, Action`1) (at Assets/Plugins/Improbable/Sdk/Src/Unity/Assets/LocalAssetBundleLoader.cs:45)
Improbable.Unity.Assets.GameObjectFromAssetBundleLoader:LoadAsset(String, Action`1, Action`1) (at Assets/Plugins/Improbable/Sdk/Src/Unity/Assets/GameObjectFromAssetBundleLoader.cs:53)
Improbable.Unity.Assets.PreprocessingGameObjectLoader:LoadAsset(String, Action`1, Action`1) (at Assets/Plugins/Improbable/Sdk/Src/Unity/Assets/PreprocessingGameObjectLoader.cs:25)
Improbable.Unity.Assets.CachingAssetDatabase:LoadAsset(String, Action`1, Action`1) (at Assets/Plugins/Improbable/Sdk/Src/Unity/Assets/CachingAssetDatabase.cs:31)
Improbable.Unity.Entity.AssetDatabaseTemplateProvider:PrepareTemplate(String, Action`1, Action`1) (at Assets/Plugins/Improbable/Sdk/Src/Unity/Entity/AssetDatabaseTemplateProvider.cs:25)
Improbable.Unity.Entity.DefaultTemplateProvider:PrepareTemplate(String, Action`1, Action`1) (at Assets/Plugins/Improbable/Sdk/Src/Unity/Assets/DefaultTemplateProvider.cs:123)
Improbable.Unity.Core.LegacyEntityCreator:MakeEntity(EntityId, String, Action`2) (at Assets/Plugins/Improbable/Sdk/Src/Unity/UnityAddons/LegacyEntityPipeline/LegacyEntityCreator.cs:97)
Improbable.Unity.Core.LegacyEntityCreator:AddComponent(AddComponentPipelineOp) (at Assets/Plugins/Improbable/Sdk/Src/Unity/UnityAddons/LegacyEntityPipeline/LegacyEntityCreator.cs:220)
Improbable.Unity.Core.ThrottledEntityDispatcher:AddComponent(AddComponentPipelineOp) (at Assets/Plugins/Improbable/Sdk/Src/Unity/UnityAddons/LegacyEntityPipeline/ThrottledEntityDispatcher.cs:96)
Improbable.Unity.Core.EntityPipelineExtensions:DispatchOp(IEntityPipelineBlock, IEntityPipelineOp) (at C:/w/ee9378522cbb9fd1/UnitySdk/Improbable.Unity/Assets/Precompiled/UnityAddons/EntityPipeline/EntityPipelineExtensions.cs:85)
Improbable.Unity.Core.CriticalSectionPipelineBlock:ReleaseCriticalSectionOps() (at Assets/Plugins/Improbable/Sdk/Src/Unity/UnityAddons/LegacyEntityPipeline/CriticalSectionPipelineBlock.cs:69)
Improbable.Unity.Core.CriticalSectionPipelineBlock:CriticalSection(CriticalSectionPipelineOp) (at Assets/Plugins/Improbable/Sdk/Src/Unity/UnityAddons/LegacyEntityPipeline/CriticalSectionPipelineBlock.cs:49)
Improbable.Unity.Core.EntityPipelineImpl:<RegisterDispatcherCallbacks>m__37(CriticalSectionOp) (at C:/w/ee9378522cbb9fd1/UnitySdk/Improbable.Unity/Assets/Precompiled/UnityAddons/EntityPipeline/EntityPipelineImpl.cs:70)
Improbable.Worker.Internal.Callbacks`1:InvokeAllReverse(CriticalSectionOp)
Improbable.Worker.Dispatcher:CriticalSectionThunk(Void*, CriticalSectionOp*)
Improbable.Worker.Internal.WorkerProtocol:Dispatcher_Process(DispatcherHandle, OpListHandle)
Improbable.Worker.Dispatcher:Process(OpList)
Improbable.Unity.Core.ConnectionLifecycle:ProcessEvents() (at Assets/Plugins/Improbable/Sdk/Src/Unity/Core/ConnectionLifecycle.cs:367)
Improbable.Unity.Core.ConnectionLifecycle:Update() (at Assets/Plugins/Improbable/Sdk/Src/Unity/Core/ConnectionLifecycle.cs:149)
 -[WorkerLogger:Unity]
2017-11-23 15:49:55,298 WARN  [i.b.logging.EngineLogMessageHandler] [] [] [] : [Worker: UnityWorker0] The referenced script on this Behaviour is missing!
 in  -[WorkerLogger:Unity]
2017-11-23 15:49:55,300 WARN  [i.b.logging.EngineLogMessageHandler] [] [] [] : [Worker: UnityWorker0] The referenced script on this Behaviour (Game Object 'Soldier_demo') is missing!
 in  -[WorkerLogger:Unity]
2017-11-23 15:49:55,301 WARN  [i.b.logging.EngineLogMessageHandler] [] [] [] : [Worker: UnityWorker0] The referenced script on this Behaviour (Game Object 'Soldier_demo') is missing!
 in  -[WorkerLogger:Unity]
2017-11-23 15:49:55,301 ERROR [i.b.logging.EngineLogMessageHandler] [] [] [] : [Worker: UnityWorker0] GetComponentsInChildren returned a null element for GameObject Player(Clone)
 in  -[WorkerLogger:Unity]
2017-11-23 15:49:55,414 WARN  [i.b.logging.EngineLogMessageHandler] [] [] [] : [Worker: UnityClient4723c005-7246-489a-8839-085383c61dbc] The referenced script on this Behaviour is missing!
 in UnityEngine.Object:Instantiate(GameObject, Vector3, Quaternion)
Improbable.Unity.ComponentFactory.UnityPrefabFactory:MakeComponent(GameObject, String) (at C:/w/ee9378522cbb9fd1/UnitySdk/Improbable.Unity/Assets/Precompiled/UnityAddons/LegacyEntityPipeline/ComponentFactory/UnityPrefabFactory.cs:13)
Improbable.Unity.ComponentFactory.PrefabFactoryMetrics:MakeComponent(GameObject, String) (at C:/w/ee9378522cbb9fd1/UnitySdk/Improbable.Unity/Assets/Precompiled/UnityAddons/LegacyEntityPipeline/ComponentFactory/PrefabFactoryMetrics.cs:30)
Improbable.Unity.Core.LegacyEntityCreator:InstantiateEntityObject(EntityId, String) (at Assets/Plugins/Improbable/Sdk/Src/Unity/UnityAddons/LegacyEntityPipeline/LegacyEntityCreator.cs:119)
Improbable.Unity.Core.LegacyEntityCreator:OnMakeEntitySuccess(EntityId, String) (at Assets/Plugins/Improbable/Sdk/Src/Unity/UnityAddons/LegacyEntityPipeline/LegacyEntityCreator.cs:238)
Improbable.Unity.Core.<MakeEntity>c__AnonStorey0:<>m__0(String) (at Assets/Plugins/Improbable/Sdk/Src/Unity/UnityAddons/LegacyEntityPipeline/LegacyEntityCreator.cs:100)
Improbable.Unity.Entity.<PrepareTemplate>c__AnonStorey0:<>m__0(GameObject) (at Assets/Plugins/Improbable/Sdk/Src/Unity/Entity/AssetDatabaseTemplateProvider.cs:25)
Improbable.Unity.Assets.<LoadAsset>c__AnonStorey0:<>m__0(GameObject) (at Assets/Plugins/Improbable/Sdk/Src/Unity/Assets/CachingAssetDatabase.cs:37)
Improbable.Unity.Assets.<LoadAsset>c__AnonStorey0:<>m__0(GameObject) (at Assets/Plugins/Improbable/Sdk/Src/Unity/Assets/PreprocessingGameObjectLoader.cs:28)
Improbable.Unity.Assets.GameObjectFromAssetBundleLoader:OnAssetBundleLoaded(AssetBundle, String) (at Assets/Plugins/Improbable/Sdk/Src/Unity/Assets/GameObjectFromAssetBundleLoader.cs:75)
Improbable.Unity.Assets.<LoadAsset>c__AnonStorey0:<>m__0(AssetBundle) (at Assets/Plugins/Improbable/Sdk/Src/Unity/Assets/GameObjectFromAssetBundleLoader.cs:54)
Improbable.Unity.Assets.LocalAssetBundleLoader:LoadAsset(String, Action`1, Action`1) (at Assets/Plugins/Improbable/Sdk/Src/Unity/Assets/LocalAssetBundleLoader.cs:45)
Improbable.Unity.Assets.GameObjectFromAssetBundleLoader:LoadAsset(String, Action`1, Action`1) (at Assets/Plugins/Improbable/Sdk/Src/Unity/Assets/GameObjectFromAssetBundleLoader.cs:53)
Improbable.Unity.Assets.PreprocessingGameObjectLoader:LoadAsset(String, Action`1, Action`1) (at Assets/Plugins/Improbable/Sdk/Src/Unity/Assets/PreprocessingGameObjectLoader.cs:25)
Improbable.Unity.Assets.CachingAssetDatabase:LoadAsset(String, Action`1, Action`1) (at Assets/Plugins/Improbable/Sdk/Src/Unity/Assets/CachingAssetDatabase.cs:31)
Improbable.Unity.Entity.AssetDatabaseTemplateProvider:PrepareTemplate(String, Action`1, Action`1) (at Assets/Plugins/Improbable/Sdk/Src/Unity/Entity/AssetDatabaseTemplateProvider.cs:25)
Improbable.Unity.Entity.DefaultTemplateProvider:PrepareTemplate(String, Action`1, Action`1) (at Assets/Plugins/Improbable/Sdk/Src/Unity/Assets/DefaultTemplateProvider.cs:123)
Improbable.Unity.Core.LegacyEntityCreator:MakeEntity(EntityId, String, Action`2) (at Assets/Plugins/Improbable/Sdk/Src/Unity/UnityAddons/LegacyEntityPipeline/LegacyEntityCreator.cs:97)
Improbable.Unity.Core.LegacyEntityCreator:AddComponent(AddComponentPipelineOp) (at Assets/Plugins/Improbable/Sdk/Src/Unity/UnityAddons/LegacyEntityPipeline/LegacyEntityCreator.cs:220)
Improbable.Unity.Core.ThrottledEntityDispatcher:AddComponent(AddComponentPipelineOp) (at Assets/Plugins/Improbable/Sdk/Src/Unity/UnityAddons/LegacyEntityPipeline/ThrottledEntityDispatcher.cs:96)
Improbable.Unity.Core.EntityPipelineExtensions:DispatchOp(IEntityPipelineBlock, IEntityPipelineOp) (at C:/w/ee9378522cbb9fd1/UnitySdk/Improbable.Unity/Assets/Precompiled/UnityAddons/EntityPipeline/EntityPipelineExtensions.cs:85)
Improbable.Unity.Core.CriticalSectionPipelineBlock:ReleaseCriticalSectionOps() (at Assets/Plugins/Improbable/Sdk/Src/Unity/UnityAddons/LegacyEntityPipeline/CriticalSectionPipelineBlock.cs:69)
Improbable.Unity.Core.CriticalSectionPipelineBlock:CriticalSection(CriticalSectionPipelineOp) (at Assets/Plugins/Improbable/Sdk/Src/Unity/UnityAddons/LegacyEntityPipeline/CriticalSectionPipelineBlock.cs:49)
Improbable.Unity.Core.EntityPipelineImpl:<RegisterDispatcherCallbacks>m__37(CriticalSectionOp) (at C:/w/ee9378522cbb9fd1/UnitySdk/Improbable.Unity/Assets/Precompiled/UnityAddons/EntityPipeline/EntityPipelineImpl.cs:70)
Improbable.Worker.Internal.Callbacks`1:InvokeAllReverse(CriticalSectionOp)
Improbable.Worker.Dispatcher:CriticalSectionThunk(Void*, CriticalSectionOp*)
Improbable.Worker.Internal.WorkerProtocol:Dispatcher_Process(DispatcherHandle, OpListHandle)
Improbable.Worker.Dispatcher:Process(OpList)
Improbable.Unity.Core.ConnectionLifecycle:ProcessEvents() (at Assets/Plugins/Improbable/Sdk/Src/Unity/Core/ConnectionLifecycle.cs:367)
Improbable.Unity.Core.ConnectionLifecycle:Update() (at Assets/Plugins/Improbable/Sdk/Src/Unity/Core/ConnectionLifecycle.cs:149)
 -[WorkerLogger:Unity]
2017-11-23 15:49:55,414 WARN  [i.b.logging.EngineLogMessageHandler] [] [] [] : [Worker: UnityClient4723c005-7246-489a-8839-085383c61dbc] The referenced script on this Behaviour (Game Object 'Soldier_demo') is missing!
 in UnityEngine.Object:Instantiate(GameObject, Vector3, Quaternion)
Improbable.Unity.ComponentFactory.UnityPrefabFactory:MakeComponent(GameObject, String) (at C:/w/ee9378522cbb9fd1/UnitySdk/Improbable.Unity/Assets/Precompiled/UnityAddons/LegacyEntityPipeline/ComponentFactory/UnityPrefabFactory.cs:13)
Improbable.Unity.ComponentFactory.PrefabFactoryMetrics:MakeComponent(GameObject, String) (at C:/w/ee9378522cbb9fd1/UnitySdk/Improbable.Unity/Assets/Precompiled/UnityAddons/LegacyEntityPipeline/ComponentFactory/PrefabFactoryMetrics.cs:30)
Improbable.Unity.Core.LegacyEntityCreator:InstantiateEntityObject(EntityId, String) (at Assets/Plugins/Improbable/Sdk/Src/Unity/UnityAddons/LegacyEntityPipeline/LegacyEntityCreator.cs:119)
Improbable.Unity.Core.LegacyEntityCreator:OnMakeEntitySuccess(EntityId, String) (at Assets/Plugins/Improbable/Sdk/Src/Unity/UnityAddons/LegacyEntityPipeline/LegacyEntityCreator.cs:238)
Improbable.Unity.Core.<MakeEntity>c__AnonStorey0:<>m__0(String) (at Assets/Plugins/Improbable/Sdk/Src/Unity/UnityAddons/LegacyEntityPipeline/LegacyEntityCreator.cs:100)
Improbable.Unity.Entity.<PrepareTemplate>c__AnonStorey0:<>m__0(GameObject) (at Assets/Plugins/Improbable/Sdk/Src/Unity/Entity/AssetDatabaseTemplateProvider.cs:25)
Improbable.Unity.Assets.<LoadAsset>c__AnonStorey0:<>m__0(GameObject) (at Assets/Plugins/Improbable/Sdk/Src/Unity/Assets/CachingAssetDatabase.cs:37)
Improbable.Unity.Assets.<LoadAsset>c__AnonStorey0:<>m__0(GameObject) (at Assets/Plugins/Improbable/Sdk/Src/Unity/Assets/PreprocessingGameObjectLoader.cs:28)
Improbable.Unity.Assets.GameObjectFromAssetBundleLoader:OnAssetBundleLoaded(AssetBundle, String) (at Assets/Plugins/Improbable/Sdk/Src/Unity/Assets/GameObjectFromAssetBundleLoader.cs:75)
Improbable.Unity.Assets.<LoadAsset>c__AnonStorey0:<>m__0(AssetBundle) (at Assets/Plugins/Improbable/Sdk/Src/Unity/Assets/GameObjectFromAssetBundleLoader.cs:54)
Improbable.Unity.Assets.LocalAssetBundleLoader:LoadAsset(String, Action`1, Action`1) (at Assets/Plugins/Improbable/Sdk/Src/Unity/Assets/LocalAssetBundleLoader.cs:45)
Improbable.Unity.Assets.GameObjectFromAssetBundleLoader:LoadAsset(String, Action`1, Action`1) (at Assets/Plugins/Improbable/Sdk/Src/Unity/Assets/GameObjectFromAssetBundleLoader.cs:53)
Improbable.Unity.Assets.PreprocessingGameObjectLoader:LoadAsset(String, Action`1, Action`1) (at Assets/Plugins/Improbable/Sdk/Src/Unity/Assets/PreprocessingGameObjectLoader.cs:25)
Improbable.Unity.Assets.CachingAssetDatabase:LoadAsset(String, Action`1, Action`1) (at Assets/Plugins/Improbable/Sdk/Src/Unity/Assets/CachingAssetDatabase.cs:31)
Improbable.Unity.Entity.AssetDatabaseTemplateProvider:PrepareTemplate(String, Action`1, Action`1) (at Assets/Plugins/Improbable/Sdk/Src/Unity/Entity/AssetDatabaseTemplateProvider.cs:25)
Improbable.Unity.Entity.DefaultTemplateProvider:PrepareTemplate(String, Action`1, Action`1) (at Assets/Plugins/Improbable/Sdk/Src/Unity/Assets/DefaultTemplateProvider.cs:123)
Improbable.Unity.Core.LegacyEntityCreator:MakeEntity(EntityId, String, Action`2) (at Assets/Plugins/Improbable/Sdk/Src/Unity/UnityAddons/LegacyEntityPipeline/LegacyEntityCreator.cs:97)
Improbable.Unity.Core.LegacyEntityCreator:AddComponent(AddComponentPipelineOp) (at Assets/Plugins/Improbable/Sdk/Src/Unity/UnityAddons/LegacyEntityPipeline/LegacyEntityCreator.cs:220)
Improbable.Unity.Core.ThrottledEntityDispatcher:AddComponent(AddComponentPipelineOp) (at Assets/Plugins/Improbable/Sdk/Src/Unity/UnityAddons/LegacyEntityPipeline/ThrottledEntityDispatcher.cs:96)
Improbable.Unity.Core.EntityPipelineExtensions:DispatchOp(IEntityPipelineBlock, IEntityPipelineOp) (at C:/w/ee9378522cbb9fd1/UnitySdk/Improbable.Unity/Assets/Precompiled/UnityAddons/EntityPipeline/EntityPipelineExtensions.cs:85)
Improbable.Unity.Core.CriticalSectionPipelineBlock:ReleaseCriticalSectionOps() (at Assets/Plugins/Improbable/Sdk/Src/Unity/UnityAddons/LegacyEntityPipeline/CriticalSectionPipelineBlock.cs:69)
Improbable.Unity.Core.CriticalSectionPipelineBlock:CriticalSection(CriticalSectionPipelineOp) (at Assets/Plugins/Improbable/Sdk/Src/Unity/UnityAddons/LegacyEntityPipeline/CriticalSectionPipelineBlock.cs:49)
Improbable.Unity.Core.EntityPipelineImpl:<RegisterDispatcherCallbacks>m__37(CriticalSectionOp) (at C:/w/ee9378522cbb9fd1/UnitySdk/Improbable.Unity/Assets/Precompiled/UnityAddons/EntityPipeline/EntityPipelineImpl.cs:70)
Improbable.Worker.Internal.Callbacks`1:InvokeAllReverse(CriticalSectionOp)
Improbable.Worker.Dispatcher:CriticalSectionThunk(Void*, CriticalSectionOp*)
Improbable.Worker.Internal.WorkerProtocol:Dispatcher_Process(DispatcherHandle, OpListHandle)
Improbable.Worker.Dispatcher:Process(OpList)
Improbable.Unity.Core.ConnectionLifecycle:ProcessEvents() (at Assets/Plugins/Improbable/Sdk/Src/Unity/Core/ConnectionLifecycle.cs:367)
Improbable.Unity.Core.ConnectionLifecycle:Update() (at Assets/Plugins/Improbable/Sdk/Src/Unity/Core/ConnectionLifecycle.cs:149)
 -[WorkerLogger:Unity]
2017-11-23 15:49:55,424 WARN  [i.b.logging.EngineLogMessageHandler] [] [] [] : [Worker: UnityClient4723c005-7246-489a-8839-085383c61dbc] The referenced script on this Behaviour (Game Object 'Soldier_demo') is missing!
 in UnityEngine.Object:Instantiate(GameObject, Vector3, Quaternion)
Improbable.Unity.ComponentFactory.UnityPrefabFactory:MakeComponent(GameObject, String) (at C:/w/ee9378522cbb9fd1/UnitySdk/Improbable.Unity/Assets/Precompiled/UnityAddons/LegacyEntityPipeline/ComponentFactory/UnityPrefabFactory.cs:13)
Improbable.Unity.ComponentFactory.PrefabFactoryMetrics:MakeComponent(GameObject, String) (at C:/w/ee9378522cbb9fd1/UnitySdk/Improbable.Unity/Assets/Precompiled/UnityAddons/LegacyEntityPipeline/ComponentFactory/PrefabFactoryMetrics.cs:30)
Improbable.Unity.Core.LegacyEntityCreator:InstantiateEntityObject(EntityId, String) (at Assets/Plugins/Improbable/Sdk/Src/Unity/UnityAddons/LegacyEntityPipeline/LegacyEntityCreator.cs:119)
Improbable.Unity.Core.LegacyEntityCreator:OnMakeEntitySuccess(EntityId, String) (at Assets/Plugins/Improbable/Sdk/Src/Unity/UnityAddons/LegacyEntityPipeline/LegacyEntityCreator.cs:238)
Improbable.Unity.Core.<MakeEntity>c__AnonStorey0:<>m__0(String) (at Assets/Plugins/Improbable/Sdk/Src/Unity/UnityAddons/LegacyEntityPipeline/LegacyEntityCreator.cs:100)
Improbable.Unity.Entity.<PrepareTemplate>c__AnonStorey0:<>m__0(GameObject) (at Assets/Plugins/Improbable/Sdk/Src/Unity/Entity/AssetDatabaseTemplateProvider.cs:25)
Improbable.Unity.Assets.<LoadAsset>c__AnonStorey0:<>m__0(GameObject) (at Assets/Plugins/Improbable/Sdk/Src/Unity/Assets/CachingAssetDatabase.cs:37)
Improbable.Unity.Assets.<LoadAsset>c__AnonStorey0:<>m__0(GameObject) (at Assets/Plugins/Improbable/Sdk/Src/Unity/Assets/PreprocessingGameObjectLoader.cs:28)
Improbable.Unity.Assets.GameObjectFromAssetBundleLoader:OnAssetBundleLoaded(AssetBundle, String) (at Assets/Plugins/Improbable/Sdk/Src/Unity/Assets/GameObjectFromAssetBundleLoader.cs:75)
Improbable.Unity.Assets.<LoadAsset>c__AnonStorey0:<>m__0(AssetBundle) (at Assets/Plugins/Improbable/Sdk/Src/Unity/Assets/GameObjectFromAssetBundleLoader.cs:54)
Improbable.Unity.Assets.LocalAssetBundleLoader:LoadAsset(String, Action`1, Action`1) (at Assets/Plugins/Improbable/Sdk/Src/Unity/Assets/LocalAssetBundleLoader.cs:45)
Improbable.Unity.Assets.GameObjectFromAssetBundleLoader:LoadAsset(String, Action`1, Action`1) (at Assets/Plugins/Improbable/Sdk/Src/Unity/Assets/GameObjectFromAssetBundleLoader.cs:53)
Improbable.Unity.Assets.PreprocessingGameObjectLoader:LoadAsset(String, Action`1, Action`1) (at Assets/Plugins/Improbable/Sdk/Src/Unity/Assets/PreprocessingGameObjectLoader.cs:25)
Improbable.Unity.Assets.CachingAssetDatabase:LoadAsset(String, Action`1, Action`1) (at Assets/Plugins/Improbable/Sdk/Src/Unity/Assets/CachingAssetDatabase.cs:31)
Improbable.Unity.Entity.AssetDatabaseTemplateProvider:PrepareTemplate(String, Action`1, Action`1) (at Assets/Plugins/Improbable/Sdk/Src/Unity/Entity/AssetDatabaseTemplateProvider.cs:25)
Improbable.Unity.Entity.DefaultTemplateProvider:PrepareTemplate(String, Action`1, Action`1) (at Assets/Plugins/Improbable/Sdk/Src/Unity/Assets/DefaultTemplateProvider.cs:123)
Improbable.Unity.Core.LegacyEntityCreator:MakeEntity(EntityId, String, Action`2) (at Assets/Plugins/Improbable/Sdk/Src/Unity/UnityAddons/LegacyEntityPipeline/LegacyEntityCreator.cs:97)
Improbable.Unity.Core.LegacyEntityCreator:AddComponent(AddComponentPipelineOp) (at Assets/Plugins/Improbable/Sdk/Src/Unity/UnityAddons/LegacyEntityPipeline/LegacyEntityCreator.cs:220)
Improbable.Unity.Core.ThrottledEntityDispatcher:AddComponent(AddComponentPipelineOp) (at Assets/Plugins/Improbable/Sdk/Src/Unity/UnityAddons/LegacyEntityPipeline/ThrottledEntityDispatcher.cs:96)
Improbable.Unity.Core.EntityPipelineExtensions:DispatchOp(IEntityPipelineBlock, IEntityPipelineOp) (at C:/w/ee9378522cbb9fd1/UnitySdk/Improbable.Unity/Assets/Precompiled/UnityAddons/EntityPipeline/EntityPipelineExtensions.cs:85)
Improbable.Unity.Core.CriticalSectionPipelineBlock:ReleaseCriticalSectionOps() (at Assets/Plugins/Improbable/Sdk/Src/Unity/UnityAddons/LegacyEntityPipeline/CriticalSectionPipelineBlock.cs:69)
Improbable.Unity.Core.CriticalSectionPipelineBlock:CriticalSection(CriticalSectionPipelineOp) (at Assets/Plugins/Improbable/Sdk/Src/Unity/UnityAddons/LegacyEntityPipeline/CriticalSectionPipelineBlock.cs:49)
Improbable.Unity.Core.EntityPipelineImpl:<RegisterDispatcherCallbacks>m__37(CriticalSectionOp) (at C:/w/ee9378522cbb9fd1/UnitySdk/Improbable.Unity/Assets/Precompiled/UnityAddons/EntityPipeline/EntityPipelineImpl.cs:70)
Improbable.Worker.Internal.Callbacks`1:InvokeAllReverse(CriticalSectionOp)
Improbable.Worker.Dispatcher:CriticalSectionThunk(Void*, CriticalSectionOp*)
Improbable.Worker.Internal.WorkerProtocol:Dispatcher_Process(DispatcherHandle, OpListHandle)
Improbable.Worker.Dispatcher:Process(OpList)
Improbable.Unity.Core.ConnectionLifecycle:ProcessEvents() (at Assets/Plugins/Improbable/Sdk/Src/Unity/Core/ConnectionLifecycle.cs:367)
Improbable.Unity.Core.ConnectionLifecycle:Update() (at Assets/Plugins/Improbable/Sdk/Src/Unity/Core/ConnectionLifecycle.cs:149)
 -[WorkerLogger:Unity]
2017-11-23 15:49:55,435 ERROR [i.b.logging.EngineLogMessageHandler] [] [] [] : [Worker: UnityClient4723c005-7246-489a-8839-085383c61dbc] GetComponentsInChildren returned a null element for GameObject Player(Clone)
 in UnityEngine.Debug:LogErrorFormat(String, Object[])
Improbable.Unity.Visualizer.VisualizerMetadataLookup:ExtractVisualizers(GameObject) (at C:/w/ee9378522cbb9fd1/UnitySdk/Improbable.Unity/Assets/Precompiled/Unity/Visualizer/VisualizerMetadataLookup.cs:257)
Improbable.Unity.Internal.EntityVisualizers:.ctor(EntityId, GameObject) (at C:/w/ee9378522cbb9fd1/UnitySdk/Improbable.Unity/Assets/Precompiled/Unity/Internal/EntityVisualizers.cs:77)
Improbable.Unity.Internal.EntityObject:.ctor(EntityId, GameObject, String, IInterestedComponentUpdaterProvider) (at C:/w/ee9378522cbb9fd1/UnitySdk/Improbable.Unity/Assets/Precompiled/Unity/Internal/EntityObject.cs:39)
Improbable.Unity.Core.LegacyEntityCreator:InstantiateEntityObject(EntityId, String) (at Assets/Plugins/Improbable/Sdk/Src/Unity/UnityAddons/LegacyEntityPipeline/LegacyEntityCreator.cs:121)
Improbable.Unity.Core.LegacyEntityCreator:OnMakeEntitySuccess(EntityId, String) (at Assets/Plugins/Improbable/Sdk/Src/Unity/UnityAddons/LegacyEntityPipeline/LegacyEntityCreator.cs:238)
Improbable.Unity.Core.<MakeEntity>c__AnonStorey0:<>m__0(String) (at Assets/Plugins/Improbable/Sdk/Src/Unity/UnityAddons/LegacyEntityPipeline/LegacyEntityCreator.cs:100)
Improbable.Unity.Entity.<PrepareTemplate>c__AnonStorey0:<>m__0(GameObject) (at Assets/Plugins/Improbable/Sdk/Src/Unity/Entity/AssetDatabaseTemplateProvider.cs:25)
Improbable.Unity.Assets.<LoadAsset>c__AnonStorey0:<>m__0(GameObject) (at Assets/Plugins/Improbable/Sdk/Src/Unity/Assets/CachingAssetDatabase.cs:37)
Improbable.Unity.Assets.<LoadAsset>c__AnonStorey0:<>m__0(GameObject) (at Assets/Plugins/Improbable/Sdk/Src/Unity/Assets/PreprocessingGameObjectLoader.cs:28)
Improbable.Unity.Assets.GameObjectFromAssetBundleLoader:OnAssetBundleLoaded(AssetBundle, String) (at Assets/Plugins/Improbable/Sdk/Src/Unity/Assets/GameObjectFromAssetBundleLoader.cs:75)
Improbable.Unity.Assets.<LoadAsset>c__AnonStorey0:<>m__0(AssetBundle) (at Assets/Plugins/Improbable/Sdk/Src/Unity/Assets/GameObjectFromAssetBundleLoader.cs:54)
Improbable.Unity.Assets.LocalAssetBundleLoader:LoadAsset(String, Action`1, Action`1) (at Assets/Plugins/Improbable/Sdk/Src/Unity/Assets/LocalAssetBundleLoader.cs:45)
Improbable.Unity.Assets.GameObjectFromAssetBundleLoader:LoadAsset(String, Action`1, Action`1) (at Assets/Plugins/Improbable/Sdk/Src/Unity/Assets/GameObjectFromAssetBundleLoader.cs:53)
Improbable.Unity.Assets.PreprocessingGameObjectLoader:LoadAsset(String, Action`1, Action`1) (at Assets/Plugins/Improbable/Sdk/Src/Unity/Assets/PreprocessingGameObjectLoader.cs:25)
Improbable.Unity.Assets.CachingAssetDatabase:LoadAsset(String, Action`1, Action`1) (at Assets/Plugins/Improbable/Sdk/Src/Unity/Assets/CachingAssetDatabase.cs:31)
Improbable.Unity.Entity.AssetDatabaseTemplateProvider:PrepareTemplate(String, Action`1, Action`1) (at Assets/Plugins/Improbable/Sdk/Src/Unity/Entity/AssetDatabaseTemplateProvider.cs:25)
Improbable.Unity.Entity.DefaultTemplateProvider:PrepareTemplate(String, Action`1, Action`1) (at Assets/Plugins/Improbable/Sdk/Src/Unity/Assets/DefaultTemplateProvider.cs:123)
Improbable.Unity.Core.LegacyEntityCreator:MakeEntity(EntityId, String, Action`2) (at Assets/Plugins/Improbable/Sdk/Src/Unity/UnityAddons/LegacyEntityPipeline/LegacyEntityCreator.cs:97)
Improbable.Unity.Core.LegacyEntityCreator:AddComponent(AddComponentPipelineOp) (at Assets/Plugins/Improbable/Sdk/Src/Unity/UnityAddons/LegacyEntityPipeline/LegacyEntityCreator.cs:220)
Improbable.Unity.Core.ThrottledEntityDispatcher:AddComponent(AddComponentPipelineOp) (at Assets/Plugins/Improbable/Sdk/Src/Unity/UnityAddons/LegacyEntityPipeline/ThrottledEntityDispatcher.cs:96)
Improbable.Unity.Core.EntityPipelineExtensions:DispatchOp(IEntityPipelineBlock, IEntityPipelineOp) (at C:/w/ee9378522cbb9fd1/UnitySdk/Improbable.Unity/Assets/Precompiled/UnityAddons/EntityPipeline/EntityPipelineExtensions.cs:85)
Improbable.Unity.Core.CriticalSectionPipelineBlock:ReleaseCriticalSectionOps() (at Assets/Plugins/Improbable/Sdk/Src/Unity/UnityAddons/LegacyEntityPipeline/CriticalSectionPipelineBlock.cs:69)
Improbable.Unity.Core.CriticalSectionPipelineBlock:CriticalSection(CriticalSectionPipelineOp) (at Assets/Plugins/Improbable/Sdk/Src/Unity/UnityAddons/LegacyEntityPipeline/CriticalSectionPipelineBlock.cs:49)
Improbable.Unity.Core.EntityPipelineImpl:<RegisterDispatcherCallbacks>m__37(CriticalSectionOp) (at C:/w/ee9378522cbb9fd1/UnitySdk/Improbable.Unity/Assets/Precompiled/UnityAddons/EntityPipeline/EntityPipelineImpl.cs:70)
Improbable.Worker.Internal.Callbacks`1:InvokeAllReverse(CriticalSectionOp)
Improbable.Worker.Dispatcher:CriticalSectionThunk(Void*, CriticalSectionOp*)
Improbable.Worker.Internal.WorkerProtocol:Dispatcher_Process(DispatcherHandle, OpListHandle)
Improbable.Worker.Dispatcher:Process(OpList)
Improbable.Unity.Core.ConnectionLifecycle:ProcessEvents() (at Assets/Plugins/Improbable/Sdk/Src/Unity/Core/ConnectionLifecycle.cs:367)
Improbable.Unity.Core.ConnectionLifecycle:Update() (at Assets/Plugins/Improbable/Sdk/Src/Unity/Core/ConnectionLifecycle.cs:149)
 -[WorkerLogger:Unity]
2017-11-23 15:50:17,724 INFO  [akka.actor.LocalActorRef] [akka://akkaFabric/user/InspectionRestModule/$e] [akkaFabric-akka.actor.default-dispatcher-43] [] : Message [improbable.fabric.internal.service.EntityDatabaseInternalServiceProto$QueryResultDelta] from Actor[akka://akkaFabric/user/InspectionRestModule/$e#1804597190] to Actor[akka://akkaFabric/user/InspectionRestModule/$e#1804597190] was not delivered. [1] dead letters encountered. This logging can be turned off or adjusted with configuration settings 'akka.log-dead-letters' and 'akka.log-dead-letters-during-shutdown'.
2017-11-23 15:50:17,731 INFO  [akka.actor.LocalActorRef] [akka://akkaFabric/user/InspectionRestModule/$e] [akkaFabric-akka.actor.default-dispatcher-43] [] : Message [improbable.fabric.internal.service.EntityDatabaseInternalServiceProto$QueryResultDelta] from Actor[akka://akkaFabric/user/InspectionRestModule/$e#1804597190] to Actor[akka://akkaFabric/user/InspectionRestModule/$e#1804597190] was not delivered. [2] dead letters encountered. This logging can be turned off or adjusted with configuration settings 'akka.log-dead-letters' and 'akka.log-dead-letters-during-shutdown'.
2017-11-23 15:50:19,503 INFO  [i.c.discovery.ServiceDiscoveryImpl] [] [] [] : Shutting down all services
2017-11-23 15:50:19,529 INFO  [i.core.discovery.server.LocalServer] [] [] [] : Stopped Service(improbable.fabric.internal.service.StatusDiscoveryInternalService) on 127.0.0.1:5301.
2017-11-23 15:50:19,531 INFO  [i.core.discovery.server.PublicServer] [] [] [] : Stopped Service(improbable.platform.runtime.ModuleService) on 127.0.0.1:9000.
2017-11-23 15:50:19,533 INFO  [i.core.discovery.server.PublicServer] [] [] [] : Stopped Service(improbable.platform.runtime.HealthCheckService) on 127.0.0.1:9001.
2017-11-23 15:50:19,535 INFO  [i.core.discovery.server.LocalServer] [] [] [] : Stopped Service(improbable.fabric.internal.service.PerfInternalService) on 127.0.0.1:9002.
2017-11-23 15:50:19,536 INFO  [i.core.discovery.server.LocalServer] [] [] [] : Stopped Service(improbable.fabric.internal.service.ContentionInternalService) on 127.0.0.1:9003.
2017-11-23 15:50:19,536 INFO  [i.core.discovery.server.PublicServer] [] [] [] : Stopped Service(improbable.platform.runtime.FeatureService) on 127.0.0.1:9004.
2017-11-23 15:50:19,537 INFO  [i.core.discovery.server.LocalServer] [] [] [] : Stopped Service(improbable.fabric.internal.service.NodeConfigurationInternalService) on 127.0.0.1:9005.
2017-11-23 15:50:19,539 INFO  [i.core.discovery.server.LocalServer] [] [] [] : Stopped Service(improbable.fabric.internal.service.WorldExtentsInternalService) on 127.0.0.1:9006.
2017-11-23 15:50:19,552 INFO  [i.core.discovery.server.LocalServer] [] [] [] : Stopped Service(improbable.fabric.internal.service.EntityIdInternalService) on 127.0.0.1:9007.
2017-11-23 15:50:19,555 INFO  [i.core.discovery.server.LocalServer] [] [] [] : Stopped Service(improbable.fabric.internal.service.WorkerPrestartRegistryInternalService) on 127.0.0.1:9008.
2017-11-23 15:50:19,557 INFO  [i.core.discovery.server.LocalServer] [] [] [] : Stopped Service(improbable.fabric.internal.service.RouterLookupInternalService) on 127.0.0.1:9009.
2017-11-23 15:50:19,559 INFO  [i.core.discovery.server.LocalServer] [] [] [] : Stopped Service(improbable.fabric.internal.service.RouterInternalService) on 127.0.0.1:9010.
2017-11-23 15:50:19,561 INFO  [i.core.discovery.server.LocalServer] [] [] [] : Stopped Service(improbable.fabric.internal.service.RemoteMessageInternalService) on 127.0.0.1:9011.
2017-11-23 15:50:19,562 INFO  [i.core.discovery.server.LocalServer] [] [] [] : Stopped Service(improbable.fabric.internal.service.LocalBrokerInternalService) on 127.0.0.1:9012.
2017-11-23 15:50:19,565 INFO  [i.core.discovery.server.LocalServer] [] [] [] : Stopped Service(improbable.fabric.internal.service.BridgeOracleInternalService) on 127.0.0.1:9013.
2017-11-23 15:50:19,570 INFO  [i.core.discovery.server.LocalServer] [] [] [] : Stopped Service(improbable.fabric.internal.service.GlobalBrokerInternalService) on 127.0.0.1:9014.
2017-11-23 15:50:19,574 INFO  [i.core.discovery.server.LocalServer] [] [] [] : Stopped Service(improbable.fabric.internal.service.BridgeServiceOracleInternalService) on 127.0.0.1:9015.
2017-11-23 15:50:19,574 INFO  [i.core.discovery.server.LocalServer] [] [] [] : Stopped Service(improbable.fabric.internal.service.LocalSnapshotInternalService) on 127.0.0.1:9016.
2017-11-23 15:50:19,578 INFO  [i.core.discovery.server.PublicServer] [] [] [] : Stopped Service(improbable.fabric.internal.service.ScalingStatsInternalService) on 127.0.0.1:9017.
2017-11-23 15:50:19,582 INFO  [i.core.discovery.server.LocalServer] [] [] [] : Stopped Service(improbable.fabric.internal.service.EntityQueryInternalService) on 127.0.0.1:9018.
2017-11-23 15:50:19,585 INFO  [i.core.discovery.server.LocalServer] [] [] [] : Stopped Service(improbable.fabric.internal.service.BridgeInternalService) on 127.0.0.1:9019.
2017-11-23 15:50:19,588 INFO  [i.core.discovery.server.PublicServer] [] [] [] : Stopped Service(improbable.platform.inner.worker.WorkerRunner) on 127.0.0.1:9020.
2017-11-23 15:50:19,592 INFO  [i.core.discovery.server.LocalServer] [] [] [] : Stopped Service(improbable.fabric.internal.service.ReceptionistInternalService) on 127.0.0.1:9021.
2017-11-23 15:50:19,593 INFO  [i.core.discovery.server.PublicServer] [] [] [] : Stopped Service(improbable.platform.runtime.ReceptionistService) on 127.0.0.1:7777.
