2017-11-17 16:00:20,029 INFO  [i.deployment.InternalGameLauncher] [] [] [] : Parsed 362 internal flags at startup
2017-11-17 16:00:25,323 INFO  [i.deployment.InternalGameLauncher] [] [] [] : SpatialOS runtime version: 11-20171114T103507Z-cc9d195
2017-11-17 16:00:25,624 INFO  [i.c.c.f.FlagzFieldRegistryUpdater] [] [] [] : Initialized Fabric flagz registry with 11 set fields.
2017-11-17 16:00:25,916 INFO  [i.core.discovery.server.LocalServer] [] [] [] : Registered Service(improbable.fabric.internal.service.StatusDiscoveryInternalService) on 127.0.0.1:5301.
2017-11-17 16:00:25,917 INFO  [i.c.discovery.ServiceDiscoveryImpl] [] [] [] : Status discovery address: host: "127.0.0.1"
port: 5301

2017-11-17 16:00:25,923 INFO  [improbable.module.ModuleNode] [] [] [] : Starting Fabric node as master (IP: 127.0.0.1).
2017-11-17 16:00:25,924 INFO  [i.c.d.client.CheckpointDiscoveryImpl] [] [] [] : Reached a checkpoint: ALL_NODES_STARTED
2017-11-17 16:00:25,925 INFO  [improbable.module.ModuleNode] [] [] [] : Node master has started, waiting for other nodes to reach the same checkpoint.
2017-11-17 16:00:25,925 INFO  [improbable.module.ModuleNode] [] [] [] : All nodes have been started.
2017-11-17 16:00:25,935 INFO  [i.core.discovery.server.PublicServer] [] [] [] : Registered Service(improbable.platform.runtime.ModuleService) on 127.0.0.1:9000.
2017-11-17 16:00:25,945 INFO  [i.core.discovery.server.PublicServer] [] [] [] : Registered Service(improbable.platform.runtime.HealthCheckService) on 127.0.0.1:9001.
2017-11-17 16:00:25,954 INFO  [i.core.discovery.server.LocalServer] [] [] [] : Registered Service(improbable.fabric.internal.service.PerfInternalService) on 127.0.0.1:9002.
2017-11-17 16:00:25,963 INFO  [i.core.discovery.server.LocalServer] [] [] [] : Registered Service(improbable.fabric.internal.service.ContentionInternalService) on 127.0.0.1:9003.
2017-11-17 16:00:25,995 INFO  [i.core.discovery.server.PublicServer] [] [] [] : Registered Service(improbable.platform.runtime.FeatureService) on 127.0.0.1:9004.
2017-11-17 16:00:26,023 INFO  [i.c.config.flagz.WorkerFlagzUpdater] [] [] [] : Initialized worker flagz registry with 0 set fields.
2017-11-17 16:00:26,025 INFO  [improbable.module.ModuleNode] [] [] [] : Using master node configuration loader.
2017-11-17 16:00:26,038 INFO  [i.core.discovery.server.LocalServer] [] [] [] : Registered Service(improbable.fabric.internal.service.NodeConfigurationInternalService) on 127.0.0.1:9005.
2017-11-17 16:00:26,061 INFO  [i.c.c.n.MasterNodeConfigurationLoader] [] [] [] : Using roles [MASTER, GSIM, BRIDGE, WORKER_RUNNER, INSPECTION] for node node_id {
  deployment_id {
    project_id {
      name: "your_project_name_here"
    }
    name: "local"
  }
  name: "master"
}
private_ip: "127.0.0.1"
roles: MASTER
roles: GSIM
roles: BRIDGE
roles: WORKER_RUNNER
roles: INSPECTION

2017-11-17 16:00:26,088 INFO  [improbable.core.config.node.GsimGrid] [] [] [] : Created gsim grid configuration of size (1500, 1500) with 1 columns and 1 rows, using gsims of (30, 30) chunks.
2017-11-17 16:00:26,120 INFO  [i.c.c.n.MasterNodeConfigurationLoader] [] [] [] : Original deployment module configuration (before parsing): {deployment_id {
  project_id {
    name: "your_project_name_here"
  }
  name: "local"
}
name: "master"
=[ProfilingModule, BridgeModuleOracleModule, BridgeOracleModule, PersistenceModule, ReceptionistModule, RouterModule, GSimModule, BridgeModule, EngineStartupModule, InspectionRestModule]}
2017-11-17 16:00:26,142 INFO  [i.c.c.n.MasterNodeConfigurationLoader] [] [] [] : Master successfully loaded configurations for 1 node(s).
2017-11-17 16:00:26,150 INFO  [improbable.module.ModuleNode] [] [] [] : Loaded node configuration: node_id {
  deployment_id {
    project_id {
      name: "your_project_name_here"
    }
    name: "local"
  }
  name: "master"
}
gsim_configurations {
  extent {
    bottom_left {
      x_in_chunks: -15
      z_in_chunks: -15
    }
    top_right {
      x_in_chunks: 15
      z_in_chunks: 15
    }
  }
}
start_router: true
start_bridge_oracle: true
start_bridge_module_oracle: true
start_engine_startup_module: true
start_receptionist_service: true
start_inspection_rest_module: true
start_snapshot_service: true
start_profiling_module: true
bridge_modules: "BridgeModule"
gsim_modules: "GSimModule"

2017-11-17 16:00:26,150 INFO  [improbable.module.ModuleNode] [] [] [] : Using master world extents provider.
2017-11-17 16:00:26,172 INFO  [i.core.discovery.server.LocalServer] [] [] [] : Registered Service(improbable.fabric.internal.service.WorldExtentsInternalService) on 127.0.0.1:9006.
2017-11-17 16:00:26,173 INFO  [i.c.world.MasterWorldExtentsProvider] [] [] [] : Successfully initialized world extents with 1 rectangle(s).
2017-11-17 16:00:26,180 INFO  [improbable.module.ModuleNode] [] [] [] : Loaded world extents: WorldExtents{proto=rectangles {
  bottom_left {
    x: -750.0
    z: -750.0
  }
  top_right {
    x: 750.0
    z: 750.0
  }
  is_fully_simulated: true
  responsible_gsim_id {
  }
}
bounding_rectangle {
  bottom_left {
    x: -750.0
    z: -750.0
  }
  top_right {
    x: 750.0
    z: 750.0
  }
  is_fully_simulated: true
}
}
2017-11-17 16:00:26,351 INFO  [i.e.schema.ParsedFileDescriptorSet] [] [] [] : Parsed file descriptors of 13 proto files.
2017-11-17 16:00:26,405 INFO  [i.entity.schema.SchemaFactory] [] [] [] : Found components: [improbable.player.Health, improbable.EntityAcl, improbable.Metadata, improbable.Position, improbable.Persistence, improbable.core.PlayerCreation, improbable.core.ClientAuthorityCheck, improbable.player.PlayerRotation, improbable.core.Rotation, improbable.player.PlayerInput, improbable.player.ClientConnection]
2017-11-17 16:00:26,420 INFO  [i.entity.schema.SchemaFactory] [] [] [] : Found components: [improbable.EntityAcl, improbable.Metadata, improbable.Position, improbable.Persistence, improbable.core.PlayerCreation, improbable.player.PlayerInput, improbable.core.ClientAuthorityCheck, improbable.player.Health, improbable.internal.EntityAuthority, improbable.core.Rotation, improbable.player.ClientConnection, improbable.player.PlayerRotation]
2017-11-17 16:00:26,421 INFO  [improbable.module.ModuleNode] [] [] [] : Successfully loaded schema for entities
2017-11-17 16:00:26,423 INFO  [improbable.module.ModuleNode] [] [] [] : Validating snapshot at startup and determining max entity id
2017-11-17 16:00:26,431 INFO  [i.p.s.storage.LegacySnapshotStorage] [] [] [] : Requesting download URL for Snapshot(local@latest) matching []
2017-11-17 16:00:26,455 INFO  [i.p.s.storage.LegacySnapshotStorage] [] [] [] : Downloading snapshot from http://127.0.0.1:21000/snapshots/20171117160001527
2017-11-17 16:00:26,499 INFO  [improbable.module.ModuleNode] [] [] [] : Determined the first entity id for the id assigner as 2
2017-11-17 16:00:26,507 INFO  [i.core.discovery.server.LocalServer] [] [] [] : Registered Service(improbable.fabric.internal.service.EntityIdInternalService) on 127.0.0.1:9007.
2017-11-17 16:00:26,534 INFO  [i.core.discovery.server.LocalServer] [] [] [] : Registered Service(improbable.fabric.internal.service.WorkerPrestartRegistryInternalService) on 127.0.0.1:9008.
2017-11-17 16:00:26,545 INFO  [i.core.discovery.server.LocalServer] [] [] [] : Registered Service(improbable.fabric.internal.service.RouterLookupInternalService) on 127.0.0.1:9009.
2017-11-17 16:00:26,546 INFO  [i.module.router.ActorSystemFactory$] [] [] [] : Attempting to create ActorSystem akkaFabric with configRecord akkaFabric
2017-11-17 16:00:26,764 INFO  [i.c.d.g.GlobalCheckpointDiscoveryImpl] [] [] [] : Global checkpoint discovery refreshed checkpoints.
2017-11-17 16:00:26,765 INFO  [i.c.d.g.GlobalServiceDiscoveryImpl] [] [] [] : Global service discovery refreshed 11 server(s) (previously: 0)
2017-11-17 16:00:27,127 INFO  [akka.event.slf4j.Slf4jLogger] [] [] [] : Slf4jLogger started
2017-11-17 16:00:28,951 INFO  [i.l.params.LoadbalancerParamsFactory] [] [] [] : Parsed 1 worker loadbalancing configuration(s)
2017-11-17 16:00:28,958 INFO  [i.l.params.LoadbalancerParamsFactory] [] [] [] : Successfully loaded loadbalancing configurations: {UnityWorker=improbable.loadbalancing.params.AutoHexGridLoadbalancerParams@efba38a}
2017-11-17 16:00:29,078 INFO  [i.w.a.WorkerAssemblyProviderFactory] [] [] [] : Loaded worker assemblies for these workers types: UnityClient, UnityWorker.
2017-11-17 16:00:29,083 INFO  [improbable.module.ModuleNode] [] [] [] : Loaded worker assemblies: [worker_assembly_id {
  assembly_id {
    project_id {
      name: "your_project_name_here"
    }
    name: "local_assembly"
  }
  name {
    name: "UnityClient"
  }
}
bridge_configuration {
  worker_attribute_set {
    attribute {
      name: "visual"
    }
  }
  entity_interest {
    range_entity_interest {
      radius: 200.0
    }
  }
  component_delivery {
    checkout_all_initially: true
  }
}
, worker_assembly_id {
  assembly_id {
    project_id {
      name: "your_project_name_here"
    }
    name: "local_assembly"
  }
  name {
    name: "UnityWorker"
  }
}
worker_launch_configuration {
  platform: WINDOWS
  worker_zip {
    command: "UnityWorker@Windows.exe"
    argument: "+projectName"
    argument: "${IMPROBABLE_PROJECT_NAME}"
    argument: "+receptionistIp"
    argument: "${IMPROBABLE_RECEPTIONIST_HOST}"
    argument: "+receptionistPort"
    argument: "${IMPROBABLE_RECEPTIONIST_PORT}"
    argument: "+workerType"
    argument: "${IMPROBABLE_WORKER_NAME}"
    argument: "+workerId"
    argument: "${IMPROBABLE_WORKER_ID}"
    argument: "+useInternalIpForBridge"
    argument: "true"
    argument: "+infraServicesUrl"
    argument: "${IMPROBABLE_API_URL}"
    argument: "+assemblyName"
    argument: "${IMPROBABLE_ASSEMBLY_NAME}"
    argument: "+linkProtocol"
    argument: "RakNet"
    argument: "-logfile"
    argument: "${IMPROBABLE_LOG_FILE}"
    argument: "-batchmode"
    argument: "-nographics"
    worker_location {
      filename: "UnityWorker@Windows.zip"
    }
  }
}
worker_launch_configuration {
  platform: MACOS
  worker_zip {
    command: "UnityWorker@Mac.app/Contents/MacOS/UnityWorker@Mac"
    argument: "+projectName"
    argument: "${IMPROBABLE_PROJECT_NAME}"
    argument: "+receptionistIp"
    argument: "${IMPROBABLE_RECEPTIONIST_HOST}"
    argument: "+receptionistPort"
    argument: "${IMPROBABLE_RECEPTIONIST_PORT}"
    argument: "+workerType"
    argument: "${IMPROBABLE_WORKER_NAME}"
    argument: "+workerId"
    argument: "${IMPROBABLE_WORKER_ID}"
    argument: "+useInternalIpForBridge"
    argument: "true"
    argument: "+infraServicesUrl"
    argument: "${IMPROBABLE_API_URL}"
    argument: "+assemblyName"
    argument: "${IMPROBABLE_ASSEMBLY_NAME}"
    argument: "+linkProtocol"
    argument: "RakNet"
    argument: "-logfile"
    argument: "${IMPROBABLE_LOG_FILE}"
    argument: "-batchmode"
    argument: "-nographics"
    worker_location {
      filename: "UnityWorker@Mac.zip"
    }
  }
}
worker_launch_configuration {
  platform: LINUX
  worker_zip {
    command: "UnityWorker@Linux"
    argument: "+projectName"
    argument: "${IMPROBABLE_PROJECT_NAME}"
    argument: "+receptionistIp"
    argument: "${IMPROBABLE_RECEPTIONIST_HOST}"
    argument: "+receptionistPort"
    argument: "${IMPROBABLE_RECEPTIONIST_PORT}"
    argument: "+workerType"
    argument: "${IMPROBABLE_WORKER_NAME}"
    argument: "+workerId"
    argument: "${IMPROBABLE_WORKER_ID}"
    argument: "+useInternalIpForBridge"
    argument: "true"
    argument: "+infraServicesUrl"
    argument: "${IMPROBABLE_API_URL}"
    argument: "+assemblyName"
    argument: "${IMPROBABLE_ASSEMBLY_NAME}"
    argument: "+linkProtocol"
    argument: "RakNet"
    argument: "-logfile"
    argument: "${IMPROBABLE_LOG_FILE}"
    argument: "-batchmode"
    argument: "-nographics"
    worker_location {
      filename: "UnityWorker@Linux.zip"
    }
  }
}
bridge_configuration {
  worker_attribute_set {
    attribute {
      name: "physics"
    }
  }
  entity_interest {
    range_entity_interest {
      radius: 200.0
    }
  }
  component_delivery {
    checkout_all_initially: true
  }
}
]
2017-11-17 16:00:29,088 INFO  [i.w.assembly.WorkerAssemblyProvider] [] [] [] : Worker configuration for 'UnityClient' does not contain a launch configuration for the current platform 'MACOS', so Fabric will not start any managed workers of this type
2017-11-17 16:00:29,089 INFO  [i.w.assembly.WorkerAssemblyProvider] [] [] [] : The following worker configurations do not contain valid managed launch configurations for the current platform MACOS, and the runtime will be unable to launch managed workers of this type: [UnityClient]. This is expected for worker types you intend to only connect manually.
2017-11-17 16:00:29,094 INFO  [i.w.permissions.PermissionsFactory] [] [] [] : Created permissions manager with permissions: {UnityWorker=Permissions{{/sys/CreateEntity=, /sys/DeleteEntity=, /sys/EntityQuery={"component":["*"]}}}, UnityClient=Permissions{{/sys/EntityQuery={"component":[]}}}}
2017-11-17 16:00:31,224 INFO  [improbable.module.ModuleNode] [] [] [] : Starting router on master
2017-11-17 16:00:31,232 INFO  [i.core.discovery.server.LocalServer] [] [] [] : Registered Service(improbable.fabric.internal.service.RouterInternalService) on 127.0.0.1:9010.
2017-11-17 16:00:31,232 INFO  [i.c.m.r.RouterInternalServiceImpl] [] [] [] : Attempting to register RouterInternalServiceImpl with RouterLookupInternalService.
2017-11-17 16:00:31,242 INFO  [i.c.m.r.l.RouterLookupInternalServiceImpl] [] [] [] : 1/1 router modules started
2017-11-17 16:00:31,243 INFO  [i.c.m.r.RouterInternalServiceImpl] [] [] [] : Registered RouterInternalServiceImpl with RouterLookupInternalService.
2017-11-17 16:00:31,244 INFO  [improbable.module.ModuleNode] [] [] [] : Attempting to get addresses of all RouterModules from master node
2017-11-17 16:00:31,254 INFO  [improbable.module.ModuleNode] [] [] [] : Got all RouterModules from master node
2017-11-17 16:00:31,272 INFO  [i.core.discovery.server.LocalServer] [] [] [] : Registered Service(improbable.fabric.internal.service.RemoteMessageInternalService) on 127.0.0.1:9011.
2017-11-17 16:00:31,291 INFO  [i.core.discovery.server.LocalServer] [] [] [] : Registered Service(improbable.fabric.internal.service.LocalBrokerInternalService) on 127.0.0.1:9012.
2017-11-17 16:00:31,296 INFO  [improbable.module.ModuleNode] [] [] [] : Waiting for all router modules in the deployment to have started
2017-11-17 16:00:31,300 INFO  [improbable.module.ModuleNode] [] [] [] : All router modules in the deployment started
2017-11-17 16:00:31,378 INFO  [org.eclipse.jetty.server.Server] [] [] [] : jetty-8.y.z-SNAPSHOT
2017-11-17 16:00:31,407 INFO  [o.e.jetty.server.AbstractConnector] [] [] [] : Started SelectChannelConnector@0.0.0.0:5006
2017-11-17 16:00:31,408 INFO  [improbable.http.ServletContainer$] [] [] [] : Servlet container started
2017-11-17 16:00:31,410 INFO  [improbable.module.ModuleNode] [] [] [] : Starting BridgeOracle on master
2017-11-17 16:00:31,421 INFO  [improbable.module.ModuleNode] [] [] [] : Waiting for the BridgeOracle to have started
2017-11-17 16:00:31,640 INFO  [i.core.discovery.server.LocalServer] [] [] [] : Registered Service(improbable.fabric.internal.service.BridgeOracleInternalService) on 127.0.0.1:9013.
2017-11-17 16:00:31,740 INFO  [improbable.module.ModuleNode] [] [] [] : Received BridgeOracle started
2017-11-17 16:00:31,740 INFO  [i.c.d.g.GlobalServiceDiscoveryImpl] [] [] [] : Global service discovery refreshed 15 server(s) (previously: 11)
2017-11-17 16:00:31,748 INFO  [i.core.discovery.server.LocalServer] [] [] [] : Registered Service(improbable.fabric.internal.service.GlobalBrokerInternalService) on 127.0.0.1:9014.
2017-11-17 16:00:31,750 INFO  [improbable.module.ModuleNode] [] [] [] : Waiting for the BridgeModuleOracle to have started
2017-11-17 16:00:31,753 INFO  [i.c.a.e.ExtensibleActorReporter] [] [] [] : Started BridgeModuleOracleActor(Actor[akka://akkaFabric/user/BridgeModuleOracleModule#-1125321995]).
2017-11-17 16:00:31,771 INFO  [i.core.discovery.server.LocalServer] [] [] [] : Registered Service(improbable.fabric.internal.service.BridgeServiceOracleInternalService) on 127.0.0.1:9015.
2017-11-17 16:00:32,740 INFO  [improbable.module.ModuleNode] [] [] [] : Received BridgeModuleOracle started
2017-11-17 16:00:32,740 INFO  [i.c.d.g.GlobalServiceDiscoveryImpl] [] [] [] : Global service discovery refreshed 17 server(s) (previously: 15)
2017-11-17 16:00:32,745 INFO  [improbable.module.ModuleNode] [] [] [] : Starting gsim GSimModule
2017-11-17 16:00:32,751 INFO  [improbable.module.ModuleNode] [] [] [] : Waiting for 1 entity query service(s) to start.
2017-11-17 16:00:32,776 INFO  [i.core.discovery.server.LocalServer] [] [] [] : Registered Service(improbable.fabric.internal.service.LocalSnapshotInternalService) on 127.0.0.1:9016.
2017-11-17 16:00:32,811 INFO  [i.p.gsim.GSimPersistenceWriter] [] [] [] : Transitioning GSimPersistenceActor(0) from State [Idle] to [Idle].  Time Elapsed: 3 milliseconds
2017-11-17 16:00:32,824 INFO  [i.core.discovery.server.PublicServer] [] [] [] : Registered Service(improbable.fabric.internal.service.ScalingStatsInternalService) on 127.0.0.1:9017.
2017-11-17 16:00:33,058 INFO  [i.core.discovery.server.LocalServer] [] [] [] : Registered Service(improbable.fabric.internal.service.EntityQueryInternalService) on 127.0.0.1:9018.
2017-11-17 16:00:33,627 INFO  [i.bridge.oracle.scaling.WorkerScaler] [] [] [] : Skipping reconciliation because no WorkerRunner service is available. This message is expected at startup but should not persist through the deployment
2017-11-17 16:00:33,741 INFO  [i.c.d.g.GlobalServiceDiscoveryImpl] [] [] [] : Global service discovery refreshed 20 server(s) (previously: 17)
2017-11-17 16:00:33,741 INFO  [improbable.module.ModuleNode] [] [] [] : All 1 entity query service(s) have started.
2017-11-17 16:00:33,741 INFO  [improbable.module.ModuleNode] [] [] [] : Creating entity query client.
2017-11-17 16:00:33,755 INFO  [improbable.module.ModuleNode] [] [] [] : Entity query client created with directory: EntityQueryServiceDirectory{allServices=[EntityQueryInternalServiceInfo{address=host: "127.0.0.1"
port: 9018
, extent=Rectangle{minX=-750.0, minZ=-750.0, maxX=750.0, maxZ=750.0}, isLocal=true}], localServices=[EntityQueryInternalServiceInfo{address=host: "127.0.0.1"
port: 9018
, extent=Rectangle{minX=-750.0, minZ=-750.0, maxX=750.0, maxZ=750.0}, isLocal=true}], remoteServices=[]}
2017-11-17 16:00:33,762 INFO  [improbable.module.ModuleNode] [] [] [] : Waiting for 1 bridge service(s) to start.
2017-11-17 16:00:33,784 INFO  [i.c.a.e.ExtensibleActorReporter] [] [] [] : Started BridgeModuleActor(Actor[akka://akkaFabric/user/BridgeModule:ebf621be-8bde-434b-9b36-b072e5c9b55f#914219716]).
2017-11-17 16:00:33,802 INFO  [i.core.discovery.server.LocalServer] [] [] [] : Registered Service(improbable.fabric.internal.service.BridgeInternalService) on 127.0.0.1:9019.
2017-11-17 16:00:33,802 INFO  [i.module.bridge.BridgeModuleActor] [] [] [] : Waiting for BridgeModuleOracle service to be available
2017-11-17 16:00:33,816 INFO  [i.module.bridge.BridgeModuleActor] [] [] [] : Registered(BridgeModuleEndpoint(ebf621be-8bde-434b-9b36-b072e5c9b55f)) on BridgeModuleOracleService
2017-11-17 16:00:34,736 INFO  [i.c.d.g.GlobalServiceDiscoveryImpl] [] [] [] : Global service discovery refreshed 21 server(s) (previously: 20)
2017-11-17 16:00:34,736 INFO  [improbable.module.ModuleNode] [] [] [] : All 1 bridge service(s) have started.
2017-11-17 16:00:34,737 INFO  [improbable.module.ModuleNode] [] [] [] : Starting WorkerRunner service (EngineStartupModule)
2017-11-17 16:00:34,743 INFO  [improbable.worker.exec.WorkerStats] [] [] [] : Cannot read /proc/self/stat; worker stats reporting will not work.
2017-11-17 16:00:34,753 INFO  [i.core.discovery.server.PublicServer] [] [] [] : Registered Service(improbable.platform.inner.worker.WorkerRunner) on 127.0.0.1:9020.
2017-11-17 16:00:34,764 INFO  [i.core.discovery.server.LocalServer] [] [] [] : Registered Service(improbable.fabric.internal.service.ReceptionistInternalService) on 127.0.0.1:9021.
2017-11-17 16:00:34,775 INFO  [i.core.discovery.server.PublicServer] [] [] [] : Registered Service(improbable.platform.runtime.ReceptionistService) on 127.0.0.1:7777.
2017-11-17 16:00:34,776 INFO  [improbable.module.ModuleNode] [] [] [] : Starting InspectionRestModule
2017-11-17 16:00:34,777 INFO  [improbable.module.ModuleNode] [] [] [] : Starting ProfilingModule
2017-11-17 16:00:34,779 INFO  [i.c.d.client.CheckpointDiscoveryImpl] [] [] [] : Reached a checkpoint: ALL_MODULES_STARTED
2017-11-17 16:00:34,779 INFO  [improbable.module.ModuleNode] [] [] [] : All modules on this node started, waiting for other nodes to reach the same checkpoint.
2017-11-17 16:00:34,786 INFO  [i.c.a.e.ExtensibleActorReporter] [] [] [] : Started ProfilingModuleActor(Actor[akka://akkaFabric/user/ProfilingModule#-1542102652]).
2017-11-17 16:00:34,790 INFO  [i.core.discovery.server.LocalServer] [] [] [] : Registered Service(improbable.fabric.internal.debug.HeatmapCellCacheInternalService) on 127.0.0.1:9022.
2017-11-17 16:00:34,850 INFO  [i.core.discovery.server.PublicServer] [] [] [] : Registered Service(improbable.platform.runtime.InspectionService) on 127.0.0.1:9023.
2017-11-17 16:00:34,913 INFO  [i.c.a.e.ExtensibleActorReporter] [] [] [] : Started InspectionRestModuleActor(Actor[akka://akkaFabric/user/InspectionRestModule#310487982]).
2017-11-17 16:00:35,445 INFO  [spray.can.server.HttpListener] [akka://akkaFabric/user/IO-HTTP/listener-0] [akkaFabric-akka.actor.default-dispatcher-26] [] : Bound to /0.0.0.0:5005
2017-11-17 16:00:35,629 INFO  [i.bridge.oracle.scaling.WorkerScaler] [] [] [] : Skipping reconciliation because no WorkerRunner service is available. This message is expected at startup but should not persist through the deployment
2017-11-17 16:00:35,737 INFO  [improbable.module.ModuleNode] [] [] [] : All modules on all nodes have been started.
2017-11-17 16:00:35,737 INFO  [i.c.d.g.GlobalCheckpointDiscoveryImpl] [] [] [] : Global checkpoint discovery refreshed checkpoints.
2017-11-17 16:00:35,737 INFO  [improbable.module.ModuleNode] [] [] [] : Loading a snapshot.
2017-11-17 16:00:35,738 INFO  [i.c.d.g.GlobalServiceDiscoveryImpl] [] [] [] : Global service discovery refreshed 26 server(s) (previously: 21)
2017-11-17 16:00:35,753 INFO  [i.p.g.GSimPersistenceLoadOrchestrator] [] [] [] : Loading snapshot on GSim(0).
2017-11-17 16:00:35,754 INFO  [i.p.s.storage.LegacySnapshotStorage] [] [] [] : Requesting download URL for Snapshot(local@latest) matching []
2017-11-17 16:00:35,763 INFO  [i.p.s.storage.LegacySnapshotStorage] [] [] [] : Downloading snapshot from http://127.0.0.1:21000/snapshots/20171117160001527
2017-11-17 16:00:35,768 INFO  [i.p.gsim.GSimPersistenceLoader] [] [] [] : Loading snapshot
2017-11-17 16:00:35,788 INFO  [i.p.g.GSimPersistenceLoadOrchestrator] [] [] [] : Loaded 1 entities on GSim(0).
2017-11-17 16:00:35,794 INFO  [i.p.c.PersistenceLoaderCoordinatorActor] [] [] [] : All Snapshots loaded.
2017-11-17 16:00:35,796 INFO  [improbable.module.ModuleNode] [] [] [] : Snapshot has been loaded.
2017-11-17 16:00:35,796 INFO  [improbable.module.ModuleNode] [] [] [] : Starting SnapshotService.
2017-11-17 16:00:35,810 INFO  [i.core.discovery.server.PublicServer] [] [] [] : Registered Service(improbable.platform.runtime.SnapshotService) on 127.0.0.1:9024.
2017-11-17 16:00:35,810 INFO  [i.c.d.client.CheckpointDiscoveryImpl] [] [] [] : Reached a checkpoint: LOAD_SNAPSHOT_FINISHED
2017-11-17 16:00:35,812 INFO  [improbable.module.ModuleNode] [] [] [] : SpatialOS runtime startup complete.
2017-11-17 16:00:35,863 INFO  [i.l.params.LoadbalancerParamsFactory] [] [] [] : LoadbalancerParams for worker type [UnityWorker]: [AutoHexGridLoadbalancerParams{energyLimitingEnabled=true, energyLimit=1.0E9, minWorkerRange=1500.0, maxWorkerRange=1500.0, maxWorkerStepSize=0.0, workerExpansionTimeMs=60000, workerGridSize=0, loadbalancerEnabled=false, hexGridMode=AUTO, scalerAdvisorType=CONSTANT, maxWorkers=1, initialWorkers=1, numEntitiesPerWorker=9223372036854775807, statusReportPeriodMs=30000, pointsOfInterestEnabled=false, hexGridSolution=AutoValue_HexGridSolution{workersUsed=1, hexagonEdgeLength=1500.0, hexagonOrientation=POINTY_TOP, bounds=Rectangle{minX=-750.0, minZ=-750.0, maxX=750.0, maxZ=750.0}}, pointsOfInterestSolution=Empty}]
2017-11-17 16:00:36,743 INFO  [i.c.d.g.GlobalCheckpointDiscoveryImpl] [] [] [] : Global checkpoint discovery refreshed checkpoints.
2017-11-17 16:00:36,744 INFO  [i.c.d.g.GlobalServiceDiscoveryImpl] [] [] [] : Global service discovery refreshed 27 server(s) (previously: 26)
2017-11-17 16:00:37,832 INFO  [i.b.o.m.BridgeOracleWorkerManager] [] [] [] : Trying to start managed worker UnityWorker0
2017-11-17 16:00:37,851 INFO  [i.bridge.oracle.scaling.WorkerScaler] [] [] [] : Starting 1 new managed workers for attribute_set {
  attribute: "physics"
}
 (required: 1, existing: 0)
2017-11-17 16:00:37,851 INFO  [i.worker.exec.WorkerStartupExecutor] [] [] [] : Awaiting internal receptionist service to register with service discovery
2017-11-17 16:00:37,854 INFO  [i.worker.exec.WorkerStartupExecutor] [] [] [] : Successfully found the internal receptionist service in service discovery
2017-11-17 16:00:37,859 INFO  [i.worker.exec.WorkerStartupExecutor] [] [] [] : Awaiting public receptionist service to register with service discovery
2017-11-17 16:00:37,859 INFO  [i.worker.exec.WorkerStartupExecutor] [] [] [] : Successfully found the public receptionist service in service discovery
2017-11-17 16:00:39,678 WARN  [i.worker.exec.WorkerStartupExecutor] [] [] [] : Error while setting permissions of the worker directory.
java.nio.file.FileSystemException: /var/folders/x8/wtf95w9s64gcftlt_63mjfqm0000gn/T: Operation not permitted
	at sun.nio.fs.UnixException.translateToIOException(UnixException.java:91) ~[na:1.8.0_162-ea]
	at sun.nio.fs.UnixException.rethrowAsIOException(UnixException.java:102) ~[na:1.8.0_162-ea]
	at sun.nio.fs.UnixException.rethrowAsIOException(UnixException.java:107) ~[na:1.8.0_162-ea]
	at sun.nio.fs.UnixFileAttributeViews$Posix.setMode(UnixFileAttributeViews.java:238) ~[na:1.8.0_162-ea]
	at sun.nio.fs.UnixFileAttributeViews$Posix.setPermissions(UnixFileAttributeViews.java:260) ~[na:1.8.0_162-ea]
	at java.nio.file.Files.setPosixFilePermissions(Files.java:2045) ~[na:1.8.0_162-ea]
	at improbable.worker.exec.WorkerStartupExecutor.setWorkerFilePermissions(WorkerStartupExecutor.java:380) [fabric__runtime_deploy.jar:na]
	at improbable.worker.exec.WorkerStartupExecutor.setPermissionsForDirectoryParents(WorkerStartupExecutor.java:350) [fabric__runtime_deploy.jar:na]
	at improbable.worker.exec.WorkerStartupExecutor.setWorkerDirectoryPermissions(WorkerStartupExecutor.java:341) [fabric__runtime_deploy.jar:na]
	at improbable.worker.exec.WorkerStartupExecutor.executeInternal(WorkerStartupExecutor.java:192) [fabric__runtime_deploy.jar:na]
	at improbable.worker.exec.WorkerStartupExecutor.execute(WorkerStartupExecutor.java:117) [fabric__runtime_deploy.jar:na]
	at improbable.worker.exec.WorkerRunnerImpl.startWorker(WorkerRunnerImpl.java:132) [fabric__runtime_deploy.jar:na]
	at improbable.worker.exec.WorkerRunnerImpl.start(WorkerRunnerImpl.java:79) [fabric__runtime_deploy.jar:na]
	at improbable.platform.inner.worker.WorkerRunnerGrpc$MethodHandlers.invoke(WorkerRunnerGrpc.java:326) [fabric__runtime_deploy.jar:na]
	at io.grpc.stub.ServerCalls$1$1.onHalfClose(ServerCalls.java:148) [fabric__runtime_deploy.jar:na]
	at io.grpc.PartialForwardingServerCallListener.onHalfClose(PartialForwardingServerCallListener.java:48) [fabric__runtime_deploy.jar:na]
	at io.grpc.ForwardingServerCallListener.onHalfClose(ForwardingServerCallListener.java:38) [fabric__runtime_deploy.jar:na]
	at io.grpc.internal.ServerCallImpl$ServerStreamListenerImpl.halfClosed(ServerCallImpl.java:267) [fabric__runtime_deploy.jar:na]
	at io.grpc.internal.ServerImpl$JumpToApplicationThreadServerStreamListener$2.runInContext(ServerImpl.java:573) [fabric__runtime_deploy.jar:na]
	at io.grpc.internal.ContextRunnable.run(ContextRunnable.java:52) [fabric__runtime_deploy.jar:na]
	at io.grpc.internal.SerializingExecutor.run(SerializingExecutor.java:117) [fabric__runtime_deploy.jar:na]
	at improbable.common.async.FabricListeningExecutorService.lambda$instrumentRunnable$0(FabricListeningExecutorService.java:133) [fabric__runtime_deploy.jar:na]
	at java.util.concurrent.ThreadPoolExecutor.runWorker(ThreadPoolExecutor.java:1149) ~[na:1.8.0_162-ea]
	at java.util.concurrent.ThreadPoolExecutor$Worker.run(ThreadPoolExecutor.java:624) ~[na:1.8.0_162-ea]
	at java.lang.Thread.run(Thread.java:748) ~[na:1.8.0_162-ea]
2017-11-17 16:00:39,680 INFO  [i.worker.exec.WorkerStartupExecutor] [] [] [] : Created log file for worker UnityWorker0, type (UnityWorker): [/Users/dp.alex/Documents/ProgettoIS/logs/2017-11-17_16-00-02_0/workers/UnityWorker/UnityWorker0-6425198273140324656.log]
2017-11-17 16:00:39,681 INFO  [i.worker.exec.CommandLineExecutor] [] [] [] : Running command: /var/folders/x8/wtf95w9s64gcftlt_63mjfqm0000gn/T/zip-downloader5259362593394337603/881d10ea8dc1e6855de4a512267e6f72/UnityWorker@Mac.app/Contents/MacOS/UnityWorker@Mac +projectName your_project_name_here +receptionistIp 127.0.0.1 +receptionistPort 7777 +workerType UnityWorker +workerId UnityWorker0 +useInternalIpForBridge true +infraServicesUrl http://127.0.0.1:21000 +assemblyName local_assembly +linkProtocol RakNet -logfile /Users/dp.alex/Documents/ProgettoIS/logs/2017-11-17_16-00-02_0/workers/UnityWorker/UnityWorker0-6425198273140324656.log -batchmode -nographics
2017-11-17 16:00:40,447 INFO  [i.b.s.BridgeServicePicker] [] [] [] : Attempting to get positionHint for UnityWorker0 via rpc
2017-11-17 16:00:40,454 INFO  [i.b.s.BridgeServicePicker] [] [] [] : Selected legacy_guid: "ebf621be-8bde-434b-9b36-b072e5c9b55f"
address {
  host: "127.0.0.1"
  port: 9019
}
 with position  which is the nearest bridge service to position (0.0, 0.0, 0.0)
2017-11-17 16:00:40,463 INFO  [i.m.b.o.m.BridgeModuleOracleActor] [] [] [] : BridgeServicePicker returned module Optional[legacy_guid: "ebf621be-8bde-434b-9b36-b072e5c9b55f"
address {
  host: "127.0.0.1"
  port: 9019
}
] with load Optional[BridgeModuleLoadBalanceInfo((0.0, 0.0, 0.0),0)].get().toString() for Engine(UnityWorker0)
2017-11-17 16:00:40,711 INFO  [i.b.i.BridgeInternalServiceImpl] [] [] [] : Bridge worker_id: "UnityWorker0"
 registered with bridge internal service
2017-11-17 16:00:40,721 INFO  [i.b.o.s.BridgeOracleInternalServiceImpl] [] [] [] : Got bridge started rpc from bridge: worker_id: "UnityWorker0"

2017-11-17 16:00:40,722 INFO  [i.b.o.s.BridgeOracleInternalServiceImpl] [] [] [] : The worker UnityWorker0 registered with SpatialOS successfully.
2017-11-17 16:00:40,723 INFO  [i.module.bridge.oracle.BridgeOracle] [] [] [] : Sending bridge started to self for bridge endpoint BridgeOracleEndpoint
2017-11-17 16:00:40,726 INFO  [i.module.bridge.oracle.BridgeOracle] [] [] [] : Bridge(UnityWorker0) started.
2017-11-17 16:00:40,734 INFO  [i.b.o.m.BridgeOracleWorkerManager] [] [] [] : Worker UnityWorker0 registered with the BridgeOracleWorker manager
2017-11-17 16:00:40,871 INFO  [i.b.n.raknet.GuardedRakPeerInterface] [] [] [] : New RakNet connection established with 127.0.0.1
2017-11-17 16:01:23,033 INFO  [i.b.s.BridgeServicePicker] [] [] [] : Attempting to get positionHint for UnityClient09051c66-9274-4694-8eb7-aa6383fd1f10 via rpc
2017-11-17 16:01:23,035 INFO  [i.b.s.BridgeServicePicker] [] [] [] : Starting UnityClient09051c66-9274-4694-8eb7-aa6383fd1f10 without a position hint, so using a random bridge service
2017-11-17 16:01:23,036 INFO  [i.m.b.o.m.BridgeModuleOracleActor] [] [] [] : BridgeServicePicker returned module Optional[legacy_guid: "ebf621be-8bde-434b-9b36-b072e5c9b55f"
address {
  host: "127.0.0.1"
  port: 9019
}
] with load Optional[BridgeModuleLoadBalanceInfo((0.0, 0.0, 0.0),1)].get().toString() for Engine(UnityClient09051c66-9274-4694-8eb7-aa6383fd1f10)
2017-11-17 16:01:23,054 INFO  [i.l.params.LoadbalancerParamsFactory] [] [] [] : LoadbalancerParams for worker type [UnityClient]: [FlagzLoadbalancerParams{energyLimitingEnabled=true, energyLimit=1.0E9, minWorkerRange=Infinity, maxWorkerRange=Infinity, maxWorkerStepSize=50.0, workerExpansionTimeMs=60000, workerGridSize=5, loadbalancerEnabled=true, hexGridMode=OFF, scalerAdvisorType=ENTITY_COUNT, maxWorkers=25, initialWorkers=25, numEntitiesPerWorker=9223372036854775807, statusReportPeriodMs=2000, pointsOfInterestEnabled=false, hexGridSolution=Empty, pointsOfInterestSolution=Empty}]
2017-11-17 16:01:23,059 INFO  [i.b.i.BridgeInternalServiceImpl] [] [] [] : Bridge worker_id: "UnityClient09051c66-9274-4694-8eb7-aa6383fd1f10"
 registered with bridge internal service
2017-11-17 16:01:23,062 INFO  [i.b.o.s.BridgeOracleInternalServiceImpl] [] [] [] : Got bridge started rpc from bridge: worker_id: "UnityClient09051c66-9274-4694-8eb7-aa6383fd1f10"

2017-11-17 16:01:23,062 INFO  [i.b.o.s.BridgeOracleInternalServiceImpl] [] [] [] : The worker UnityClient09051c66-9274-4694-8eb7-aa6383fd1f10 registered with SpatialOS successfully.
2017-11-17 16:01:23,062 INFO  [i.module.bridge.oracle.BridgeOracle] [] [] [] : Sending bridge started to self for bridge endpoint BridgeOracleEndpoint
2017-11-17 16:01:23,063 INFO  [i.module.bridge.oracle.BridgeOracle] [] [] [] : Bridge(UnityClient09051c66-9274-4694-8eb7-aa6383fd1f10) started.
2017-11-17 16:01:23,161 INFO  [i.b.n.raknet.GuardedRakPeerInterface] [] [] [] : New RakNet connection established with 127.0.0.1
2017-11-17 16:03:17,319 INFO  [i.b.s.BridgeServicePicker] [] [] [] : Attempting to get positionHint for UnityClientb894e004-c1db-4daf-89e9-cc966a9c8983 via rpc
2017-11-17 16:03:17,324 INFO  [i.b.s.BridgeServicePicker] [] [] [] : Starting UnityClientb894e004-c1db-4daf-89e9-cc966a9c8983 without a position hint, so using a random bridge service
2017-11-17 16:03:17,327 INFO  [i.m.b.o.m.BridgeModuleOracleActor] [] [] [] : BridgeServicePicker returned module Optional[legacy_guid: "ebf621be-8bde-434b-9b36-b072e5c9b55f"
address {
  host: "127.0.0.1"
  port: 9019
}
] with load Optional[BridgeModuleLoadBalanceInfo((0.0, 0.0, 0.0),2)].get().toString() for Engine(UnityClientb894e004-c1db-4daf-89e9-cc966a9c8983)
2017-11-17 16:03:17,352 INFO  [i.b.i.BridgeInternalServiceImpl] [] [] [] : Bridge worker_id: "UnityClientb894e004-c1db-4daf-89e9-cc966a9c8983"
 registered with bridge internal service
2017-11-17 16:03:17,357 INFO  [i.b.o.s.BridgeOracleInternalServiceImpl] [] [] [] : Got bridge started rpc from bridge: worker_id: "UnityClientb894e004-c1db-4daf-89e9-cc966a9c8983"

2017-11-17 16:03:17,358 INFO  [i.b.o.s.BridgeOracleInternalServiceImpl] [] [] [] : The worker UnityClientb894e004-c1db-4daf-89e9-cc966a9c8983 registered with SpatialOS successfully.
2017-11-17 16:03:17,358 INFO  [i.module.bridge.oracle.BridgeOracle] [] [] [] : Sending bridge started to self for bridge endpoint BridgeOracleEndpoint
2017-11-17 16:03:17,361 INFO  [i.module.bridge.oracle.BridgeOracle] [] [] [] : Bridge(UnityClientb894e004-c1db-4daf-89e9-cc966a9c8983) started.
2017-11-17 16:03:17,452 INFO  [i.b.n.raknet.GuardedRakPeerInterface] [] [] [] : New RakNet connection established with 127.0.0.1
2017-11-17 16:03:56,970 INFO  [i.b.n.BridgeActorTransportLinkListener] [] [] [] : TransportLinkListener(UnityClientb894e004-c1db-4daf-89e9-cc966a9c8983) sending Disconnected to akka://akkaFabric/user/BridgeModule:ebf621be-8bde-434b-9b36-b072e5c9b55f/BridgeActor-UnityClientb894e004-c1db-4daf-89e9-cc966a9c8983
2017-11-17 16:03:56,982 INFO  [i.b.n.raknet.reporter.RakNetReporter] [] [] [] : Tried to send to RakNet(UnityClient) on Port(7002)3 after closing. Payload: component_update {
  entity_id: 2
  component_id: 54
  entity_co... (Logged every 1000 times)
2017-11-17 16:03:57,010 INFO  [i.b.i.BridgeInternalServiceImpl] [] [] [] : Bridge worker_id: "UnityClientb894e004-c1db-4daf-89e9-cc966a9c8983"
 unregistered with bridge internal service
2017-11-17 16:03:57,012 INFO  [i.module.bridge.oracle.BridgeOracle] [] [] [] : Sending bridge stopped to self for bridge endpoint BridgeEndpoint(UnityClientb894e004-c1db-4daf-89e9-cc966a9c8983)
2017-11-17 16:03:57,012 INFO  [improbable.bridge.BridgeActor] [] [] [] : Bridge(UnityClientb894e004-c1db-4daf-89e9-cc966a9c8983) on BridgeModuleEndpoint(ebf621be-8bde-434b-9b36-b072e5c9b55f) stopped.
2017-11-17 16:03:57,013 INFO  [i.module.bridge.oracle.BridgeOracle] [] [] [] : Bridge(UnityClientb894e004-c1db-4daf-89e9-cc966a9c8983) stopped.
2017-11-17 16:03:57,044 INFO  [akka.actor.LocalActorRef] [akka://akkaFabric/user/BridgeModule:ebf621be-8bde-434b-9b36-b072e5c9b55f/BridgeActor-UnityClientb894e004-c1db-4daf-89e9-cc966a9c8983] [akkaFabric-akka.actor.default-dispatcher-42] [] : Message [improbable.fabric.internal.pubsub.PubSubMessageProto$PubSubMessage] from Actor[akka://akkaFabric/user/BridgeModule:ebf621be-8bde-434b-9b36-b072e5c9b55f/BridgeActor-UnityClientb894e004-c1db-4daf-89e9-cc966a9c8983#-672612073] to Actor[akka://akkaFabric/user/BridgeModule:ebf621be-8bde-434b-9b36-b072e5c9b55f/BridgeActor-UnityClientb894e004-c1db-4daf-89e9-cc966a9c8983#-672612073] was not delivered. [1] dead letters encountered. This logging can be turned off or adjusted with configuration settings 'akka.log-dead-letters' and 'akka.log-dead-letters-during-shutdown'.
2017-11-17 16:03:57,045 INFO  [akka.actor.LocalActorRef] [akka://akkaFabric/user/BridgeModule:ebf621be-8bde-434b-9b36-b072e5c9b55f/BridgeActor-UnityClientb894e004-c1db-4daf-89e9-cc966a9c8983] [akkaFabric-akka.actor.default-dispatcher-42] [] : Message [improbable.fabric.internal.pubsub.PubSubMessageProto$PubSubMessage] from Actor[akka://akkaFabric/user/BridgeModule:ebf621be-8bde-434b-9b36-b072e5c9b55f/BridgeActor-UnityClientb894e004-c1db-4daf-89e9-cc966a9c8983#-672612073] to Actor[akka://akkaFabric/user/BridgeModule:ebf621be-8bde-434b-9b36-b072e5c9b55f/BridgeActor-UnityClientb894e004-c1db-4daf-89e9-cc966a9c8983#-672612073] was not delivered. [2] dead letters encountered. This logging can be turned off or adjusted with configuration settings 'akka.log-dead-letters' and 'akka.log-dead-letters-during-shutdown'.
2017-11-17 16:03:57,045 INFO  [akka.actor.LocalActorRef] [akka://akkaFabric/user/BridgeModule:ebf621be-8bde-434b-9b36-b072e5c9b55f/BridgeActor-UnityClientb894e004-c1db-4daf-89e9-cc966a9c8983] [akkaFabric-akka.actor.default-dispatcher-42] [] : Message [improbable.fabric.internal.pubsub.PubSubMessageProto$PubSubMessage] from Actor[akka://akkaFabric/user/BridgeModule:ebf621be-8bde-434b-9b36-b072e5c9b55f/BridgeActor-UnityClientb894e004-c1db-4daf-89e9-cc966a9c8983#-672612073] to Actor[akka://akkaFabric/user/BridgeModule:ebf621be-8bde-434b-9b36-b072e5c9b55f/BridgeActor-UnityClientb894e004-c1db-4daf-89e9-cc966a9c8983#-672612073] was not delivered. [3] dead letters encountered. This logging can be turned off or adjusted with configuration settings 'akka.log-dead-letters' and 'akka.log-dead-letters-during-shutdown'.
2017-11-17 16:03:57,046 INFO  [akka.actor.LocalActorRef] [akka://akkaFabric/user/BridgeModule:ebf621be-8bde-434b-9b36-b072e5c9b55f/BridgeActor-UnityClientb894e004-c1db-4daf-89e9-cc966a9c8983] [akkaFabric-akka.actor.default-dispatcher-42] [] : Message [improbable.fabric.internal.pubsub.PubSubMessageProto$PubSubMessage] from Actor[akka://akkaFabric/user/BridgeModule:ebf621be-8bde-434b-9b36-b072e5c9b55f/BridgeActor-UnityClientb894e004-c1db-4daf-89e9-cc966a9c8983#-672612073] to Actor[akka://akkaFabric/user/BridgeModule:ebf621be-8bde-434b-9b36-b072e5c9b55f/BridgeActor-UnityClientb894e004-c1db-4daf-89e9-cc966a9c8983#-672612073] was not delivered. [4] dead letters encountered. This logging can be turned off or adjusted with configuration settings 'akka.log-dead-letters' and 'akka.log-dead-letters-during-shutdown'.
2017-11-17 16:03:57,047 INFO  [akka.actor.LocalActorRef] [akka://akkaFabric/user/BridgeModule:ebf621be-8bde-434b-9b36-b072e5c9b55f/BridgeActor-UnityClientb894e004-c1db-4daf-89e9-cc966a9c8983] [akkaFabric-akka.actor.default-dispatcher-42] [] : Message [improbable.fabric.internal.pubsub.PubSubMessageProto$PubSubMessage] from Actor[akka://akkaFabric/user/BridgeModule:ebf621be-8bde-434b-9b36-b072e5c9b55f/BridgeActor-UnityClientb894e004-c1db-4daf-89e9-cc966a9c8983#-672612073] to Actor[akka://akkaFabric/user/BridgeModule:ebf621be-8bde-434b-9b36-b072e5c9b55f/BridgeActor-UnityClientb894e004-c1db-4daf-89e9-cc966a9c8983#-672612073] was not delivered. [5] dead letters encountered. This logging can be turned off or adjusted with configuration settings 'akka.log-dead-letters' and 'akka.log-dead-letters-during-shutdown'.
2017-11-17 16:03:57,048 INFO  [akka.actor.LocalActorRef] [akka://akkaFabric/user/BridgeModule:ebf621be-8bde-434b-9b36-b072e5c9b55f/BridgeActor-UnityClientb894e004-c1db-4daf-89e9-cc966a9c8983] [akkaFabric-akka.actor.default-dispatcher-44] [] : Message [improbable.fabric.internal.pubsub.PubSubMessageProto$PubSubMessage] from Actor[akka://akkaFabric/user/BridgeModule:ebf621be-8bde-434b-9b36-b072e5c9b55f/BridgeActor-UnityClientb894e004-c1db-4daf-89e9-cc966a9c8983#-672612073] to Actor[akka://akkaFabric/user/BridgeModule:ebf621be-8bde-434b-9b36-b072e5c9b55f/BridgeActor-UnityClientb894e004-c1db-4daf-89e9-cc966a9c8983#-672612073] was not delivered. [6] dead letters encountered. This logging can be turned off or adjusted with configuration settings 'akka.log-dead-letters' and 'akka.log-dead-letters-during-shutdown'.
2017-11-17 16:03:57,064 INFO  [akka.actor.LocalActorRef] [akka://akkaFabric/user/BridgeModule:ebf621be-8bde-434b-9b36-b072e5c9b55f/BridgeActor-UnityClientb894e004-c1db-4daf-89e9-cc966a9c8983] [akkaFabric-akka.actor.default-dispatcher-44] [] : Message [improbable.fabric.internal.pubsub.PubSubMessageProto$PubSubMessage] from Actor[akka://akkaFabric/user/BridgeModule:ebf621be-8bde-434b-9b36-b072e5c9b55f/BridgeActor-UnityClientb894e004-c1db-4daf-89e9-cc966a9c8983#-672612073] to Actor[akka://akkaFabric/user/BridgeModule:ebf621be-8bde-434b-9b36-b072e5c9b55f/BridgeActor-UnityClientb894e004-c1db-4daf-89e9-cc966a9c8983#-672612073] was not delivered. [7] dead letters encountered. This logging can be turned off or adjusted with configuration settings 'akka.log-dead-letters' and 'akka.log-dead-letters-during-shutdown'.
2017-11-17 16:03:57,065 INFO  [akka.actor.LocalActorRef] [akka://akkaFabric/user/BridgeModule:ebf621be-8bde-434b-9b36-b072e5c9b55f/BridgeActor-UnityClientb894e004-c1db-4daf-89e9-cc966a9c8983] [akkaFabric-akka.actor.default-dispatcher-44] [] : Message [improbable.fabric.internal.pubsub.PubSubMessageProto$PubSubMessage] from Actor[akka://akkaFabric/user/BridgeModule:ebf621be-8bde-434b-9b36-b072e5c9b55f/BridgeActor-UnityClientb894e004-c1db-4daf-89e9-cc966a9c8983#-672612073] to Actor[akka://akkaFabric/user/BridgeModule:ebf621be-8bde-434b-9b36-b072e5c9b55f/BridgeActor-UnityClientb894e004-c1db-4daf-89e9-cc966a9c8983#-672612073] was not delivered. [8] dead letters encountered. This logging can be turned off or adjusted with configuration settings 'akka.log-dead-letters' and 'akka.log-dead-letters-during-shutdown'.
2017-11-17 16:03:57,066 INFO  [akka.actor.LocalActorRef] [akka://akkaFabric/user/BridgeModule:ebf621be-8bde-434b-9b36-b072e5c9b55f/BridgeActor-UnityClientb894e004-c1db-4daf-89e9-cc966a9c8983] [akkaFabric-akka.actor.default-dispatcher-44] [] : Message [improbable.fabric.internal.pubsub.PubSubMessageProto$PubSubMessage] from Actor[akka://akkaFabric/user/BridgeModule:ebf621be-8bde-434b-9b36-b072e5c9b55f/BridgeActor-UnityClientb894e004-c1db-4daf-89e9-cc966a9c8983#-672612073] to Actor[akka://akkaFabric/user/BridgeModule:ebf621be-8bde-434b-9b36-b072e5c9b55f/BridgeActor-UnityClientb894e004-c1db-4daf-89e9-cc966a9c8983#-672612073] was not delivered. [9] dead letters encountered. This logging can be turned off or adjusted with configuration settings 'akka.log-dead-letters' and 'akka.log-dead-letters-during-shutdown'.
2017-11-17 16:03:57,067 INFO  [akka.actor.LocalActorRef] [akka://akkaFabric/user/BridgeModule:ebf621be-8bde-434b-9b36-b072e5c9b55f/BridgeActor-UnityClientb894e004-c1db-4daf-89e9-cc966a9c8983] [akkaFabric-akka.actor.default-dispatcher-44] [] : Message [improbable.fabric.internal.pubsub.PubSubMessageProto$PubSubMessage] from Actor[akka://akkaFabric/user/BridgeModule:ebf621be-8bde-434b-9b36-b072e5c9b55f/BridgeActor-UnityClientb894e004-c1db-4daf-89e9-cc966a9c8983#-672612073] to Actor[akka://akkaFabric/user/BridgeModule:ebf621be-8bde-434b-9b36-b072e5c9b55f/BridgeActor-UnityClientb894e004-c1db-4daf-89e9-cc966a9c8983#-672612073] was not delivered. [10] dead letters encountered, no more dead letters will be logged. This logging can be turned off or adjusted with configuration settings 'akka.log-dead-letters' and 'akka.log-dead-letters-during-shutdown'.
2017-11-17 16:04:00,945 INFO  [i.b.n.BridgeActorTransportLinkListener] [] [] [] : TransportLinkListener(UnityClient09051c66-9274-4694-8eb7-aa6383fd1f10) sending Disconnected to akka://akkaFabric/user/BridgeModule:ebf621be-8bde-434b-9b36-b072e5c9b55f/BridgeActor-UnityClient09051c66-9274-4694-8eb7-aa6383fd1f10
2017-11-17 16:04:00,952 INFO  [i.module.bridge.oracle.BridgeOracle] [] [] [] : Sending bridge stopped to self for bridge endpoint BridgeEndpoint(UnityClient09051c66-9274-4694-8eb7-aa6383fd1f10)
2017-11-17 16:04:00,953 INFO  [i.module.bridge.oracle.BridgeOracle] [] [] [] : Bridge(UnityClient09051c66-9274-4694-8eb7-aa6383fd1f10) stopped.
2017-11-17 16:04:00,953 INFO  [i.b.i.BridgeInternalServiceImpl] [] [] [] : Bridge worker_id: "UnityClient09051c66-9274-4694-8eb7-aa6383fd1f10"
 unregistered with bridge internal service
2017-11-17 16:04:00,954 INFO  [improbable.bridge.BridgeActor] [] [] [] : Bridge(UnityClient09051c66-9274-4694-8eb7-aa6383fd1f10) on BridgeModuleEndpoint(ebf621be-8bde-434b-9b36-b072e5c9b55f) stopped.
2017-11-17 16:18:50,048 INFO  [i.c.discovery.ServiceDiscoveryImpl] [] [] [] : Shutting down all services
2017-11-17 16:18:50,062 INFO  [i.core.discovery.server.LocalServer] [] [] [] : Stopped Service(improbable.fabric.internal.service.StatusDiscoveryInternalService) on 127.0.0.1:5301.
2017-11-17 16:18:50,064 INFO  [i.core.discovery.server.PublicServer] [] [] [] : Stopped Service(improbable.platform.runtime.ModuleService) on 127.0.0.1:9000.
2017-11-17 16:18:50,064 INFO  [i.core.discovery.server.PublicServer] [] [] [] : Stopped Service(improbable.platform.runtime.HealthCheckService) on 127.0.0.1:9001.
2017-11-17 16:18:50,065 INFO  [i.core.discovery.server.LocalServer] [] [] [] : Stopped Service(improbable.fabric.internal.service.PerfInternalService) on 127.0.0.1:9002.
2017-11-17 16:18:50,065 INFO  [i.core.discovery.server.LocalServer] [] [] [] : Stopped Service(improbable.fabric.internal.service.ContentionInternalService) on 127.0.0.1:9003.
2017-11-17 16:18:50,068 INFO  [i.core.discovery.server.PublicServer] [] [] [] : Stopped Service(improbable.platform.runtime.FeatureService) on 127.0.0.1:9004.
2017-11-17 16:18:50,069 INFO  [i.core.discovery.server.LocalServer] [] [] [] : Stopped Service(improbable.fabric.internal.service.NodeConfigurationInternalService) on 127.0.0.1:9005.
2017-11-17 16:18:50,070 INFO  [i.core.discovery.server.LocalServer] [] [] [] : Stopped Service(improbable.fabric.internal.service.WorldExtentsInternalService) on 127.0.0.1:9006.
2017-11-17 16:18:50,073 INFO  [i.core.discovery.server.LocalServer] [] [] [] : Stopped Service(improbable.fabric.internal.service.EntityIdInternalService) on 127.0.0.1:9007.
2017-11-17 16:18:50,070 ERROR [i.worker.exec.CommandLineExecutor] [] [] [] : Worker UnityWorker0 terminated abnormally. It may have crashed due to worker-side errors.
2017-11-17 16:18:50,074 ERROR [i.worker.exec.CommandLineExecutor] [] [] [] : (UnityWorker0) Command exited with code 143 (POSIX signal: 15): /var/folders/x8/wtf95w9s64gcftlt_63mjfqm0000gn/T/zip-downloader5259362593394337603/881d10ea8dc1e6855de4a512267e6f72/UnityWorker@Mac.app/Contents/MacOS/UnityWorker@Mac +projectName your_project_name_here +receptionistIp 127.0.0.1 +receptionistPort 7777 +workerType UnityWorker +workerId UnityWorker0 +useInternalIpForBridge true +infraServicesUrl http://127.0.0.1:21000 +assemblyName local_assembly +linkProtocol RakNet -logfile /Users/dp.alex/Documents/ProgettoIS/logs/2017-11-17_16-00-02_0/workers/UnityWorker/UnityWorker0-6425198273140324656.log -batchmode -nographics
2017-11-17 16:18:50,076 INFO  [i.core.discovery.server.LocalServer] [] [] [] : Stopped Service(improbable.fabric.internal.service.WorkerPrestartRegistryInternalService) on 127.0.0.1:9008.
2017-11-17 16:18:50,081 INFO  [i.core.discovery.server.LocalServer] [] [] [] : Stopped Service(improbable.fabric.internal.service.RouterLookupInternalService) on 127.0.0.1:9009.
2017-11-17 16:18:50,083 INFO  [i.core.discovery.server.LocalServer] [] [] [] : Stopped Service(improbable.fabric.internal.service.RouterInternalService) on 127.0.0.1:9010.
2017-11-17 16:18:50,084 INFO  [i.core.discovery.server.LocalServer] [] [] [] : Stopped Service(improbable.fabric.internal.service.RemoteMessageInternalService) on 127.0.0.1:9011.
2017-11-17 16:18:50,085 INFO  [i.core.discovery.server.LocalServer] [] [] [] : Stopped Service(improbable.fabric.internal.service.LocalBrokerInternalService) on 127.0.0.1:9012.
2017-11-17 16:18:50,087 INFO  [i.core.discovery.server.LocalServer] [] [] [] : Stopped Service(improbable.fabric.internal.service.BridgeOracleInternalService) on 127.0.0.1:9013.
2017-11-17 16:18:50,089 INFO  [i.core.discovery.server.LocalServer] [] [] [] : Stopped Service(improbable.fabric.internal.service.GlobalBrokerInternalService) on 127.0.0.1:9014.
2017-11-17 16:18:50,090 INFO  [i.core.discovery.server.LocalServer] [] [] [] : Stopped Service(improbable.fabric.internal.service.BridgeServiceOracleInternalService) on 127.0.0.1:9015.
2017-11-17 16:18:50,091 INFO  [i.core.discovery.server.LocalServer] [] [] [] : Stopped Service(improbable.fabric.internal.service.LocalSnapshotInternalService) on 127.0.0.1:9016.
2017-11-17 16:18:50,092 INFO  [i.core.discovery.server.PublicServer] [] [] [] : Stopped Service(improbable.fabric.internal.service.ScalingStatsInternalService) on 127.0.0.1:9017.
2017-11-17 16:18:50,094 INFO  [i.core.discovery.server.LocalServer] [] [] [] : Stopped Service(improbable.fabric.internal.service.EntityQueryInternalService) on 127.0.0.1:9018.
2017-11-17 16:18:50,095 INFO  [i.core.discovery.server.LocalServer] [] [] [] : Stopped Service(improbable.fabric.internal.service.BridgeInternalService) on 127.0.0.1:9019.
2017-11-17 16:18:50,097 INFO  [i.core.discovery.server.PublicServer] [] [] [] : Stopped Service(improbable.platform.inner.worker.WorkerRunner) on 127.0.0.1:9020.
2017-11-17 16:18:50,098 INFO  [i.core.discovery.server.LocalServer] [] [] [] : Stopped Service(improbable.fabric.internal.service.ReceptionistInternalService) on 127.0.0.1:9021.
2017-11-17 16:18:50,099 INFO  [i.core.discovery.server.PublicServer] [] [] [] : Stopped Service(improbable.platform.runtime.ReceptionistService) on 127.0.0.1:7777.
