2017-11-16 01:12:04,045 INFO  [i.deployment.InternalGameLauncher] [] [] [] : Parsed 362 internal flags at startup
2017-11-16 01:12:04,194 INFO  [i.deployment.InternalGameLauncher] [] [] [] : SpatialOS runtime version: 11-20171114T103507Z-cc9d195
2017-11-16 01:12:04,363 INFO  [i.c.c.f.FlagzFieldRegistryUpdater] [] [] [] : Initialized Fabric flagz registry with 11 set fields.
2017-11-16 01:12:05,508 INFO  [i.core.discovery.server.LocalServer] [] [] [] : Registered Service(improbable.fabric.internal.service.StatusDiscoveryInternalService) on 127.0.0.1:5301.
2017-11-16 01:12:05,510 INFO  [i.c.discovery.ServiceDiscoveryImpl] [] [] [] : Status discovery address: host: "127.0.0.1"
port: 5301

2017-11-16 01:12:05,516 INFO  [improbable.module.ModuleNode] [] [] [] : Starting Fabric node as master (IP: 127.0.0.1).
2017-11-16 01:12:05,518 INFO  [i.c.d.client.CheckpointDiscoveryImpl] [] [] [] : Reached a checkpoint: ALL_NODES_STARTED
2017-11-16 01:12:05,519 INFO  [improbable.module.ModuleNode] [] [] [] : Node master has started, waiting for other nodes to reach the same checkpoint.
2017-11-16 01:12:05,519 INFO  [improbable.module.ModuleNode] [] [] [] : All nodes have been started.
2017-11-16 01:12:05,530 INFO  [i.core.discovery.server.PublicServer] [] [] [] : Registered Service(improbable.platform.runtime.ModuleService) on 127.0.0.1:9000.
2017-11-16 01:12:05,541 INFO  [i.core.discovery.server.PublicServer] [] [] [] : Registered Service(improbable.platform.runtime.HealthCheckService) on 127.0.0.1:9001.
2017-11-16 01:12:05,547 INFO  [i.core.discovery.server.LocalServer] [] [] [] : Registered Service(improbable.fabric.internal.service.PerfInternalService) on 127.0.0.1:9002.
2017-11-16 01:12:05,554 INFO  [i.core.discovery.server.LocalServer] [] [] [] : Registered Service(improbable.fabric.internal.service.ContentionInternalService) on 127.0.0.1:9003.
2017-11-16 01:12:05,572 INFO  [i.core.discovery.server.PublicServer] [] [] [] : Registered Service(improbable.platform.runtime.FeatureService) on 127.0.0.1:9004.
2017-11-16 01:12:05,591 INFO  [i.c.config.flagz.WorkerFlagzUpdater] [] [] [] : Initialized worker flagz registry with 0 set fields.
2017-11-16 01:12:05,592 INFO  [improbable.module.ModuleNode] [] [] [] : Using master node configuration loader.
2017-11-16 01:12:05,601 INFO  [i.core.discovery.server.LocalServer] [] [] [] : Registered Service(improbable.fabric.internal.service.NodeConfigurationInternalService) on 127.0.0.1:9005.
2017-11-16 01:12:05,619 INFO  [i.c.c.n.MasterNodeConfigurationLoader] [] [] [] : Using roles [MASTER, GSIM, BRIDGE, WORKER_RUNNER, INSPECTION] for node node_id {
  deployment_id {
    project_id {
      name: "your_project_name_here"
    }
    name: "local"
  }
  name: "master"
}
private_ip: "127.0.0.1"
roles: MASTER
roles: GSIM
roles: BRIDGE
roles: WORKER_RUNNER
roles: INSPECTION

2017-11-16 01:12:05,636 INFO  [improbable.core.config.node.GsimGrid] [] [] [] : Created gsim grid configuration of size (1500, 1500) with 1 columns and 1 rows, using gsims of (30, 30) chunks.
2017-11-16 01:12:05,647 INFO  [i.c.c.n.MasterNodeConfigurationLoader] [] [] [] : Original deployment module configuration (before parsing): {deployment_id {
  project_id {
    name: "your_project_name_here"
  }
  name: "local"
}
name: "master"
=[ProfilingModule, BridgeModuleOracleModule, BridgeOracleModule, PersistenceModule, ReceptionistModule, RouterModule, GSimModule, BridgeModule, EngineStartupModule, InspectionRestModule]}
2017-11-16 01:12:05,664 INFO  [i.c.c.n.MasterNodeConfigurationLoader] [] [] [] : Master successfully loaded configurations for 1 node(s).
2017-11-16 01:12:05,670 INFO  [improbable.module.ModuleNode] [] [] [] : Loaded node configuration: node_id {
  deployment_id {
    project_id {
      name: "your_project_name_here"
    }
    name: "local"
  }
  name: "master"
}
gsim_configurations {
  extent {
    bottom_left {
      x_in_chunks: -15
      z_in_chunks: -15
    }
    top_right {
      x_in_chunks: 15
      z_in_chunks: 15
    }
  }
}
start_router: true
start_bridge_oracle: true
start_bridge_module_oracle: true
start_engine_startup_module: true
start_receptionist_service: true
start_inspection_rest_module: true
start_snapshot_service: true
start_profiling_module: true
bridge_modules: "BridgeModule"
gsim_modules: "GSimModule"

2017-11-16 01:12:05,670 INFO  [improbable.module.ModuleNode] [] [] [] : Using master world extents provider.
2017-11-16 01:12:05,684 INFO  [i.core.discovery.server.LocalServer] [] [] [] : Registered Service(improbable.fabric.internal.service.WorldExtentsInternalService) on 127.0.0.1:9006.
2017-11-16 01:12:05,685 INFO  [i.c.world.MasterWorldExtentsProvider] [] [] [] : Successfully initialized world extents with 1 rectangle(s).
2017-11-16 01:12:05,689 INFO  [improbable.module.ModuleNode] [] [] [] : Loaded world extents: WorldExtents{proto=rectangles {
  bottom_left {
    x: -750.0
    z: -750.0
  }
  top_right {
    x: 750.0
    z: 750.0
  }
  is_fully_simulated: true
  responsible_gsim_id {
  }
}
bounding_rectangle {
  bottom_left {
    x: -750.0
    z: -750.0
  }
  top_right {
    x: 750.0
    z: 750.0
  }
  is_fully_simulated: true
}
}
2017-11-16 01:12:05,829 INFO  [i.e.schema.ParsedFileDescriptorSet] [] [] [] : Parsed file descriptors of 13 proto files.
2017-11-16 01:12:05,864 INFO  [i.entity.schema.SchemaFactory] [] [] [] : Found components: [improbable.EntityAcl, improbable.Metadata, improbable.Position, improbable.Persistence, improbable.core.Rotation, improbable.core.PlayerCreation, improbable.player.ClientConnection, improbable.player.Health, improbable.core.ClientAuthorityCheck, improbable.player.PlayerRotation, improbable.player.PlayerInput]
2017-11-16 01:12:05,871 INFO  [i.entity.schema.SchemaFactory] [] [] [] : Found components: [improbable.internal.EntityAuthority, improbable.player.ClientConnection, improbable.core.PlayerCreation, improbable.core.ClientAuthorityCheck, improbable.player.PlayerRotation, improbable.EntityAcl, improbable.Metadata, improbable.Position, improbable.Persistence, improbable.player.PlayerInput, improbable.player.Health, improbable.core.Rotation]
2017-11-16 01:12:05,872 INFO  [improbable.module.ModuleNode] [] [] [] : Successfully loaded schema for entities
2017-11-16 01:12:05,873 INFO  [improbable.module.ModuleNode] [] [] [] : Validating snapshot at startup and determining max entity id
2017-11-16 01:12:05,877 INFO  [i.p.s.storage.LegacySnapshotStorage] [] [] [] : Requesting download URL for Snapshot(local@latest) matching []
2017-11-16 01:12:05,891 INFO  [i.p.s.storage.LegacySnapshotStorage] [] [] [] : Downloading snapshot from http://127.0.0.1:21000/snapshots/20171116011158822
2017-11-16 01:12:05,915 INFO  [improbable.module.ModuleNode] [] [] [] : Determined the first entity id for the id assigner as 2
2017-11-16 01:12:05,919 INFO  [i.core.discovery.server.LocalServer] [] [] [] : Registered Service(improbable.fabric.internal.service.EntityIdInternalService) on 127.0.0.1:9007.
2017-11-16 01:12:05,954 INFO  [i.core.discovery.server.LocalServer] [] [] [] : Registered Service(improbable.fabric.internal.service.WorkerPrestartRegistryInternalService) on 127.0.0.1:9008.
2017-11-16 01:12:05,967 INFO  [i.core.discovery.server.LocalServer] [] [] [] : Registered Service(improbable.fabric.internal.service.RouterLookupInternalService) on 127.0.0.1:9009.
2017-11-16 01:12:05,968 INFO  [i.module.router.ActorSystemFactory$] [] [] [] : Attempting to create ActorSystem akkaFabric with configRecord akkaFabric
2017-11-16 01:12:06,307 INFO  [akka.event.slf4j.Slf4jLogger] [] [] [] : Slf4jLogger started
2017-11-16 01:12:06,442 INFO  [i.c.d.g.GlobalCheckpointDiscoveryImpl] [] [] [] : Global checkpoint discovery refreshed checkpoints.
2017-11-16 01:12:06,442 INFO  [i.c.d.g.GlobalServiceDiscoveryImpl] [] [] [] : Global service discovery refreshed 11 server(s) (previously: 0)
2017-11-16 01:12:07,464 INFO  [i.l.params.LoadbalancerParamsFactory] [] [] [] : Parsed 1 worker loadbalancing configuration(s)
2017-11-16 01:12:07,468 INFO  [i.l.params.LoadbalancerParamsFactory] [] [] [] : Successfully loaded loadbalancing configurations: {UnityWorker=improbable.loadbalancing.params.AutoHexGridLoadbalancerParams@63828988}
2017-11-16 01:12:07,544 INFO  [i.w.a.WorkerAssemblyProviderFactory] [] [] [] : Loaded worker assemblies for these workers types: UnityClient, UnityWorker.
2017-11-16 01:12:07,546 INFO  [improbable.module.ModuleNode] [] [] [] : Loaded worker assemblies: [worker_assembly_id {
  assembly_id {
    project_id {
      name: "your_project_name_here"
    }
    name: "local_assembly"
  }
  name {
    name: "UnityClient"
  }
}
bridge_configuration {
  worker_attribute_set {
    attribute {
      name: "visual"
    }
  }
  entity_interest {
    range_entity_interest {
      radius: 200.0
    }
  }
  component_delivery {
    checkout_all_initially: true
  }
}
, worker_assembly_id {
  assembly_id {
    project_id {
      name: "your_project_name_here"
    }
    name: "local_assembly"
  }
  name {
    name: "UnityWorker"
  }
}
worker_launch_configuration {
  platform: WINDOWS
  worker_zip {
    command: "UnityWorker@Windows.exe"
    argument: "+projectName"
    argument: "${IMPROBABLE_PROJECT_NAME}"
    argument: "+receptionistIp"
    argument: "${IMPROBABLE_RECEPTIONIST_HOST}"
    argument: "+receptionistPort"
    argument: "${IMPROBABLE_RECEPTIONIST_PORT}"
    argument: "+workerType"
    argument: "${IMPROBABLE_WORKER_NAME}"
    argument: "+workerId"
    argument: "${IMPROBABLE_WORKER_ID}"
    argument: "+useInternalIpForBridge"
    argument: "true"
    argument: "+infraServicesUrl"
    argument: "${IMPROBABLE_API_URL}"
    argument: "+assemblyName"
    argument: "${IMPROBABLE_ASSEMBLY_NAME}"
    argument: "+linkProtocol"
    argument: "RakNet"
    argument: "-logfile"
    argument: "${IMPROBABLE_LOG_FILE}"
    argument: "-batchmode"
    argument: "-nographics"
    worker_location {
      filename: "UnityWorker@Windows.zip"
    }
  }
}
worker_launch_configuration {
  platform: MACOS
  worker_zip {
    command: "UnityWorker@Mac.app/Contents/MacOS/UnityWorker@Mac"
    argument: "+projectName"
    argument: "${IMPROBABLE_PROJECT_NAME}"
    argument: "+receptionistIp"
    argument: "${IMPROBABLE_RECEPTIONIST_HOST}"
    argument: "+receptionistPort"
    argument: "${IMPROBABLE_RECEPTIONIST_PORT}"
    argument: "+workerType"
    argument: "${IMPROBABLE_WORKER_NAME}"
    argument: "+workerId"
    argument: "${IMPROBABLE_WORKER_ID}"
    argument: "+useInternalIpForBridge"
    argument: "true"
    argument: "+infraServicesUrl"
    argument: "${IMPROBABLE_API_URL}"
    argument: "+assemblyName"
    argument: "${IMPROBABLE_ASSEMBLY_NAME}"
    argument: "+linkProtocol"
    argument: "RakNet"
    argument: "-logfile"
    argument: "${IMPROBABLE_LOG_FILE}"
    argument: "-batchmode"
    argument: "-nographics"
    worker_location {
      filename: "UnityWorker@Mac.zip"
    }
  }
}
worker_launch_configuration {
  platform: LINUX
  worker_zip {
    command: "UnityWorker@Linux"
    argument: "+projectName"
    argument: "${IMPROBABLE_PROJECT_NAME}"
    argument: "+receptionistIp"
    argument: "${IMPROBABLE_RECEPTIONIST_HOST}"
    argument: "+receptionistPort"
    argument: "${IMPROBABLE_RECEPTIONIST_PORT}"
    argument: "+workerType"
    argument: "${IMPROBABLE_WORKER_NAME}"
    argument: "+workerId"
    argument: "${IMPROBABLE_WORKER_ID}"
    argument: "+useInternalIpForBridge"
    argument: "true"
    argument: "+infraServicesUrl"
    argument: "${IMPROBABLE_API_URL}"
    argument: "+assemblyName"
    argument: "${IMPROBABLE_ASSEMBLY_NAME}"
    argument: "+linkProtocol"
    argument: "RakNet"
    argument: "-logfile"
    argument: "${IMPROBABLE_LOG_FILE}"
    argument: "-batchmode"
    argument: "-nographics"
    worker_location {
      filename: "UnityWorker@Linux.zip"
    }
  }
}
bridge_configuration {
  worker_attribute_set {
    attribute {
      name: "physics"
    }
  }
  entity_interest {
    range_entity_interest {
      radius: 200.0
    }
  }
  component_delivery {
    checkout_all_initially: true
  }
}
]
2017-11-16 01:12:07,549 INFO  [i.w.assembly.WorkerAssemblyProvider] [] [] [] : Worker configuration for 'UnityClient' does not contain a launch configuration for the current platform 'WINDOWS', so Fabric will not start any managed workers of this type
2017-11-16 01:12:07,550 INFO  [i.w.assembly.WorkerAssemblyProvider] [] [] [] : The following worker configurations do not contain valid managed launch configurations for the current platform WINDOWS, and the runtime will be unable to launch managed workers of this type: [UnityClient]. This is expected for worker types you intend to only connect manually.
2017-11-16 01:12:07,553 INFO  [i.w.permissions.PermissionsFactory] [] [] [] : Created permissions manager with permissions: {UnityWorker=Permissions{{/sys/CreateEntity=, /sys/DeleteEntity=, /sys/EntityQuery={"component":["*"]}}}, UnityClient=Permissions{{/sys/EntityQuery={"component":[]}}}}
2017-11-16 01:12:09,232 INFO  [improbable.module.ModuleNode] [] [] [] : Starting router on master
2017-11-16 01:12:09,237 INFO  [i.core.discovery.server.LocalServer] [] [] [] : Registered Service(improbable.fabric.internal.service.RouterInternalService) on 127.0.0.1:9010.
2017-11-16 01:12:09,238 INFO  [i.c.m.r.RouterInternalServiceImpl] [] [] [] : Attempting to register RouterInternalServiceImpl with RouterLookupInternalService.
2017-11-16 01:12:09,245 INFO  [i.c.m.r.l.RouterLookupInternalServiceImpl] [] [] [] : 1/1 router modules started
2017-11-16 01:12:09,246 INFO  [i.c.m.r.RouterInternalServiceImpl] [] [] [] : Registered RouterInternalServiceImpl with RouterLookupInternalService.
2017-11-16 01:12:09,247 INFO  [improbable.module.ModuleNode] [] [] [] : Attempting to get addresses of all RouterModules from master node
2017-11-16 01:12:09,255 INFO  [improbable.module.ModuleNode] [] [] [] : Got all RouterModules from master node
2017-11-16 01:12:09,268 INFO  [i.core.discovery.server.LocalServer] [] [] [] : Registered Service(improbable.fabric.internal.service.RemoteMessageInternalService) on 127.0.0.1:9011.
2017-11-16 01:12:09,280 INFO  [i.core.discovery.server.LocalServer] [] [] [] : Registered Service(improbable.fabric.internal.service.LocalBrokerInternalService) on 127.0.0.1:9012.
2017-11-16 01:12:09,284 INFO  [improbable.module.ModuleNode] [] [] [] : Waiting for all router modules in the deployment to have started
2017-11-16 01:12:09,287 INFO  [improbable.module.ModuleNode] [] [] [] : All router modules in the deployment started
2017-11-16 01:12:09,342 INFO  [org.eclipse.jetty.server.Server] [] [] [] : jetty-8.y.z-SNAPSHOT
2017-11-16 01:12:09,364 INFO  [o.e.jetty.server.AbstractConnector] [] [] [] : Started SelectChannelConnector@0.0.0.0:5006
2017-11-16 01:12:09,365 INFO  [improbable.http.ServletContainer$] [] [] [] : Servlet container started
2017-11-16 01:12:09,366 INFO  [improbable.module.ModuleNode] [] [] [] : Starting BridgeOracle on master
2017-11-16 01:12:09,373 INFO  [improbable.module.ModuleNode] [] [] [] : Waiting for the BridgeOracle to have started
2017-11-16 01:12:09,427 INFO  [i.c.d.g.GlobalServiceDiscoveryImpl] [] [] [] : Global service discovery refreshed 14 server(s) (previously: 11)
2017-11-16 01:12:09,515 INFO  [i.core.discovery.server.LocalServer] [] [] [] : Registered Service(improbable.fabric.internal.service.BridgeOracleInternalService) on 127.0.0.1:9013.
2017-11-16 01:12:10,438 INFO  [improbable.module.ModuleNode] [] [] [] : Received BridgeOracle started
2017-11-16 01:12:10,438 INFO  [i.c.d.g.GlobalServiceDiscoveryImpl] [] [] [] : Global service discovery refreshed 15 server(s) (previously: 14)
2017-11-16 01:12:10,452 INFO  [i.core.discovery.server.LocalServer] [] [] [] : Registered Service(improbable.fabric.internal.service.GlobalBrokerInternalService) on 127.0.0.1:9014.
2017-11-16 01:12:10,455 INFO  [improbable.module.ModuleNode] [] [] [] : Waiting for the BridgeModuleOracle to have started
2017-11-16 01:12:10,459 INFO  [i.c.a.e.ExtensibleActorReporter] [] [] [] : Started BridgeModuleOracleActor(Actor[akka://akkaFabric/user/BridgeModuleOracleModule#-1547888196]).
2017-11-16 01:12:10,482 INFO  [i.core.discovery.server.LocalServer] [] [] [] : Registered Service(improbable.fabric.internal.service.BridgeServiceOracleInternalService) on 127.0.0.1:9015.
2017-11-16 01:12:11,436 INFO  [i.c.d.g.GlobalServiceDiscoveryImpl] [] [] [] : Global service discovery refreshed 17 server(s) (previously: 15)
2017-11-16 01:12:11,436 INFO  [improbable.module.ModuleNode] [] [] [] : Received BridgeModuleOracle started
2017-11-16 01:12:11,444 INFO  [improbable.module.ModuleNode] [] [] [] : Starting gsim GSimModule
2017-11-16 01:12:11,453 INFO  [improbable.module.ModuleNode] [] [] [] : Waiting for 1 entity query service(s) to start.
2017-11-16 01:12:11,493 INFO  [i.core.discovery.server.LocalServer] [] [] [] : Registered Service(improbable.fabric.internal.service.LocalSnapshotInternalService) on 127.0.0.1:9016.
2017-11-16 01:12:11,503 INFO  [i.bridge.oracle.scaling.WorkerScaler] [] [] [] : Skipping reconciliation because no WorkerRunner service is available. This message is expected at startup but should not persist through the deployment
2017-11-16 01:12:11,531 INFO  [i.core.discovery.server.PublicServer] [] [] [] : Registered Service(improbable.fabric.internal.service.ScalingStatsInternalService) on 127.0.0.1:9017.
2017-11-16 01:12:11,545 INFO  [i.p.gsim.GSimPersistenceWriter] [] [] [] : Transitioning GSimPersistenceActor(0) from State [Idle] to [Idle].  Time Elapsed: 4 milliseconds
2017-11-16 01:12:11,578 INFO  [i.core.discovery.server.LocalServer] [] [] [] : Registered Service(improbable.fabric.internal.service.EntityQueryInternalService) on 127.0.0.1:9018.
2017-11-16 01:12:12,438 INFO  [i.c.d.g.GlobalServiceDiscoveryImpl] [] [] [] : Global service discovery refreshed 20 server(s) (previously: 17)
2017-11-16 01:12:12,438 INFO  [improbable.module.ModuleNode] [] [] [] : All 1 entity query service(s) have started.
2017-11-16 01:12:12,439 INFO  [improbable.module.ModuleNode] [] [] [] : Creating entity query client.
2017-11-16 01:12:12,497 INFO  [improbable.module.ModuleNode] [] [] [] : Entity query client created with directory: EntityQueryServiceDirectory{allServices=[EntityQueryInternalServiceInfo{address=host: "127.0.0.1"
port: 9018
, extent=Rectangle{minX=-750.0, minZ=-750.0, maxX=750.0, maxZ=750.0}, isLocal=true}], localServices=[EntityQueryInternalServiceInfo{address=host: "127.0.0.1"
port: 9018
, extent=Rectangle{minX=-750.0, minZ=-750.0, maxX=750.0, maxZ=750.0}, isLocal=true}], remoteServices=[]}
2017-11-16 01:12:12,504 INFO  [improbable.module.ModuleNode] [] [] [] : Waiting for 1 bridge service(s) to start.
2017-11-16 01:12:12,520 INFO  [i.c.a.e.ExtensibleActorReporter] [] [] [] : Started BridgeModuleActor(Actor[akka://akkaFabric/user/BridgeModule:618424e6-e232-4057-b765-c097f13aa227#-1930330929]).
2017-11-16 01:12:12,543 INFO  [i.core.discovery.server.LocalServer] [] [] [] : Registered Service(improbable.fabric.internal.service.BridgeInternalService) on 127.0.0.1:9019.
2017-11-16 01:12:12,544 INFO  [i.module.bridge.BridgeModuleActor] [] [] [] : Waiting for BridgeModuleOracle service to be available
2017-11-16 01:12:12,553 INFO  [i.module.bridge.BridgeModuleActor] [] [] [] : Registered(BridgeModuleEndpoint(618424e6-e232-4057-b765-c097f13aa227)) on BridgeModuleOracleService
2017-11-16 01:12:13,439 INFO  [i.c.d.g.GlobalServiceDiscoveryImpl] [] [] [] : Global service discovery refreshed 21 server(s) (previously: 20)
2017-11-16 01:12:13,439 INFO  [improbable.module.ModuleNode] [] [] [] : All 1 bridge service(s) have started.
2017-11-16 01:12:13,440 INFO  [improbable.module.ModuleNode] [] [] [] : Starting WorkerRunner service (EngineStartupModule)
2017-11-16 01:12:13,449 INFO  [improbable.worker.exec.WorkerStats] [] [] [] : Cannot read /proc/self/stat; worker stats reporting will not work.
2017-11-16 01:12:13,469 INFO  [i.core.discovery.server.PublicServer] [] [] [] : Registered Service(improbable.platform.inner.worker.WorkerRunner) on 127.0.0.1:9020.
2017-11-16 01:12:13,486 INFO  [i.core.discovery.server.LocalServer] [] [] [] : Registered Service(improbable.fabric.internal.service.ReceptionistInternalService) on 127.0.0.1:9021.
2017-11-16 01:12:13,503 INFO  [i.bridge.oracle.scaling.WorkerScaler] [] [] [] : Skipping reconciliation because no WorkerRunner service is available. This message is expected at startup but should not persist through the deployment
2017-11-16 01:12:13,503 INFO  [i.core.discovery.server.PublicServer] [] [] [] : Registered Service(improbable.platform.runtime.ReceptionistService) on 127.0.0.1:7777.
2017-11-16 01:12:13,504 INFO  [improbable.module.ModuleNode] [] [] [] : Starting InspectionRestModule
2017-11-16 01:12:13,506 INFO  [improbable.module.ModuleNode] [] [] [] : Starting ProfilingModule
2017-11-16 01:12:13,508 INFO  [i.c.d.client.CheckpointDiscoveryImpl] [] [] [] : Reached a checkpoint: ALL_MODULES_STARTED
2017-11-16 01:12:13,509 INFO  [improbable.module.ModuleNode] [] [] [] : All modules on this node started, waiting for other nodes to reach the same checkpoint.
2017-11-16 01:12:13,516 INFO  [i.c.a.e.ExtensibleActorReporter] [] [] [] : Started ProfilingModuleActor(Actor[akka://akkaFabric/user/ProfilingModule#-237727342]).
2017-11-16 01:12:13,524 INFO  [i.core.discovery.server.LocalServer] [] [] [] : Registered Service(improbable.fabric.internal.debug.HeatmapCellCacheInternalService) on 127.0.0.1:9022.
2017-11-16 01:12:13,572 INFO  [i.core.discovery.server.PublicServer] [] [] [] : Registered Service(improbable.platform.runtime.InspectionService) on 127.0.0.1:9023.
2017-11-16 01:12:13,629 INFO  [i.c.a.e.ExtensibleActorReporter] [] [] [] : Started InspectionRestModuleActor(Actor[akka://akkaFabric/user/InspectionRestModule#-1991550814]).
2017-11-16 01:12:14,076 INFO  [spray.can.server.HttpListener] [akka://akkaFabric/user/IO-HTTP/listener-0] [akkaFabric-akka.actor.default-dispatcher-26] [] : Bound to /0.0.0.0:5005
2017-11-16 01:12:14,436 INFO  [improbable.module.ModuleNode] [] [] [] : All modules on all nodes have been started.
2017-11-16 01:12:14,436 INFO  [i.c.d.g.GlobalCheckpointDiscoveryImpl] [] [] [] : Global checkpoint discovery refreshed checkpoints.
2017-11-16 01:12:14,437 INFO  [improbable.module.ModuleNode] [] [] [] : Loading a snapshot.
2017-11-16 01:12:14,437 INFO  [i.c.d.g.GlobalServiceDiscoveryImpl] [] [] [] : Global service discovery refreshed 26 server(s) (previously: 21)
2017-11-16 01:12:14,462 INFO  [i.p.g.GSimPersistenceLoadOrchestrator] [] [] [] : Loading snapshot on GSim(0).
2017-11-16 01:12:14,464 INFO  [i.p.s.storage.LegacySnapshotStorage] [] [] [] : Requesting download URL for Snapshot(local@latest) matching []
2017-11-16 01:12:14,473 INFO  [i.p.s.storage.LegacySnapshotStorage] [] [] [] : Downloading snapshot from http://127.0.0.1:21000/snapshots/20171116011158822
2017-11-16 01:12:14,479 INFO  [i.p.gsim.GSimPersistenceLoader] [] [] [] : Loading snapshot
2017-11-16 01:12:14,491 INFO  [i.p.g.GSimPersistenceLoadOrchestrator] [] [] [] : Loaded 1 entities on GSim(0).
2017-11-16 01:12:14,494 INFO  [i.p.c.PersistenceLoaderCoordinatorActor] [] [] [] : All Snapshots loaded.
2017-11-16 01:12:14,494 INFO  [improbable.module.ModuleNode] [] [] [] : Snapshot has been loaded.
2017-11-16 01:12:14,494 INFO  [improbable.module.ModuleNode] [] [] [] : Starting SnapshotService.
2017-11-16 01:12:14,508 INFO  [i.core.discovery.server.PublicServer] [] [] [] : Registered Service(improbable.platform.runtime.SnapshotService) on 127.0.0.1:9024.
2017-11-16 01:12:14,509 INFO  [i.c.d.client.CheckpointDiscoveryImpl] [] [] [] : Reached a checkpoint: LOAD_SNAPSHOT_FINISHED
2017-11-16 01:12:14,510 INFO  [improbable.module.ModuleNode] [] [] [] : SpatialOS runtime startup complete.
2017-11-16 01:12:14,552 INFO  [i.l.params.LoadbalancerParamsFactory] [] [] [] : LoadbalancerParams for worker type [UnityWorker]: [AutoHexGridLoadbalancerParams{energyLimitingEnabled=true, energyLimit=1.0E9, minWorkerRange=1500.0, maxWorkerRange=1500.0, maxWorkerStepSize=0.0, workerExpansionTimeMs=60000, workerGridSize=0, loadbalancerEnabled=false, hexGridMode=AUTO, scalerAdvisorType=CONSTANT, maxWorkers=1, initialWorkers=1, numEntitiesPerWorker=9223372036854775807, statusReportPeriodMs=30000, pointsOfInterestEnabled=false, hexGridSolution=AutoValue_HexGridSolution{workersUsed=1, hexagonEdgeLength=1500.0, hexagonOrientation=POINTY_TOP, bounds=Rectangle{minX=-750.0, minZ=-750.0, maxX=750.0, maxZ=750.0}}, pointsOfInterestSolution=Empty}]
2017-11-16 01:12:15,436 INFO  [i.c.d.g.GlobalCheckpointDiscoveryImpl] [] [] [] : Global checkpoint discovery refreshed checkpoints.
2017-11-16 01:12:15,437 INFO  [i.c.d.g.GlobalServiceDiscoveryImpl] [] [] [] : Global service discovery refreshed 27 server(s) (previously: 26)
2017-11-16 01:12:16,501 INFO  [i.b.o.m.BridgeOracleWorkerManager] [] [] [] : Trying to start managed worker UnityWorker0
2017-11-16 01:12:16,536 INFO  [i.worker.exec.WorkerStartupExecutor] [] [] [] : Awaiting internal receptionist service to register with service discovery
2017-11-16 01:12:16,536 INFO  [i.bridge.oracle.scaling.WorkerScaler] [] [] [] : Starting 1 new managed workers for attribute_set {
  attribute: "physics"
}
 (required: 1, existing: 0)
2017-11-16 01:12:16,540 INFO  [i.worker.exec.WorkerStartupExecutor] [] [] [] : Successfully found the internal receptionist service in service discovery
2017-11-16 01:12:16,548 INFO  [i.worker.exec.WorkerStartupExecutor] [] [] [] : Awaiting public receptionist service to register with service discovery
2017-11-16 01:12:16,548 INFO  [i.worker.exec.WorkerStartupExecutor] [] [] [] : Successfully found the public receptionist service in service discovery
2017-11-16 01:12:20,086 INFO  [i.worker.exec.WorkerStartupExecutor] [] [] [] : Created log file for worker UnityWorker0, type (UnityWorker): [C:\Users\Matteo Torraca\Documents\GitHub\SoftwareEngineeringProj\logs\2017-11-16_01-12-00_0\workers\UnityWorker\UnityWorker0-107024552221949590.log]
2017-11-16 01:12:20,087 INFO  [i.worker.exec.CommandLineExecutor] [] [] [] : Running command: C:\Users\MATTEO~1\AppData\Local\Temp\zip-downloader2351251885689143899\9a77bbb7347504be7a9dd35712cc1a3f\UnityWorker@Windows.exe +projectName your_project_name_here +receptionistIp 127.0.0.1 +receptionistPort 7777 +workerType UnityWorker +workerId UnityWorker0 +useInternalIpForBridge true +infraServicesUrl http://127.0.0.1:21000 +assemblyName local_assembly +linkProtocol RakNet -logfile C:\Users\Matteo Torraca\Documents\GitHub\SoftwareEngineeringProj\logs\2017-11-16_01-12-00_0\workers\UnityWorker\UnityWorker0-107024552221949590.log -batchmode -nographics
2017-11-16 01:12:20,827 INFO  [i.b.s.BridgeServicePicker] [] [] [] : Attempting to get positionHint for UnityWorker0 via rpc
2017-11-16 01:12:20,833 INFO  [i.b.s.BridgeServicePicker] [] [] [] : Selected legacy_guid: "618424e6-e232-4057-b765-c097f13aa227"
address {
  host: "127.0.0.1"
  port: 9019
}
 with position  which is the nearest bridge service to position (0.0, 0.0, 0.0)
2017-11-16 01:12:20,839 INFO  [i.m.b.o.m.BridgeModuleOracleActor] [] [] [] : BridgeServicePicker returned module Optional[legacy_guid: "618424e6-e232-4057-b765-c097f13aa227"
address {
  host: "127.0.0.1"
  port: 9019
}
] with load Optional[BridgeModuleLoadBalanceInfo((0.0, 0.0, 0.0),0)].get().toString() for Engine(UnityWorker0)
2017-11-16 01:12:21,110 INFO  [i.b.i.BridgeInternalServiceImpl] [] [] [] : Bridge worker_id: "UnityWorker0"
 registered with bridge internal service
2017-11-16 01:12:21,119 INFO  [i.b.o.s.BridgeOracleInternalServiceImpl] [] [] [] : Got bridge started rpc from bridge: worker_id: "UnityWorker0"

2017-11-16 01:12:21,120 INFO  [i.b.o.s.BridgeOracleInternalServiceImpl] [] [] [] : The worker UnityWorker0 registered with SpatialOS successfully.
2017-11-16 01:12:21,120 INFO  [i.module.bridge.oracle.BridgeOracle] [] [] [] : Sending bridge started to self for bridge endpoint BridgeOracleEndpoint
2017-11-16 01:12:21,123 INFO  [i.module.bridge.oracle.BridgeOracle] [] [] [] : Bridge(UnityWorker0) started.
2017-11-16 01:12:21,131 INFO  [i.b.o.m.BridgeOracleWorkerManager] [] [] [] : Worker UnityWorker0 registered with the BridgeOracleWorker manager
2017-11-16 01:12:21,734 INFO  [i.b.n.raknet.GuardedRakPeerInterface] [] [] [] : New RakNet connection established with 127.0.0.1
2017-11-16 01:12:33,145 INFO  [i.b.s.BridgeServicePicker] [] [] [] : Attempting to get positionHint for UnityClient959de2a0-d6ba-4758-b030-869b918def24 via rpc
2017-11-16 01:12:33,147 INFO  [i.b.s.BridgeServicePicker] [] [] [] : Starting UnityClient959de2a0-d6ba-4758-b030-869b918def24 without a position hint, so using a random bridge service
2017-11-16 01:12:33,148 INFO  [i.m.b.o.m.BridgeModuleOracleActor] [] [] [] : BridgeServicePicker returned module Optional[legacy_guid: "618424e6-e232-4057-b765-c097f13aa227"
address {
  host: "127.0.0.1"
  port: 9019
}
] with load Optional[BridgeModuleLoadBalanceInfo((0.0, 0.0, 0.0),1)].get().toString() for Engine(UnityClient959de2a0-d6ba-4758-b030-869b918def24)
2017-11-16 01:12:33,175 INFO  [i.l.params.LoadbalancerParamsFactory] [] [] [] : LoadbalancerParams for worker type [UnityClient]: [FlagzLoadbalancerParams{energyLimitingEnabled=true, energyLimit=1.0E9, minWorkerRange=Infinity, maxWorkerRange=Infinity, maxWorkerStepSize=50.0, workerExpansionTimeMs=60000, workerGridSize=5, loadbalancerEnabled=true, hexGridMode=OFF, scalerAdvisorType=ENTITY_COUNT, maxWorkers=25, initialWorkers=25, numEntitiesPerWorker=9223372036854775807, statusReportPeriodMs=2000, pointsOfInterestEnabled=false, hexGridSolution=Empty, pointsOfInterestSolution=Empty}]
2017-11-16 01:12:33,178 INFO  [i.b.i.BridgeInternalServiceImpl] [] [] [] : Bridge worker_id: "UnityClient959de2a0-d6ba-4758-b030-869b918def24"
 registered with bridge internal service
2017-11-16 01:12:33,179 INFO  [i.b.o.s.BridgeOracleInternalServiceImpl] [] [] [] : Got bridge started rpc from bridge: worker_id: "UnityClient959de2a0-d6ba-4758-b030-869b918def24"

2017-11-16 01:12:33,180 INFO  [i.b.o.s.BridgeOracleInternalServiceImpl] [] [] [] : The worker UnityClient959de2a0-d6ba-4758-b030-869b918def24 registered with SpatialOS successfully.
2017-11-16 01:12:33,180 INFO  [i.module.bridge.oracle.BridgeOracle] [] [] [] : Sending bridge started to self for bridge endpoint BridgeOracleEndpoint
2017-11-16 01:12:33,180 INFO  [i.module.bridge.oracle.BridgeOracle] [] [] [] : Bridge(UnityClient959de2a0-d6ba-4758-b030-869b918def24) started.
2017-11-16 01:12:33,776 INFO  [i.b.n.raknet.GuardedRakPeerInterface] [] [] [] : New RakNet connection established with 127.0.0.1
2017-11-16 01:12:51,905 INFO  [i.b.s.BridgeServicePicker] [] [] [] : Attempting to get positionHint for UnityClient7ae0b48b-e520-47f0-8f48-953ea156b62f via rpc
2017-11-16 01:12:51,906 INFO  [i.b.s.BridgeServicePicker] [] [] [] : Starting UnityClient7ae0b48b-e520-47f0-8f48-953ea156b62f without a position hint, so using a random bridge service
2017-11-16 01:12:51,909 INFO  [i.m.b.o.m.BridgeModuleOracleActor] [] [] [] : BridgeServicePicker returned module Optional[legacy_guid: "618424e6-e232-4057-b765-c097f13aa227"
address {
  host: "127.0.0.1"
  port: 9019
}
] with load Optional[BridgeModuleLoadBalanceInfo((0.0, 0.0, 0.0),2)].get().toString() for Engine(UnityClient7ae0b48b-e520-47f0-8f48-953ea156b62f)
2017-11-16 01:12:51,943 INFO  [i.b.i.BridgeInternalServiceImpl] [] [] [] : Bridge worker_id: "UnityClient7ae0b48b-e520-47f0-8f48-953ea156b62f"
 registered with bridge internal service
2017-11-16 01:12:51,946 INFO  [i.b.o.s.BridgeOracleInternalServiceImpl] [] [] [] : Got bridge started rpc from bridge: worker_id: "UnityClient7ae0b48b-e520-47f0-8f48-953ea156b62f"

2017-11-16 01:12:51,947 INFO  [i.b.o.s.BridgeOracleInternalServiceImpl] [] [] [] : The worker UnityClient7ae0b48b-e520-47f0-8f48-953ea156b62f registered with SpatialOS successfully.
2017-11-16 01:12:51,948 INFO  [i.module.bridge.oracle.BridgeOracle] [] [] [] : Sending bridge started to self for bridge endpoint BridgeOracleEndpoint
2017-11-16 01:12:51,953 INFO  [i.module.bridge.oracle.BridgeOracle] [] [] [] : Bridge(UnityClient7ae0b48b-e520-47f0-8f48-953ea156b62f) started.
2017-11-16 01:12:52,541 INFO  [i.b.n.raknet.GuardedRakPeerInterface] [] [] [] : New RakNet connection established with 127.0.0.1
2017-11-16 01:15:06,939 INFO  [i.b.n.BridgeActorTransportLinkListener] [] [] [] : TransportLinkListener(UnityClient7ae0b48b-e520-47f0-8f48-953ea156b62f) sending Disconnected to akka://akkaFabric/user/BridgeModule:618424e6-e232-4057-b765-c097f13aa227/BridgeActor-UnityClient7ae0b48b-e520-47f0-8f48-953ea156b62f
2017-11-16 01:15:06,947 INFO  [i.b.n.raknet.reporter.RakNetReporter] [] [] [] : Tried to send to RakNet(UnityClient) on Port(7002)3 after closing. Payload: component_update {
  entity_id: 2
  component_id: 54
  entity_co... (Logged every 1000 times)
2017-11-16 01:15:06,966 INFO  [i.module.bridge.oracle.BridgeOracle] [] [] [] : Sending bridge stopped to self for bridge endpoint BridgeEndpoint(UnityClient7ae0b48b-e520-47f0-8f48-953ea156b62f)
2017-11-16 01:15:06,967 INFO  [i.b.i.BridgeInternalServiceImpl] [] [] [] : Bridge worker_id: "UnityClient7ae0b48b-e520-47f0-8f48-953ea156b62f"
 unregistered with bridge internal service
2017-11-16 01:15:06,969 INFO  [i.module.bridge.oracle.BridgeOracle] [] [] [] : Bridge(UnityClient7ae0b48b-e520-47f0-8f48-953ea156b62f) stopped.
2017-11-16 01:15:06,969 INFO  [improbable.bridge.BridgeActor] [] [] [] : Bridge(UnityClient7ae0b48b-e520-47f0-8f48-953ea156b62f) on BridgeModuleEndpoint(618424e6-e232-4057-b765-c097f13aa227) stopped.
2017-11-16 01:15:06,982 INFO  [akka.actor.LocalActorRef] [akka://akkaFabric/user/BridgeModule:618424e6-e232-4057-b765-c097f13aa227/BridgeActor-UnityClient7ae0b48b-e520-47f0-8f48-953ea156b62f] [akkaFabric-akka.actor.default-dispatcher-4] [] : Message [improbable.fabric.internal.pubsub.PubSubMessageProto$PubSubMessage] from Actor[akka://akkaFabric/user/BridgeModule:618424e6-e232-4057-b765-c097f13aa227/BridgeActor-UnityClient7ae0b48b-e520-47f0-8f48-953ea156b62f#-1088264330] to Actor[akka://akkaFabric/user/BridgeModule:618424e6-e232-4057-b765-c097f13aa227/BridgeActor-UnityClient7ae0b48b-e520-47f0-8f48-953ea156b62f#-1088264330] was not delivered. [1] dead letters encountered. This logging can be turned off or adjusted with configuration settings 'akka.log-dead-letters' and 'akka.log-dead-letters-during-shutdown'.
2017-11-16 01:15:06,983 INFO  [akka.actor.LocalActorRef] [akka://akkaFabric/user/BridgeModule:618424e6-e232-4057-b765-c097f13aa227/BridgeActor-UnityClient7ae0b48b-e520-47f0-8f48-953ea156b62f] [akkaFabric-akka.actor.default-dispatcher-4] [] : Message [improbable.bridge.message.BridgeViewStatusRequest] from Actor[akka://akkaFabric/deadLetters] to Actor[akka://akkaFabric/user/BridgeModule:618424e6-e232-4057-b765-c097f13aa227/BridgeActor-UnityClient7ae0b48b-e520-47f0-8f48-953ea156b62f#-1088264330] was not delivered. [2] dead letters encountered. This logging can be turned off or adjusted with configuration settings 'akka.log-dead-letters' and 'akka.log-dead-letters-during-shutdown'.
2017-11-16 01:15:06,984 INFO  [akka.actor.LocalActorRef] [akka://akkaFabric/user/BridgeModule:618424e6-e232-4057-b765-c097f13aa227/BridgeActor-UnityClient7ae0b48b-e520-47f0-8f48-953ea156b62f] [akkaFabric-akka.actor.default-dispatcher-4] [] : Message [improbable.fabric.internal.pubsub.PubSubMessageProto$PubSubMessage] from Actor[akka://akkaFabric/user/BridgeModule:618424e6-e232-4057-b765-c097f13aa227/BridgeActor-UnityClient7ae0b48b-e520-47f0-8f48-953ea156b62f#-1088264330] to Actor[akka://akkaFabric/user/BridgeModule:618424e6-e232-4057-b765-c097f13aa227/BridgeActor-UnityClient7ae0b48b-e520-47f0-8f48-953ea156b62f#-1088264330] was not delivered. [3] dead letters encountered. This logging can be turned off or adjusted with configuration settings 'akka.log-dead-letters' and 'akka.log-dead-letters-during-shutdown'.
2017-11-16 01:15:06,985 INFO  [akka.actor.LocalActorRef] [akka://akkaFabric/user/BridgeModule:618424e6-e232-4057-b765-c097f13aa227/BridgeActor-UnityClient7ae0b48b-e520-47f0-8f48-953ea156b62f] [akkaFabric-akka.actor.default-dispatcher-4] [] : Message [improbable.fabric.internal.pubsub.PubSubMessageProto$PubSubMessage] from Actor[akka://akkaFabric/user/BridgeModule:618424e6-e232-4057-b765-c097f13aa227/BridgeActor-UnityClient7ae0b48b-e520-47f0-8f48-953ea156b62f#-1088264330] to Actor[akka://akkaFabric/user/BridgeModule:618424e6-e232-4057-b765-c097f13aa227/BridgeActor-UnityClient7ae0b48b-e520-47f0-8f48-953ea156b62f#-1088264330] was not delivered. [4] dead letters encountered. This logging can be turned off or adjusted with configuration settings 'akka.log-dead-letters' and 'akka.log-dead-letters-during-shutdown'.
2017-11-16 01:15:06,986 INFO  [akka.actor.LocalActorRef] [akka://akkaFabric/user/BridgeModule:618424e6-e232-4057-b765-c097f13aa227/BridgeActor-UnityClient7ae0b48b-e520-47f0-8f48-953ea156b62f] [akkaFabric-akka.actor.default-dispatcher-4] [] : Message [improbable.fabric.internal.pubsub.PubSubMessageProto$PubSubMessage] from Actor[akka://akkaFabric/user/BridgeModule:618424e6-e232-4057-b765-c097f13aa227/BridgeActor-UnityClient7ae0b48b-e520-47f0-8f48-953ea156b62f#-1088264330] to Actor[akka://akkaFabric/user/BridgeModule:618424e6-e232-4057-b765-c097f13aa227/BridgeActor-UnityClient7ae0b48b-e520-47f0-8f48-953ea156b62f#-1088264330] was not delivered. [5] dead letters encountered. This logging can be turned off or adjusted with configuration settings 'akka.log-dead-letters' and 'akka.log-dead-letters-during-shutdown'.
2017-11-16 01:15:06,995 INFO  [akka.actor.LocalActorRef] [akka://akkaFabric/user/BridgeModule:618424e6-e232-4057-b765-c097f13aa227/BridgeActor-UnityClient7ae0b48b-e520-47f0-8f48-953ea156b62f] [akkaFabric-akka.actor.default-dispatcher-4] [] : Message [improbable.fabric.internal.pubsub.PubSubMessageProto$PubSubMessage] from Actor[akka://akkaFabric/user/BridgeModule:618424e6-e232-4057-b765-c097f13aa227/BridgeActor-UnityClient7ae0b48b-e520-47f0-8f48-953ea156b62f#-1088264330] to Actor[akka://akkaFabric/user/BridgeModule:618424e6-e232-4057-b765-c097f13aa227/BridgeActor-UnityClient7ae0b48b-e520-47f0-8f48-953ea156b62f#-1088264330] was not delivered. [6] dead letters encountered. This logging can be turned off or adjusted with configuration settings 'akka.log-dead-letters' and 'akka.log-dead-letters-during-shutdown'.
2017-11-16 01:15:06,996 INFO  [akka.actor.LocalActorRef] [akka://akkaFabric/user/BridgeModule:618424e6-e232-4057-b765-c097f13aa227/BridgeActor-UnityClient7ae0b48b-e520-47f0-8f48-953ea156b62f] [akkaFabric-akka.actor.default-dispatcher-4] [] : Message [improbable.fabric.internal.pubsub.PubSubMessageProto$PubSubMessage] from Actor[akka://akkaFabric/user/BridgeModule:618424e6-e232-4057-b765-c097f13aa227/BridgeActor-UnityClient7ae0b48b-e520-47f0-8f48-953ea156b62f#-1088264330] to Actor[akka://akkaFabric/user/BridgeModule:618424e6-e232-4057-b765-c097f13aa227/BridgeActor-UnityClient7ae0b48b-e520-47f0-8f48-953ea156b62f#-1088264330] was not delivered. [7] dead letters encountered. This logging can be turned off or adjusted with configuration settings 'akka.log-dead-letters' and 'akka.log-dead-letters-during-shutdown'.
2017-11-16 01:15:06,996 INFO  [akka.actor.LocalActorRef] [akka://akkaFabric/user/BridgeModule:618424e6-e232-4057-b765-c097f13aa227/BridgeActor-UnityClient7ae0b48b-e520-47f0-8f48-953ea156b62f] [akkaFabric-akka.actor.default-dispatcher-4] [] : Message [improbable.fabric.internal.pubsub.PubSubMessageProto$PubSubMessage] from Actor[akka://akkaFabric/user/BridgeModule:618424e6-e232-4057-b765-c097f13aa227/BridgeActor-UnityClient7ae0b48b-e520-47f0-8f48-953ea156b62f#-1088264330] to Actor[akka://akkaFabric/user/BridgeModule:618424e6-e232-4057-b765-c097f13aa227/BridgeActor-UnityClient7ae0b48b-e520-47f0-8f48-953ea156b62f#-1088264330] was not delivered. [8] dead letters encountered. This logging can be turned off or adjusted with configuration settings 'akka.log-dead-letters' and 'akka.log-dead-letters-during-shutdown'.
2017-11-16 01:15:07,010 INFO  [akka.actor.LocalActorRef] [akka://akkaFabric/user/BridgeModule:618424e6-e232-4057-b765-c097f13aa227/BridgeActor-UnityClient7ae0b48b-e520-47f0-8f48-953ea156b62f] [akkaFabric-akka.actor.default-dispatcher-4] [] : Message [improbable.fabric.internal.pubsub.PubSubMessageProto$PubSubMessage] from Actor[akka://akkaFabric/user/BridgeModule:618424e6-e232-4057-b765-c097f13aa227/BridgeActor-UnityClient7ae0b48b-e520-47f0-8f48-953ea156b62f#-1088264330] to Actor[akka://akkaFabric/user/BridgeModule:618424e6-e232-4057-b765-c097f13aa227/BridgeActor-UnityClient7ae0b48b-e520-47f0-8f48-953ea156b62f#-1088264330] was not delivered. [9] dead letters encountered. This logging can be turned off or adjusted with configuration settings 'akka.log-dead-letters' and 'akka.log-dead-letters-during-shutdown'.
2017-11-16 01:15:07,011 INFO  [akka.actor.LocalActorRef] [akka://akkaFabric/user/BridgeModule:618424e6-e232-4057-b765-c097f13aa227/BridgeActor-UnityClient7ae0b48b-e520-47f0-8f48-953ea156b62f] [akkaFabric-akka.actor.default-dispatcher-4] [] : Message [improbable.fabric.internal.pubsub.PubSubMessageProto$PubSubMessage] from Actor[akka://akkaFabric/user/BridgeModule:618424e6-e232-4057-b765-c097f13aa227/BridgeActor-UnityClient7ae0b48b-e520-47f0-8f48-953ea156b62f#-1088264330] to Actor[akka://akkaFabric/user/BridgeModule:618424e6-e232-4057-b765-c097f13aa227/BridgeActor-UnityClient7ae0b48b-e520-47f0-8f48-953ea156b62f#-1088264330] was not delivered. [10] dead letters encountered, no more dead letters will be logged. This logging can be turned off or adjusted with configuration settings 'akka.log-dead-letters' and 'akka.log-dead-letters-during-shutdown'.
2017-11-16 01:15:11,520 INFO  [i.b.n.BridgeActorTransportLinkListener] [] [] [] : TransportLinkListener(UnityClient959de2a0-d6ba-4758-b030-869b918def24) sending Disconnected to akka://akkaFabric/user/BridgeModule:618424e6-e232-4057-b765-c097f13aa227/BridgeActor-UnityClient959de2a0-d6ba-4758-b030-869b918def24
2017-11-16 01:15:11,526 INFO  [i.module.bridge.oracle.BridgeOracle] [] [] [] : Sending bridge stopped to self for bridge endpoint BridgeEndpoint(UnityClient959de2a0-d6ba-4758-b030-869b918def24)
2017-11-16 01:15:11,527 INFO  [i.module.bridge.oracle.BridgeOracle] [] [] [] : Bridge(UnityClient959de2a0-d6ba-4758-b030-869b918def24) stopped.
2017-11-16 01:15:11,528 INFO  [i.b.i.BridgeInternalServiceImpl] [] [] [] : Bridge worker_id: "UnityClient959de2a0-d6ba-4758-b030-869b918def24"
 unregistered with bridge internal service
2017-11-16 01:15:11,530 INFO  [improbable.bridge.BridgeActor] [] [] [] : Bridge(UnityClient959de2a0-d6ba-4758-b030-869b918def24) on BridgeModuleEndpoint(618424e6-e232-4057-b765-c097f13aa227) stopped.
2017-11-16 01:16:30,946 INFO  [i.b.s.BridgeServicePicker] [] [] [] : Attempting to get positionHint for UnityClient0e5a469e-44db-4fad-96c1-2383402b78ff via rpc
2017-11-16 01:16:30,947 INFO  [i.b.s.BridgeServicePicker] [] [] [] : Starting UnityClient0e5a469e-44db-4fad-96c1-2383402b78ff without a position hint, so using a random bridge service
2017-11-16 01:16:30,947 INFO  [i.m.b.o.m.BridgeModuleOracleActor] [] [] [] : BridgeServicePicker returned module Optional[legacy_guid: "618424e6-e232-4057-b765-c097f13aa227"
address {
  host: "127.0.0.1"
  port: 9019
}
] with load Optional[BridgeModuleLoadBalanceInfo((0.0, 0.0, 0.0),1)].get().toString() for Engine(UnityClient0e5a469e-44db-4fad-96c1-2383402b78ff)
2017-11-16 01:16:30,976 INFO  [i.b.i.BridgeInternalServiceImpl] [] [] [] : Bridge worker_id: "UnityClient0e5a469e-44db-4fad-96c1-2383402b78ff"
 registered with bridge internal service
2017-11-16 01:16:30,978 INFO  [i.b.o.s.BridgeOracleInternalServiceImpl] [] [] [] : Got bridge started rpc from bridge: worker_id: "UnityClient0e5a469e-44db-4fad-96c1-2383402b78ff"

2017-11-16 01:16:30,978 INFO  [i.b.o.s.BridgeOracleInternalServiceImpl] [] [] [] : The worker UnityClient0e5a469e-44db-4fad-96c1-2383402b78ff registered with SpatialOS successfully.
2017-11-16 01:16:30,979 INFO  [i.module.bridge.oracle.BridgeOracle] [] [] [] : Sending bridge started to self for bridge endpoint BridgeOracleEndpoint
2017-11-16 01:16:30,979 INFO  [i.module.bridge.oracle.BridgeOracle] [] [] [] : Bridge(UnityClient0e5a469e-44db-4fad-96c1-2383402b78ff) started.
2017-11-16 01:16:31,576 INFO  [i.b.n.raknet.GuardedRakPeerInterface] [] [] [] : New RakNet connection established with 127.0.0.1
2017-11-16 01:18:55,169 INFO  [i.b.n.BridgeActorTransportLinkListener] [] [] [] : TransportLinkListener(UnityClient0e5a469e-44db-4fad-96c1-2383402b78ff) sending Disconnected to akka://akkaFabric/user/BridgeModule:618424e6-e232-4057-b765-c097f13aa227/BridgeActor-UnityClient0e5a469e-44db-4fad-96c1-2383402b78ff
2017-11-16 01:18:55,172 INFO  [i.module.bridge.oracle.BridgeOracle] [] [] [] : Sending bridge stopped to self for bridge endpoint BridgeEndpoint(UnityClient0e5a469e-44db-4fad-96c1-2383402b78ff)
2017-11-16 01:18:55,173 INFO  [i.module.bridge.oracle.BridgeOracle] [] [] [] : Bridge(UnityClient0e5a469e-44db-4fad-96c1-2383402b78ff) stopped.
2017-11-16 01:18:55,176 INFO  [i.b.i.BridgeInternalServiceImpl] [] [] [] : Bridge worker_id: "UnityClient0e5a469e-44db-4fad-96c1-2383402b78ff"
 unregistered with bridge internal service
2017-11-16 01:18:55,179 INFO  [improbable.bridge.BridgeActor] [] [] [] : Bridge(UnityClient0e5a469e-44db-4fad-96c1-2383402b78ff) on BridgeModuleEndpoint(618424e6-e232-4057-b765-c097f13aa227) stopped.
